[     281ms] [LOG] JQMIGRATE: Migrate is installed, version 3.4.1 @ http://localhost:4333/mirror-assets/74e803ca7a5d9c94.js:1
[     744ms] ChunkLoadError: Loading chunk 557 failed.
(error: https://sorrisoesalutemonza.it/mirror-assets/missing.svgjs/shared-frontend-handlers.03caa53373b56d3bab67.bundle.min.js)
    at __webpack_require__.f.j (http://localhost:4333/mirror-assets/6f310ffb9f2e8fd6.js:1:4987)
    at http://localhost:4333/mirror-assets/6f310ffb9f2e8fd6.js:1:1452
    at Array.reduce (<anonymous>)
    at __webpack_require__.e (http://localhost:4333/mirror-assets/6f310ffb9f2e8fd6.js:1:1413)
    at http://localhost:4333/mirror-assets/8116d106bfdf4246.js:1:5209
    at http://localhost:4333/mirror-assets/8116d106bfdf4246.js:1:18452
    at _runHook (http://localhost:4333/mirror-assets/8116d106bfdf4246.js:1:15071)
    at Object.doAction (http://localhost:4333/mirror-assets/8116d106bfdf4246.js:1:15673)
    at e.exports.runReadyTrigger (http://localhost:4333/mirror-assets/8116d106bfdf4246.js:1:19682)
    at http://localhost:4333/mirror-assets/678fdc52c3b3d57b.js:1:12410
[     745ms] ChunkLoadError: Loading chunk 557 failed.
(error: https://sorrisoesalutemonza.it/mirror-assets/missing.svgjs/shared-frontend-handlers.03caa53373b56d3bab67.bundle.min.js)
    at __webpack_require__.f.j (http://localhost:4333/mirror-assets/6f310ffb9f2e8fd6.js:1:4987)
    at http://localhost:4333/mirror-assets/6f310ffb9f2e8fd6.js:1:1452
    at Array.reduce (<anonymous>)
    at __webpack_require__.e (http://localhost:4333/mirror-assets/6f310ffb9f2e8fd6.js:1:1413)
    at http://localhost:4333/mirror-assets/8116d106bfdf4246.js:1:5209
    at http://localhost:4333/mirror-assets/8116d106bfdf4246.js:1:18452
    at _runHook (http://localhost:4333/mirror-assets/8116d106bfdf4246.js:1:15071)
    at Object.doAction (http://localhost:4333/mirror-assets/8116d106bfdf4246.js:1:15673)
    at e.exports.runReadyTrigger (http://localhost:4333/mirror-assets/8116d106bfdf4246.js:1:19682)
    at http://localhost:4333/mirror-assets/678fdc52c3b3d57b.js:1:12410
[     745ms] ChunkLoadError: Loading chunk 557 failed.
(error: https://sorrisoesalutemonza.it/mirror-assets/missing.svgjs/shared-frontend-handlers.03caa53373b56d3bab67.bundle.min.js)
    at __webpack_require__.f.j (http://localhost:4333/mirror-assets/6f310ffb9f2e8fd6.js:1:4987)
    at http://localhost:4333/mirror-assets/6f310ffb9f2e8fd6.js:1:1452
    at Array.reduce (<anonymous>)
    at __webpack_require__.e (http://localhost:4333/mirror-assets/6f310ffb9f2e8fd6.js:1:1413)
    at http://localhost:4333/mirror-assets/8116d106bfdf4246.js:1:5209
    at http://localhost:4333/mirror-assets/8116d106bfdf4246.js:1:18452
    at _runHook (http://localhost:4333/mirror-assets/8116d106bfdf4246.js:1:15071)
    at Object.doAction (http://localhost:4333/mirror-assets/8116d106bfdf4246.js:1:15673)
    at e.exports.runReadyTrigger (http://localhost:4333/mirror-assets/8116d106bfdf4246.js:1:19682)
    at http://localhost:4333/mirror-assets/678fdc52c3b3d57b.js:1:12410
[     745ms] ChunkLoadError: Loading chunk 557 failed.
(error: https://sorrisoesalutemonza.it/mirror-assets/missing.svgjs/shared-frontend-handlers.03caa53373b56d3bab67.bundle.min.js)
    at __webpack_require__.f.j (http://localhost:4333/mirror-assets/6f310ffb9f2e8fd6.js:1:4987)
    at http://localhost:4333/mirror-assets/6f310ffb9f2e8fd6.js:1:1452
    at Array.reduce (<anonymous>)
    at __webpack_require__.e (http://localhost:4333/mirror-assets/6f310ffb9f2e8fd6.js:1:1413)
    at http://localhost:4333/mirror-assets/8116d106bfdf4246.js:1:5209
    at http://localhost:4333/mirror-assets/8116d106bfdf4246.js:1:18452
    at _runHook (http://localhost:4333/mirror-assets/8116d106bfdf4246.js:1:15071)
    at Object.doAction (http://localhost:4333/mirror-assets/8116d106bfdf4246.js:1:15673)
    at e.exports.runReadyTrigger (http://localhost:4333/mirror-assets/8116d106bfdf4246.js:1:19682)
    at http://localhost:4333/mirror-assets/678fdc52c3b3d57b.js:1:12410
[     745ms] ChunkLoadError: Loading chunk 557 failed.
(error: https://sorrisoesalutemonza.it/mirror-assets/missing.svgjs/shared-frontend-handlers.03caa53373b56d3bab67.bundle.min.js)
    at __webpack_require__.f.j (http://localhost:4333/mirror-assets/6f310ffb9f2e8fd6.js:1:4987)
    at http://localhost:4333/mirror-assets/6f310ffb9f2e8fd6.js:1:1452
    at Array.reduce (<anonymous>)
    at __webpack_require__.e (http://localhost:4333/mirror-assets/6f310ffb9f2e8fd6.js:1:1413)
    at http://localhost:4333/mirror-assets/8116d106bfdf4246.js:1:5209
    at http://localhost:4333/mirror-assets/8116d106bfdf4246.js:1:18452
    at _runHook (http://localhost:4333/mirror-assets/8116d106bfdf4246.js:1:15071)
    at Object.doAction (http://localhost:4333/mirror-assets/8116d106bfdf4246.js:1:15673)
    at e.exports.runReadyTrigger (http://localhost:4333/mirror-assets/8116d106bfdf4246.js:1:19682)
    at http://localhost:4333/mirror-assets/678fdc52c3b3d57b.js:1:12410
[     745ms] ChunkLoadError: Loading chunk 557 failed.
(error: https://sorrisoesalutemonza.it/mirror-assets/missing.svgjs/shared-frontend-handlers.03caa53373b56d3bab67.bundle.min.js)
    at __webpack_require__.f.j (http://localhost:4333/mirror-assets/6f310ffb9f2e8fd6.js:1:4987)
    at http://localhost:4333/mirror-assets/6f310ffb9f2e8fd6.js:1:1452
    at Array.reduce (<anonymous>)
    at __webpack_require__.e (http://localhost:4333/mirror-assets/6f310ffb9f2e8fd6.js:1:1413)
    at http://localhost:4333/mirror-assets/8116d106bfdf4246.js:1:5209
    at http://localhost:4333/mirror-assets/8116d106bfdf4246.js:1:18452
    at _runHook (http://localhost:4333/mirror-assets/8116d106bfdf4246.js:1:15071)
    at Object.doAction (http://localhost:4333/mirror-assets/8116d106bfdf4246.js:1:15673)
    at e.exports.runReadyTrigger (http://localhost:4333/mirror-assets/8116d106bfdf4246.js:1:19682)
    at http://localhost:4333/mirror-assets/678fdc52c3b3d57b.js:1:12410
[     746ms] ChunkLoadError: Loading chunk 557 failed.
(error: https://sorrisoesalutemonza.it/mirror-assets/missing.svgjs/shared-frontend-handlers.03caa53373b56d3bab67.bundle.min.js)
    at __webpack_require__.f.j (http://localhost:4333/mirror-assets/6f310ffb9f2e8fd6.js:1:4987)
    at http://localhost:4333/mirror-assets/6f310ffb9f2e8fd6.js:1:1452
    at Array.reduce (<anonymous>)
    at __webpack_require__.e (http://localhost:4333/mirror-assets/6f310ffb9f2e8fd6.js:1:1413)
    at http://localhost:4333/mirror-assets/8116d106bfdf4246.js:1:5209
    at http://localhost:4333/mirror-assets/8116d106bfdf4246.js:1:18452
    at _runHook (http://localhost:4333/mirror-assets/8116d106bfdf4246.js:1:15071)
    at Object.doAction (http://localhost:4333/mirror-assets/8116d106bfdf4246.js:1:15673)
    at e.exports.runReadyTrigger (http://localhost:4333/mirror-assets/8116d106bfdf4246.js:1:19682)
    at http://localhost:4333/mirror-assets/678fdc52c3b3d57b.js:1:12410
[     746ms] ChunkLoadError: Loading chunk 557 failed.
(error: https://sorrisoesalutemonza.it/mirror-assets/missing.svgjs/shared-frontend-handlers.03caa53373b56d3bab67.bundle.min.js)
    at __webpack_require__.f.j (http://localhost:4333/mirror-assets/6f310ffb9f2e8fd6.js:1:4987)
    at http://localhost:4333/mirror-assets/6f310ffb9f2e8fd6.js:1:1452
    at Array.reduce (<anonymous>)
    at __webpack_require__.e (http://localhost:4333/mirror-assets/6f310ffb9f2e8fd6.js:1:1413)
    at http://localhost:4333/mirror-assets/8116d106bfdf4246.js:1:5209
    at http://localhost:4333/mirror-assets/8116d106bfdf4246.js:1:18452
    at _runHook (http://localhost:4333/mirror-assets/8116d106bfdf4246.js:1:15071)
    at Object.doAction (http://localhost:4333/mirror-assets/8116d106bfdf4246.js:1:15673)
    at e.exports.runReadyTrigger (http://localhost:4333/mirror-assets/8116d106bfdf4246.js:1:19682)
    at http://localhost:4333/mirror-assets/678fdc52c3b3d57b.js:1:12410
[     746ms] ChunkLoadError: Loading chunk 557 failed.
(error: https://sorrisoesalutemonza.it/mirror-assets/missing.svgjs/shared-frontend-handlers.03caa53373b56d3bab67.bundle.min.js)
    at __webpack_require__.f.j (http://localhost:4333/mirror-assets/6f310ffb9f2e8fd6.js:1:4987)
    at http://localhost:4333/mirror-assets/6f310ffb9f2e8fd6.js:1:1452
    at Array.reduce (<anonymous>)
    at __webpack_require__.e (http://localhost:4333/mirror-assets/6f310ffb9f2e8fd6.js:1:1413)
    at http://localhost:4333/mirror-assets/8116d106bfdf4246.js:1:5209
    at http://localhost:4333/mirror-assets/8116d106bfdf4246.js:1:18452
    at _runHook (http://localhost:4333/mirror-assets/8116d106bfdf4246.js:1:15071)
    at Object.doAction (http://localhost:4333/mirror-assets/8116d106bfdf4246.js:1:15673)
    at e.exports.runReadyTrigger (http://localhost:4333/mirror-assets/8116d106bfdf4246.js:1:19682)
    at http://localhost:4333/mirror-assets/678fdc52c3b3d57b.js:1:12410
[     746ms] ChunkLoadError: Loading chunk 557 failed.
(error: https://sorrisoesalutemonza.it/mirror-assets/missing.svgjs/shared-frontend-handlers.03caa53373b56d3bab67.bundle.min.js)
    at __webpack_require__.f.j (http://localhost:4333/mirror-assets/6f310ffb9f2e8fd6.js:1:4987)
    at http://localhost:4333/mirror-assets/6f310ffb9f2e8fd6.js:1:1452
    at Array.reduce (<anonymous>)
    at __webpack_require__.e (http://localhost:4333/mirror-assets/6f310ffb9f2e8fd6.js:1:1413)
    at http://localhost:4333/mirror-assets/8116d106bfdf4246.js:1:5209
    at http://localhost:4333/mirror-assets/8116d106bfdf4246.js:1:18452
    at _runHook (http://localhost:4333/mirror-assets/8116d106bfdf4246.js:1:15071)
    at Object.doAction (http://localhost:4333/mirror-assets/8116d106bfdf4246.js:1:15673)
    at e.exports.runReadyTrigger (http://localhost:4333/mirror-assets/8116d106bfdf4246.js:1:19682)
    at http://localhost:4333/mirror-assets/678fdc52c3b3d57b.js:1:12410
[     746ms] ChunkLoadError: Loading chunk 557 failed.
(error: https://sorrisoesalutemonza.it/mirror-assets/missing.svgjs/shared-frontend-handlers.03caa53373b56d3bab67.bundle.min.js)
    at __webpack_require__.f.j (http://localhost:4333/mirror-assets/6f310ffb9f2e8fd6.js:1:4987)
    at http://localhost:4333/mirror-assets/6f310ffb9f2e8fd6.js:1:1452
    at Array.reduce (<anonymous>)
    at __webpack_require__.e (http://localhost:4333/mirror-assets/6f310ffb9f2e8fd6.js:1:1413)
    at http://localhost:4333/mirror-assets/8116d106bfdf4246.js:1:5209
    at http://localhost:4333/mirror-assets/8116d106bfdf4246.js:1:18452
    at _runHook (http://localhost:4333/mirror-assets/8116d106bfdf4246.js:1:15071)
    at Object.doAction (http://localhost:4333/mirror-assets/8116d106bfdf4246.js:1:15673)
    at e.exports.runReadyTrigger (http://localhost:4333/mirror-assets/8116d106bfdf4246.js:1:19682)
    at http://localhost:4333/mirror-assets/678fdc52c3b3d57b.js:1:12410
[     746ms] ChunkLoadError: Loading chunk 557 failed.
(error: https://sorrisoesalutemonza.it/mirror-assets/missing.svgjs/shared-frontend-handlers.03caa53373b56d3bab67.bundle.min.js)
    at __webpack_require__.f.j (http://localhost:4333/mirror-assets/6f310ffb9f2e8fd6.js:1:4987)
    at http://localhost:4333/mirror-assets/6f310ffb9f2e8fd6.js:1:1452
    at Array.reduce (<anonymous>)
    at __webpack_require__.e (http://localhost:4333/mirror-assets/6f310ffb9f2e8fd6.js:1:1413)
    at http://localhost:4333/mirror-assets/8116d106bfdf4246.js:1:5209
    at http://localhost:4333/mirror-assets/8116d106bfdf4246.js:1:18452
    at _runHook (http://localhost:4333/mirror-assets/8116d106bfdf4246.js:1:15071)
    at Object.doAction (http://localhost:4333/mirror-assets/8116d106bfdf4246.js:1:15673)
    at e.exports.runReadyTrigger (http://localhost:4333/mirror-assets/8116d106bfdf4246.js:1:19682)
    at http://localhost:4333/mirror-assets/678fdc52c3b3d57b.js:1:12410
[     746ms] ChunkLoadError: Loading chunk 557 failed.
(error: https://sorrisoesalutemonza.it/mirror-assets/missing.svgjs/shared-frontend-handlers.03caa53373b56d3bab67.bundle.min.js)
    at __webpack_require__.f.j (http://localhost:4333/mirror-assets/6f310ffb9f2e8fd6.js:1:4987)
    at http://localhost:4333/mirror-assets/6f310ffb9f2e8fd6.js:1:1452
    at Array.reduce (<anonymous>)
    at __webpack_require__.e (http://localhost:4333/mirror-assets/6f310ffb9f2e8fd6.js:1:1413)
    at http://localhost:4333/mirror-assets/8116d106bfdf4246.js:1:5209
    at http://localhost:4333/mirror-assets/8116d106bfdf4246.js:1:18452
    at _runHook (http://localhost:4333/mirror-assets/8116d106bfdf4246.js:1:15071)
    at Object.doAction (http://localhost:4333/mirror-assets/8116d106bfdf4246.js:1:15673)
    at e.exports.runReadyTrigger (http://localhost:4333/mirror-assets/8116d106bfdf4246.js:1:19682)
    at http://localhost:4333/mirror-assets/678fdc52c3b3d57b.js:1:12410
[     746ms] ChunkLoadError: Loading chunk 557 failed.
(error: https://sorrisoesalutemonza.it/mirror-assets/missing.svgjs/shared-frontend-handlers.03caa53373b56d3bab67.bundle.min.js)
    at __webpack_require__.f.j (http://localhost:4333/mirror-assets/6f310ffb9f2e8fd6.js:1:4987)
    at http://localhost:4333/mirror-assets/6f310ffb9f2e8fd6.js:1:1452
    at Array.reduce (<anonymous>)
    at __webpack_require__.e (http://localhost:4333/mirror-assets/6f310ffb9f2e8fd6.js:1:1413)
    at http://localhost:4333/mirror-assets/8116d106bfdf4246.js:1:5209
    at http://localhost:4333/mirror-assets/8116d106bfdf4246.js:1:18452
    at _runHook (http://localhost:4333/mirror-assets/8116d106bfdf4246.js:1:15071)
    at Object.doAction (http://localhost:4333/mirror-assets/8116d106bfdf4246.js:1:15673)
    at e.exports.runReadyTrigger (http://localhost:4333/mirror-assets/8116d106bfdf4246.js:1:19682)
    at http://localhost:4333/mirror-assets/678fdc52c3b3d57b.js:1:12410
[     746ms] ChunkLoadError: Loading chunk 557 failed.
(error: https://sorrisoesalutemonza.it/mirror-assets/missing.svgjs/shared-frontend-handlers.03caa53373b56d3bab67.bundle.min.js)
    at __webpack_require__.f.j (http://localhost:4333/mirror-assets/6f310ffb9f2e8fd6.js:1:4987)
    at http://localhost:4333/mirror-assets/6f310ffb9f2e8fd6.js:1:1452
    at Array.reduce (<anonymous>)
    at __webpack_require__.e (http://localhost:4333/mirror-assets/6f310ffb9f2e8fd6.js:1:1413)
    at http://localhost:4333/mirror-assets/8116d106bfdf4246.js:1:5209
    at http://localhost:4333/mirror-assets/8116d106bfdf4246.js:1:18452
    at _runHook (http://localhost:4333/mirror-assets/8116d106bfdf4246.js:1:15071)
    at Object.doAction (http://localhost:4333/mirror-assets/8116d106bfdf4246.js:1:15673)
    at e.exports.runReadyTrigger (http://localhost:4333/mirror-assets/8116d106bfdf4246.js:1:19682)
    at http://localhost:4333/mirror-assets/678fdc52c3b3d57b.js:1:12410
[     748ms] ChunkLoadError: Loading chunk 557 failed.
(error: https://sorrisoesalutemonza.it/mirror-assets/missing.svgjs/shared-frontend-handlers.03caa53373b56d3bab67.bundle.min.js)
    at __webpack_require__.f.j (http://localhost:4333/mirror-assets/6f310ffb9f2e8fd6.js:1:4987)
    at http://localhost:4333/mirror-assets/6f310ffb9f2e8fd6.js:1:1452
    at Array.reduce (<anonymous>)
    at __webpack_require__.e (http://localhost:4333/mirror-assets/6f310ffb9f2e8fd6.js:1:1413)
    at http://localhost:4333/mirror-assets/8116d106bfdf4246.js:1:5209
    at http://localhost:4333/mirror-assets/8116d106bfdf4246.js:1:18452
    at _runHook (http://localhost:4333/mirror-assets/8116d106bfdf4246.js:1:15071)
    at Object.doAction (http://localhost:4333/mirror-assets/8116d106bfdf4246.js:1:15673)
    at e.exports.runReadyTrigger (http://localhost:4333/mirror-assets/8116d106bfdf4246.js:1:19682)
    at http://localhost:4333/mirror-assets/678fdc52c3b3d57b.js:1:12410
[     748ms] ChunkLoadError: Loading chunk 557 failed.
(error: https://sorrisoesalutemonza.it/mirror-assets/missing.svgjs/shared-frontend-handlers.03caa53373b56d3bab67.bundle.min.js)
    at __webpack_require__.f.j (http://localhost:4333/mirror-assets/6f310ffb9f2e8fd6.js:1:4987)
    at http://localhost:4333/mirror-assets/6f310ffb9f2e8fd6.js:1:1452
    at Array.reduce (<anonymous>)
    at __webpack_require__.e (http://localhost:4333/mirror-assets/6f310ffb9f2e8fd6.js:1:1413)
    at http://localhost:4333/mirror-assets/8116d106bfdf4246.js:1:5209
    at http://localhost:4333/mirror-assets/8116d106bfdf4246.js:1:18452
    at _runHook (http://localhost:4333/mirror-assets/8116d106bfdf4246.js:1:15071)
    at Object.doAction (http://localhost:4333/mirror-assets/8116d106bfdf4246.js:1:15673)
    at e.exports.runReadyTrigger (http://localhost:4333/mirror-assets/8116d106bfdf4246.js:1:19682)
    at http://localhost:4333/mirror-assets/678fdc52c3b3d57b.js:1:12410
[     748ms] ChunkLoadError: Loading chunk 557 failed.
(error: https://sorrisoesalutemonza.it/mirror-assets/missing.svgjs/shared-frontend-handlers.03caa53373b56d3bab67.bundle.min.js)
    at __webpack_require__.f.j (http://localhost:4333/mirror-assets/6f310ffb9f2e8fd6.js:1:4987)
    at http://localhost:4333/mirror-assets/6f310ffb9f2e8fd6.js:1:1452
    at Array.reduce (<anonymous>)
    at __webpack_require__.e (http://localhost:4333/mirror-assets/6f310ffb9f2e8fd6.js:1:1413)
    at http://localhost:4333/mirror-assets/8116d106bfdf4246.js:1:5209
    at http://localhost:4333/mirror-assets/8116d106bfdf4246.js:1:18452
    at _runHook (http://localhost:4333/mirror-assets/8116d106bfdf4246.js:1:15071)
    at Object.doAction (http://localhost:4333/mirror-assets/8116d106bfdf4246.js:1:15673)
    at e.exports.runReadyTrigger (http://localhost:4333/mirror-assets/8116d106bfdf4246.js:1:19682)
    at http://localhost:4333/mirror-assets/678fdc52c3b3d57b.js:1:12410
[     748ms] ChunkLoadError: Loading chunk 557 failed.
(error: https://sorrisoesalutemonza.it/mirror-assets/missing.svgjs/shared-frontend-handlers.03caa53373b56d3bab67.bundle.min.js)
    at __webpack_require__.f.j (http://localhost:4333/mirror-assets/6f310ffb9f2e8fd6.js:1:4987)
    at http://localhost:4333/mirror-assets/6f310ffb9f2e8fd6.js:1:1452
    at Array.reduce (<anonymous>)
    at __webpack_require__.e (http://localhost:4333/mirror-assets/6f310ffb9f2e8fd6.js:1:1413)
    at http://localhost:4333/mirror-assets/8116d106bfdf4246.js:1:5209
    at http://localhost:4333/mirror-assets/8116d106bfdf4246.js:1:18452
    at _runHook (http://localhost:4333/mirror-assets/8116d106bfdf4246.js:1:15071)
    at Object.doAction (http://localhost:4333/mirror-assets/8116d106bfdf4246.js:1:15673)
    at e.exports.runReadyTrigger (http://localhost:4333/mirror-assets/8116d106bfdf4246.js:1:19682)
    at http://localhost:4333/mirror-assets/678fdc52c3b3d57b.js:1:12410
[     748ms] ChunkLoadError: Loading chunk 557 failed.
(error: https://sorrisoesalutemonza.it/mirror-assets/missing.svgjs/shared-frontend-handlers.03caa53373b56d3bab67.bundle.min.js)
    at __webpack_require__.f.j (http://localhost:4333/mirror-assets/6f310ffb9f2e8fd6.js:1:4987)
    at http://localhost:4333/mirror-assets/6f310ffb9f2e8fd6.js:1:1452
    at Array.reduce (<anonymous>)
    at __webpack_require__.e (http://localhost:4333/mirror-assets/6f310ffb9f2e8fd6.js:1:1413)
    at http://localhost:4333/mirror-assets/8116d106bfdf4246.js:1:5209
    at http://localhost:4333/mirror-assets/8116d106bfdf4246.js:1:18452
    at _runHook (http://localhost:4333/mirror-assets/8116d106bfdf4246.js:1:15071)
    at Object.doAction (http://localhost:4333/mirror-assets/8116d106bfdf4246.js:1:15673)
    at e.exports.runReadyTrigger (http://localhost:4333/mirror-assets/8116d106bfdf4246.js:1:19682)
    at http://localhost:4333/mirror-assets/678fdc52c3b3d57b.js:1:12410
[     748ms] ChunkLoadError: Loading chunk 557 failed.
(error: https://sorrisoesalutemonza.it/mirror-assets/missing.svgjs/shared-frontend-handlers.03caa53373b56d3bab67.bundle.min.js)
    at __webpack_require__.f.j (http://localhost:4333/mirror-assets/6f310ffb9f2e8fd6.js:1:4987)
    at http://localhost:4333/mirror-assets/6f310ffb9f2e8fd6.js:1:1452
    at Array.reduce (<anonymous>)
    at __webpack_require__.e (http://localhost:4333/mirror-assets/6f310ffb9f2e8fd6.js:1:1413)
    at http://localhost:4333/mirror-assets/8116d106bfdf4246.js:1:5209
    at http://localhost:4333/mirror-assets/8116d106bfdf4246.js:1:18452
    at _runHook (http://localhost:4333/mirror-assets/8116d106bfdf4246.js:1:15071)
    at Object.doAction (http://localhost:4333/mirror-assets/8116d106bfdf4246.js:1:15673)
    at e.exports.runReadyTrigger (http://localhost:4333/mirror-assets/8116d106bfdf4246.js:1:19682)
    at http://localhost:4333/mirror-assets/678fdc52c3b3d57b.js:1:12410
[     749ms] ChunkLoadError: Loading chunk 557 failed.
(error: https://sorrisoesalutemonza.it/mirror-assets/missing.svgjs/shared-frontend-handlers.03caa53373b56d3bab67.bundle.min.js)
    at __webpack_require__.f.j (http://localhost:4333/mirror-assets/6f310ffb9f2e8fd6.js:1:4987)
    at http://localhost:4333/mirror-assets/6f310ffb9f2e8fd6.js:1:1452
    at Array.reduce (<anonymous>)
    at __webpack_require__.e (http://localhost:4333/mirror-assets/6f310ffb9f2e8fd6.js:1:1413)
    at http://localhost:4333/mirror-assets/8116d106bfdf4246.js:1:5209
    at http://localhost:4333/mirror-assets/8116d106bfdf4246.js:1:18452
    at _runHook (http://localhost:4333/mirror-assets/8116d106bfdf4246.js:1:15071)
    at Object.doAction (http://localhost:4333/mirror-assets/8116d106bfdf4246.js:1:15673)
    at e.exports.runReadyTrigger (http://localhost:4333/mirror-assets/8116d106bfdf4246.js:1:19682)
    at http://localhost:4333/mirror-assets/678fdc52c3b3d57b.js:1:12410
[     749ms] ChunkLoadError: Loading chunk 557 failed.
(error: https://sorrisoesalutemonza.it/mirror-assets/missing.svgjs/shared-frontend-handlers.03caa53373b56d3bab67.bundle.min.js)
    at __webpack_require__.f.j (http://localhost:4333/mirror-assets/6f310ffb9f2e8fd6.js:1:4987)
    at http://localhost:4333/mirror-assets/6f310ffb9f2e8fd6.js:1:1452
    at Array.reduce (<anonymous>)
    at __webpack_require__.e (http://localhost:4333/mirror-assets/6f310ffb9f2e8fd6.js:1:1413)
    at http://localhost:4333/mirror-assets/8116d106bfdf4246.js:1:5209
    at http://localhost:4333/mirror-assets/8116d106bfdf4246.js:1:18452
    at _runHook (http://localhost:4333/mirror-assets/8116d106bfdf4246.js:1:15071)
    at Object.doAction (http://localhost:4333/mirror-assets/8116d106bfdf4246.js:1:15673)
    at e.exports.runReadyTrigger (http://localhost:4333/mirror-assets/8116d106bfdf4246.js:1:19682)
    at http://localhost:4333/mirror-assets/678fdc52c3b3d57b.js:1:12410
[     749ms] ChunkLoadError: Loading chunk 557 failed.
(error: https://sorrisoesalutemonza.it/mirror-assets/missing.svgjs/shared-frontend-handlers.03caa53373b56d3bab67.bundle.min.js)
    at __webpack_require__.f.j (http://localhost:4333/mirror-assets/6f310ffb9f2e8fd6.js:1:4987)
    at http://localhost:4333/mirror-assets/6f310ffb9f2e8fd6.js:1:1452
    at Array.reduce (<anonymous>)
    at __webpack_require__.e (http://localhost:4333/mirror-assets/6f310ffb9f2e8fd6.js:1:1413)
    at http://localhost:4333/mirror-assets/8116d106bfdf4246.js:1:5209
    at http://localhost:4333/mirror-assets/8116d106bfdf4246.js:1:18452
    at _runHook (http://localhost:4333/mirror-assets/8116d106bfdf4246.js:1:15071)
    at Object.doAction (http://localhost:4333/mirror-assets/8116d106bfdf4246.js:1:15673)
    at e.exports.runReadyTrigger (http://localhost:4333/mirror-assets/8116d106bfdf4246.js:1:19682)
    at http://localhost:4333/mirror-assets/678fdc52c3b3d57b.js:1:12410
[     749ms] ChunkLoadError: Loading chunk 557 failed.
(error: https://sorrisoesalutemonza.it/mirror-assets/missing.svgjs/shared-frontend-handlers.03caa53373b56d3bab67.bundle.min.js)
    at __webpack_require__.f.j (http://localhost:4333/mirror-assets/6f310ffb9f2e8fd6.js:1:4987)
    at http://localhost:4333/mirror-assets/6f310ffb9f2e8fd6.js:1:1452
    at Array.reduce (<anonymous>)
    at __webpack_require__.e (http://localhost:4333/mirror-assets/6f310ffb9f2e8fd6.js:1:1413)
    at http://localhost:4333/mirror-assets/8116d106bfdf4246.js:1:5209
    at http://localhost:4333/mirror-assets/8116d106bfdf4246.js:1:18452
    at _runHook (http://localhost:4333/mirror-assets/8116d106bfdf4246.js:1:15071)
    at Object.doAction (http://localhost:4333/mirror-assets/8116d106bfdf4246.js:1:15673)
    at e.exports.runReadyTrigger (http://localhost:4333/mirror-assets/8116d106bfdf4246.js:1:19682)
    at http://localhost:4333/mirror-assets/678fdc52c3b3d57b.js:1:12410
[     749ms] ChunkLoadError: Loading chunk 557 failed.
(error: https://sorrisoesalutemonza.it/mirror-assets/missing.svgjs/shared-frontend-handlers.03caa53373b56d3bab67.bundle.min.js)
    at __webpack_require__.f.j (http://localhost:4333/mirror-assets/6f310ffb9f2e8fd6.js:1:4987)
    at http://localhost:4333/mirror-assets/6f310ffb9f2e8fd6.js:1:1452
    at Array.reduce (<anonymous>)
    at __webpack_require__.e (http://localhost:4333/mirror-assets/6f310ffb9f2e8fd6.js:1:1413)
    at http://localhost:4333/mirror-assets/8116d106bfdf4246.js:1:5209
    at http://localhost:4333/mirror-assets/8116d106bfdf4246.js:1:18452
    at _runHook (http://localhost:4333/mirror-assets/8116d106bfdf4246.js:1:15071)
    at Object.doAction (http://localhost:4333/mirror-assets/8116d106bfdf4246.js:1:15673)
    at e.exports.runReadyTrigger (http://localhost:4333/mirror-assets/8116d106bfdf4246.js:1:19682)
    at http://localhost:4333/mirror-assets/678fdc52c3b3d57b.js:1:12410
[     749ms] ChunkLoadError: Loading chunk 557 failed.
(error: https://sorrisoesalutemonza.it/mirror-assets/missing.svgjs/shared-frontend-handlers.03caa53373b56d3bab67.bundle.min.js)
    at __webpack_require__.f.j (http://localhost:4333/mirror-assets/6f310ffb9f2e8fd6.js:1:4987)
    at http://localhost:4333/mirror-assets/6f310ffb9f2e8fd6.js:1:1452
    at Array.reduce (<anonymous>)
    at __webpack_require__.e (http://localhost:4333/mirror-assets/6f310ffb9f2e8fd6.js:1:1413)
    at http://localhost:4333/mirror-assets/8116d106bfdf4246.js:1:5209
    at http://localhost:4333/mirror-assets/8116d106bfdf4246.js:1:18452
    at _runHook (http://localhost:4333/mirror-assets/8116d106bfdf4246.js:1:15071)
    at Object.doAction (http://localhost:4333/mirror-assets/8116d106bfdf4246.js:1:15673)
    at e.exports.runReadyTrigger (http://localhost:4333/mirror-assets/8116d106bfdf4246.js:1:19682)
    at http://localhost:4333/mirror-assets/678fdc52c3b3d57b.js:1:12410
[     749ms] ChunkLoadError: Loading chunk 557 failed.
(error: https://sorrisoesalutemonza.it/mirror-assets/missing.svgjs/shared-frontend-handlers.03caa53373b56d3bab67.bundle.min.js)
    at __webpack_require__.f.j (http://localhost:4333/mirror-assets/6f310ffb9f2e8fd6.js:1:4987)
    at http://localhost:4333/mirror-assets/6f310ffb9f2e8fd6.js:1:1452
    at Array.reduce (<anonymous>)
    at __webpack_require__.e (http://localhost:4333/mirror-assets/6f310ffb9f2e8fd6.js:1:1413)
    at http://localhost:4333/mirror-assets/8116d106bfdf4246.js:1:5209
    at http://localhost:4333/mirror-assets/8116d106bfdf4246.js:1:18452
    at _runHook (http://localhost:4333/mirror-assets/8116d106bfdf4246.js:1:15071)
    at Object.doAction (http://localhost:4333/mirror-assets/8116d106bfdf4246.js:1:15673)
    at e.exports.runReadyTrigger (http://localhost:4333/mirror-assets/8116d106bfdf4246.js:1:19682)
    at http://localhost:4333/mirror-assets/678fdc52c3b3d57b.js:1:12410
[     749ms] ChunkLoadError: Loading chunk 557 failed.
(error: https://sorrisoesalutemonza.it/mirror-assets/missing.svgjs/shared-frontend-handlers.03caa53373b56d3bab67.bundle.min.js)
    at __webpack_require__.f.j (http://localhost:4333/mirror-assets/6f310ffb9f2e8fd6.js:1:4987)
    at http://localhost:4333/mirror-assets/6f310ffb9f2e8fd6.js:1:1452
    at Array.reduce (<anonymous>)
    at __webpack_require__.e (http://localhost:4333/mirror-assets/6f310ffb9f2e8fd6.js:1:1413)
    at http://localhost:4333/mirror-assets/8116d106bfdf4246.js:1:5209
    at http://localhost:4333/mirror-assets/8116d106bfdf4246.js:1:18452
    at _runHook (http://localhost:4333/mirror-assets/8116d106bfdf4246.js:1:15071)
    at Object.doAction (http://localhost:4333/mirror-assets/8116d106bfdf4246.js:1:15673)
    at e.exports.runReadyTrigger (http://localhost:4333/mirror-assets/8116d106bfdf4246.js:1:19682)
    at http://localhost:4333/mirror-assets/678fdc52c3b3d57b.js:1:12410
[     749ms] ChunkLoadError: Loading chunk 557 failed.
(error: https://sorrisoesalutemonza.it/mirror-assets/missing.svgjs/shared-frontend-handlers.03caa53373b56d3bab67.bundle.min.js)
    at __webpack_require__.f.j (http://localhost:4333/mirror-assets/6f310ffb9f2e8fd6.js:1:4987)
    at http://localhost:4333/mirror-assets/6f310ffb9f2e8fd6.js:1:1452
    at Array.reduce (<anonymous>)
    at __webpack_require__.e (http://localhost:4333/mirror-assets/6f310ffb9f2e8fd6.js:1:1413)
    at http://localhost:4333/mirror-assets/8116d106bfdf4246.js:1:5209
    at http://localhost:4333/mirror-assets/8116d106bfdf4246.js:1:18452
    at _runHook (http://localhost:4333/mirror-assets/8116d106bfdf4246.js:1:15071)
    at Object.doAction (http://localhost:4333/mirror-assets/8116d106bfdf4246.js:1:15673)
    at e.exports.runReadyTrigger (http://localhost:4333/mirror-assets/8116d106bfdf4246.js:1:19682)
    at http://localhost:4333/mirror-assets/678fdc52c3b3d57b.js:1:12410
[     750ms] ChunkLoadError: Loading chunk 557 failed.
(error: https://sorrisoesalutemonza.it/mirror-assets/missing.svgjs/shared-frontend-handlers.03caa53373b56d3bab67.bundle.min.js)
    at __webpack_require__.f.j (http://localhost:4333/mirror-assets/6f310ffb9f2e8fd6.js:1:4987)
    at http://localhost:4333/mirror-assets/6f310ffb9f2e8fd6.js:1:1452
    at Array.reduce (<anonymous>)
    at __webpack_require__.e (http://localhost:4333/mirror-assets/6f310ffb9f2e8fd6.js:1:1413)
    at http://localhost:4333/mirror-assets/8116d106bfdf4246.js:1:5209
    at http://localhost:4333/mirror-assets/8116d106bfdf4246.js:1:18452
    at _runHook (http://localhost:4333/mirror-assets/8116d106bfdf4246.js:1:15071)
    at Object.doAction (http://localhost:4333/mirror-assets/8116d106bfdf4246.js:1:15673)
    at e.exports.runReadyTrigger (http://localhost:4333/mirror-assets/8116d106bfdf4246.js:1:19682)
    at http://localhost:4333/mirror-assets/678fdc52c3b3d57b.js:1:12410
[     750ms] ChunkLoadError: Loading chunk 557 failed.
(error: https://sorrisoesalutemonza.it/mirror-assets/missing.svgjs/shared-frontend-handlers.03caa53373b56d3bab67.bundle.min.js)
    at __webpack_require__.f.j (http://localhost:4333/mirror-assets/6f310ffb9f2e8fd6.js:1:4987)
    at http://localhost:4333/mirror-assets/6f310ffb9f2e8fd6.js:1:1452
    at Array.reduce (<anonymous>)
    at __webpack_require__.e (http://localhost:4333/mirror-assets/6f310ffb9f2e8fd6.js:1:1413)
    at http://localhost:4333/mirror-assets/8116d106bfdf4246.js:1:5209
    at http://localhost:4333/mirror-assets/8116d106bfdf4246.js:1:18452
    at _runHook (http://localhost:4333/mirror-assets/8116d106bfdf4246.js:1:15071)
    at Object.doAction (http://localhost:4333/mirror-assets/8116d106bfdf4246.js:1:15673)
    at e.exports.runReadyTrigger (http://localhost:4333/mirror-assets/8116d106bfdf4246.js:1:19682)
    at http://localhost:4333/mirror-assets/678fdc52c3b3d57b.js:1:12410
[     752ms] ChunkLoadError: Loading chunk 557 failed.
(error: https://sorrisoesalutemonza.it/mirror-assets/missing.svgjs/shared-frontend-handlers.03caa53373b56d3bab67.bundle.min.js)
    at __webpack_require__.f.j (http://localhost:4333/mirror-assets/6f310ffb9f2e8fd6.js:1:4987)
    at http://localhost:4333/mirror-assets/6f310ffb9f2e8fd6.js:1:1452
    at Array.reduce (<anonymous>)
    at __webpack_require__.e (http://localhost:4333/mirror-assets/6f310ffb9f2e8fd6.js:1:1413)
    at http://localhost:4333/mirror-assets/8116d106bfdf4246.js:1:5209
    at http://localhost:4333/mirror-assets/8116d106bfdf4246.js:1:18452
    at _runHook (http://localhost:4333/mirror-assets/8116d106bfdf4246.js:1:15071)
    at Object.doAction (http://localhost:4333/mirror-assets/8116d106bfdf4246.js:1:15673)
    at e.exports.runReadyTrigger (http://localhost:4333/mirror-assets/8116d106bfdf4246.js:1:19682)
    at http://localhost:4333/mirror-assets/678fdc52c3b3d57b.js:1:12410
[     752ms] ChunkLoadError: Loading chunk 557 failed.
(error: https://sorrisoesalutemonza.it/mirror-assets/missing.svgjs/shared-frontend-handlers.03caa53373b56d3bab67.bundle.min.js)
    at __webpack_require__.f.j (http://localhost:4333/mirror-assets/6f310ffb9f2e8fd6.js:1:4987)
    at http://localhost:4333/mirror-assets/6f310ffb9f2e8fd6.js:1:1452
    at Array.reduce (<anonymous>)
    at __webpack_require__.e (http://localhost:4333/mirror-assets/6f310ffb9f2e8fd6.js:1:1413)
    at http://localhost:4333/mirror-assets/8116d106bfdf4246.js:1:5209
    at http://localhost:4333/mirror-assets/8116d106bfdf4246.js:1:18452
    at _runHook (http://localhost:4333/mirror-assets/8116d106bfdf4246.js:1:15071)
    at Object.doAction (http://localhost:4333/mirror-assets/8116d106bfdf4246.js:1:15673)
    at e.exports.runReadyTrigger (http://localhost:4333/mirror-assets/8116d106bfdf4246.js:1:19682)
    at http://localhost:4333/mirror-assets/678fdc52c3b3d57b.js:1:12410
[     752ms] ChunkLoadError: Loading chunk 557 failed.
(error: https://sorrisoesalutemonza.it/mirror-assets/missing.svgjs/shared-frontend-handlers.03caa53373b56d3bab67.bundle.min.js)
    at __webpack_require__.f.j (http://localhost:4333/mirror-assets/6f310ffb9f2e8fd6.js:1:4987)
    at http://localhost:4333/mirror-assets/6f310ffb9f2e8fd6.js:1:1452
    at Array.reduce (<anonymous>)
    at __webpack_require__.e (http://localhost:4333/mirror-assets/6f310ffb9f2e8fd6.js:1:1413)
    at http://localhost:4333/mirror-assets/8116d106bfdf4246.js:1:5209
    at http://localhost:4333/mirror-assets/8116d106bfdf4246.js:1:18452
    at _runHook (http://localhost:4333/mirror-assets/8116d106bfdf4246.js:1:15071)
    at Object.doAction (http://localhost:4333/mirror-assets/8116d106bfdf4246.js:1:15673)
    at e.exports.runReadyTrigger (http://localhost:4333/mirror-assets/8116d106bfdf4246.js:1:19682)
    at http://localhost:4333/mirror-assets/678fdc52c3b3d57b.js:1:12410
[     752ms] ChunkLoadError: Loading chunk 557 failed.
(error: https://sorrisoesalutemonza.it/mirror-assets/missing.svgjs/shared-frontend-handlers.03caa53373b56d3bab67.bundle.min.js)
    at __webpack_require__.f.j (http://localhost:4333/mirror-assets/6f310ffb9f2e8fd6.js:1:4987)
    at http://localhost:4333/mirror-assets/6f310ffb9f2e8fd6.js:1:1452
    at Array.reduce (<anonymous>)
    at __webpack_require__.e (http://localhost:4333/mirror-assets/6f310ffb9f2e8fd6.js:1:1413)
    at http://localhost:4333/mirror-assets/8116d106bfdf4246.js:1:5209
    at http://localhost:4333/mirror-assets/8116d106bfdf4246.js:1:18452
    at _runHook (http://localhost:4333/mirror-assets/8116d106bfdf4246.js:1:15071)
    at Object.doAction (http://localhost:4333/mirror-assets/8116d106bfdf4246.js:1:15673)
    at e.exports.runReadyTrigger (http://localhost:4333/mirror-assets/8116d106bfdf4246.js:1:19682)
    at http://localhost:4333/mirror-assets/678fdc52c3b3d57b.js:1:12410
[     780ms] ChunkLoadError: Loading chunk 212 failed.
(error: https://sorrisoesalutemonza.it/mirror-assets/missing.svgjs/text-editor.45609661e409413f1cef.bundle.min.js)
    at __webpack_require__.f.j (http://localhost:4333/mirror-assets/6f310ffb9f2e8fd6.js:1:4987)
    at http://localhost:4333/mirror-assets/6f310ffb9f2e8fd6.js:1:1452
    at Array.reduce (<anonymous>)
    at __webpack_require__.e (http://localhost:4333/mirror-assets/6f310ffb9f2e8fd6.js:1:1413)
    at text-editor.default (http://localhost:4333/mirror-assets/8116d106bfdf4246.js:1:17370)
    at http://localhost:4333/mirror-assets/8116d106bfdf4246.js:1:18452
    at _runHook (http://localhost:4333/mirror-assets/8116d106bfdf4246.js:1:15071)
    at Object.doAction (http://localhost:4333/mirror-assets/8116d106bfdf4246.js:1:15673)
    at e.exports.runReadyTrigger (http://localhost:4333/mirror-assets/8116d106bfdf4246.js:1:19800)
    at http://localhost:4333/mirror-assets/678fdc52c3b3d57b.js:1:12410
[     780ms] ChunkLoadError: Loading chunk 212 failed.
(error: https://sorrisoesalutemonza.it/mirror-assets/missing.svgjs/text-editor.45609661e409413f1cef.bundle.min.js)
    at __webpack_require__.f.j (http://localhost:4333/mirror-assets/6f310ffb9f2e8fd6.js:1:4987)
    at http://localhost:4333/mirror-assets/6f310ffb9f2e8fd6.js:1:1452
    at Array.reduce (<anonymous>)
    at __webpack_require__.e (http://localhost:4333/mirror-assets/6f310ffb9f2e8fd6.js:1:1413)
    at text-editor.default (http://localhost:4333/mirror-assets/8116d106bfdf4246.js:1:17370)
    at http://localhost:4333/mirror-assets/8116d106bfdf4246.js:1:18452
    at _runHook (http://localhost:4333/mirror-assets/8116d106bfdf4246.js:1:15071)
    at Object.doAction (http://localhost:4333/mirror-assets/8116d106bfdf4246.js:1:15673)
    at e.exports.runReadyTrigger (http://localhost:4333/mirror-assets/8116d106bfdf4246.js:1:19800)
    at http://localhost:4333/mirror-assets/678fdc52c3b3d57b.js:1:12410
[     780ms] ChunkLoadError: Loading chunk 212 failed.
(error: https://sorrisoesalutemonza.it/mirror-assets/missing.svgjs/text-editor.45609661e409413f1cef.bundle.min.js)
    at __webpack_require__.f.j (http://localhost:4333/mirror-assets/6f310ffb9f2e8fd6.js:1:4987)
    at http://localhost:4333/mirror-assets/6f310ffb9f2e8fd6.js:1:1452
    at Array.reduce (<anonymous>)
    at __webpack_require__.e (http://localhost:4333/mirror-assets/6f310ffb9f2e8fd6.js:1:1413)
    at text-editor.default (http://localhost:4333/mirror-assets/8116d106bfdf4246.js:1:17370)
    at http://localhost:4333/mirror-assets/8116d106bfdf4246.js:1:18452
    at _runHook (http://localhost:4333/mirror-assets/8116d106bfdf4246.js:1:15071)
    at Object.doAction (http://localhost:4333/mirror-assets/8116d106bfdf4246.js:1:15673)
    at e.exports.runReadyTrigger (http://localhost:4333/mirror-assets/8116d106bfdf4246.js:1:19800)
    at http://localhost:4333/mirror-assets/678fdc52c3b3d57b.js:1:12410
[     780ms] ChunkLoadError: Loading chunk 212 failed.
(error: https://sorrisoesalutemonza.it/mirror-assets/missing.svgjs/text-editor.45609661e409413f1cef.bundle.min.js)
    at __webpack_require__.f.j (http://localhost:4333/mirror-assets/6f310ffb9f2e8fd6.js:1:4987)
    at http://localhost:4333/mirror-assets/6f310ffb9f2e8fd6.js:1:1452
    at Array.reduce (<anonymous>)
    at __webpack_require__.e (http://localhost:4333/mirror-assets/6f310ffb9f2e8fd6.js:1:1413)
    at text-editor.default (http://localhost:4333/mirror-assets/8116d106bfdf4246.js:1:17370)
    at http://localhost:4333/mirror-assets/8116d106bfdf4246.js:1:18452
    at _runHook (http://localhost:4333/mirror-assets/8116d106bfdf4246.js:1:15071)
    at Object.doAction (http://localhost:4333/mirror-assets/8116d106bfdf4246.js:1:15673)
    at e.exports.runReadyTrigger (http://localhost:4333/mirror-assets/8116d106bfdf4246.js:1:19800)
    at http://localhost:4333/mirror-assets/678fdc52c3b3d57b.js:1:12410
[     780ms] ChunkLoadError: Loading chunk 212 failed.
(error: https://sorrisoesalutemonza.it/mirror-assets/missing.svgjs/text-editor.45609661e409413f1cef.bundle.min.js)
    at __webpack_require__.f.j (http://localhost:4333/mirror-assets/6f310ffb9f2e8fd6.js:1:4987)
    at http://localhost:4333/mirror-assets/6f310ffb9f2e8fd6.js:1:1452
    at Array.reduce (<anonymous>)
    at __webpack_require__.e (http://localhost:4333/mirror-assets/6f310ffb9f2e8fd6.js:1:1413)
    at text-editor.default (http://localhost:4333/mirror-assets/8116d106bfdf4246.js:1:17370)
    at http://localhost:4333/mirror-assets/8116d106bfdf4246.js:1:18452
    at _runHook (http://localhost:4333/mirror-assets/8116d106bfdf4246.js:1:15071)
    at Object.doAction (http://localhost:4333/mirror-assets/8116d106bfdf4246.js:1:15673)
    at e.exports.runReadyTrigger (http://localhost:4333/mirror-assets/8116d106bfdf4246.js:1:19800)
    at http://localhost:4333/mirror-assets/678fdc52c3b3d57b.js:1:12410
[    2684ms] [WARNING] Deprecated API for given entry type. @ http://localhost:4333/mirror-assets/ad044e6ee8dea49c.js:0
[    4943ms] [ERROR] Access to resource at 'https://sorrisoesalutemonza.it/wp-json/optml/v1/optimizations' from origin 'http://localhost:4333' has been blocked by CORS policy: Response to preflight request doesn't pass access control check: No 'Access-Control-Allow-Origin' header is present on the requested resource. @ http://localhost:4333/convenzioni-dirette/:0
[    4943ms] [ERROR] Failed to load resource: net::ERR_FAILED @ https://sorrisoesalutemonza.it/wp-json/optml/v1/optimizations:0
[ 8219750ms] [ERROR] Failed to load resource: net::ERR_INTERNET_DISCONNECTED @ https://www.googleadservices.com/pagead/conversion/18196734570/wcm?cc=ZZ&dn=0392022489&cl=niV2CMvlu7wCEOrE8ORD&dma=1&dma_cps=a&npa=1&ct_eid=2:0
