[      93ms] [LOG] JQMIGRATE: Migrate is installed, version 3.4.1 @ http://localhost:4333/mirror-assets/74e803ca7a5d9c94.js:1
[     452ms] ChunkLoadError: Loading chunk 212 failed.
(error: https://sorrisoesalutemonza.it/mirror-assets/missing.svgjs/text-editor.45609661e409413f1cef.bundle.min.js)
    at __webpack_require__.f.j (http://localhost:4333/mirror-assets/6f310ffb9f2e8fd6.js:1:4987)
    at http://localhost:4333/mirror-assets/6f310ffb9f2e8fd6.js:1:1452
    at Array.reduce (<anonymous>)
    at __webpack_require__.e (http://localhost:4333/mirror-assets/6f310ffb9f2e8fd6.js:1:1413)
    at text-editor.default (http://localhost:4333/mirror-assets/8116d106bfdf4246.js:1:17370)
    at http://localhost:4333/mirror-assets/8116d106bfdf4246.js:1:18452
    at _runHook (http://localhost:4333/mirror-assets/8116d106bfdf4246.js:1:15071)
    at Object.doAction (http://localhost:4333/mirror-assets/8116d106bfdf4246.js:1:15673)
    at e.exports.runReadyTrigger (http://localhost:4333/mirror-assets/8116d106bfdf4246.js:1:19800)
    at http://localhost:4333/mirror-assets/678fdc52c3b3d57b.js:1:12410
[     452ms] ChunkLoadError: Loading chunk 212 failed.
(error: https://sorrisoesalutemonza.it/mirror-assets/missing.svgjs/text-editor.45609661e409413f1cef.bundle.min.js)
    at __webpack_require__.f.j (http://localhost:4333/mirror-assets/6f310ffb9f2e8fd6.js:1:4987)
    at http://localhost:4333/mirror-assets/6f310ffb9f2e8fd6.js:1:1452
    at Array.reduce (<anonymous>)
    at __webpack_require__.e (http://localhost:4333/mirror-assets/6f310ffb9f2e8fd6.js:1:1413)
    at text-editor.default (http://localhost:4333/mirror-assets/8116d106bfdf4246.js:1:17370)
    at http://localhost:4333/mirror-assets/8116d106bfdf4246.js:1:18452
    at _runHook (http://localhost:4333/mirror-assets/8116d106bfdf4246.js:1:15071)
    at Object.doAction (http://localhost:4333/mirror-assets/8116d106bfdf4246.js:1:15673)
    at e.exports.runReadyTrigger (http://localhost:4333/mirror-assets/8116d106bfdf4246.js:1:19800)
    at http://localhost:4333/mirror-assets/678fdc52c3b3d57b.js:1:12410
[     452ms] ChunkLoadError: Loading chunk 212 failed.
(error: https://sorrisoesalutemonza.it/mirror-assets/missing.svgjs/text-editor.45609661e409413f1cef.bundle.min.js)
    at __webpack_require__.f.j (http://localhost:4333/mirror-assets/6f310ffb9f2e8fd6.js:1:4987)
    at http://localhost:4333/mirror-assets/6f310ffb9f2e8fd6.js:1:1452
    at Array.reduce (<anonymous>)
    at __webpack_require__.e (http://localhost:4333/mirror-assets/6f310ffb9f2e8fd6.js:1:1413)
    at text-editor.default (http://localhost:4333/mirror-assets/8116d106bfdf4246.js:1:17370)
    at http://localhost:4333/mirror-assets/8116d106bfdf4246.js:1:18452
    at _runHook (http://localhost:4333/mirror-assets/8116d106bfdf4246.js:1:15071)
    at Object.doAction (http://localhost:4333/mirror-assets/8116d106bfdf4246.js:1:15673)
    at e.exports.runReadyTrigger (http://localhost:4333/mirror-assets/8116d106bfdf4246.js:1:19800)
    at http://localhost:4333/mirror-assets/678fdc52c3b3d57b.js:1:12410
[     452ms] ChunkLoadError: Loading chunk 212 failed.
(error: https://sorrisoesalutemonza.it/mirror-assets/missing.svgjs/text-editor.45609661e409413f1cef.bundle.min.js)
    at __webpack_require__.f.j (http://localhost:4333/mirror-assets/6f310ffb9f2e8fd6.js:1:4987)
    at http://localhost:4333/mirror-assets/6f310ffb9f2e8fd6.js:1:1452
    at Array.reduce (<anonymous>)
    at __webpack_require__.e (http://localhost:4333/mirror-assets/6f310ffb9f2e8fd6.js:1:1413)
    at text-editor.default (http://localhost:4333/mirror-assets/8116d106bfdf4246.js:1:17370)
    at http://localhost:4333/mirror-assets/8116d106bfdf4246.js:1:18452
    at _runHook (http://localhost:4333/mirror-assets/8116d106bfdf4246.js:1:15071)
    at Object.doAction (http://localhost:4333/mirror-assets/8116d106bfdf4246.js:1:15673)
    at e.exports.runReadyTrigger (http://localhost:4333/mirror-assets/8116d106bfdf4246.js:1:19800)
    at http://localhost:4333/mirror-assets/678fdc52c3b3d57b.js:1:12410
[     452ms] ChunkLoadError: Loading chunk 212 failed.
(error: https://sorrisoesalutemonza.it/mirror-assets/missing.svgjs/text-editor.45609661e409413f1cef.bundle.min.js)
    at __webpack_require__.f.j (http://localhost:4333/mirror-assets/6f310ffb9f2e8fd6.js:1:4987)
    at http://localhost:4333/mirror-assets/6f310ffb9f2e8fd6.js:1:1452
    at Array.reduce (<anonymous>)
    at __webpack_require__.e (http://localhost:4333/mirror-assets/6f310ffb9f2e8fd6.js:1:1413)
    at text-editor.default (http://localhost:4333/mirror-assets/8116d106bfdf4246.js:1:17370)
    at http://localhost:4333/mirror-assets/8116d106bfdf4246.js:1:18452
    at _runHook (http://localhost:4333/mirror-assets/8116d106bfdf4246.js:1:15071)
    at Object.doAction (http://localhost:4333/mirror-assets/8116d106bfdf4246.js:1:15673)
    at e.exports.runReadyTrigger (http://localhost:4333/mirror-assets/8116d106bfdf4246.js:1:19800)
    at http://localhost:4333/mirror-assets/678fdc52c3b3d57b.js:1:12410
[     452ms] ChunkLoadError: Loading chunk 212 failed.
(error: https://sorrisoesalutemonza.it/mirror-assets/missing.svgjs/text-editor.45609661e409413f1cef.bundle.min.js)
    at __webpack_require__.f.j (http://localhost:4333/mirror-assets/6f310ffb9f2e8fd6.js:1:4987)
    at http://localhost:4333/mirror-assets/6f310ffb9f2e8fd6.js:1:1452
    at Array.reduce (<anonymous>)
    at __webpack_require__.e (http://localhost:4333/mirror-assets/6f310ffb9f2e8fd6.js:1:1413)
    at text-editor.default (http://localhost:4333/mirror-assets/8116d106bfdf4246.js:1:17370)
    at http://localhost:4333/mirror-assets/8116d106bfdf4246.js:1:18452
    at _runHook (http://localhost:4333/mirror-assets/8116d106bfdf4246.js:1:15071)
    at Object.doAction (http://localhost:4333/mirror-assets/8116d106bfdf4246.js:1:15673)
    at e.exports.runReadyTrigger (http://localhost:4333/mirror-assets/8116d106bfdf4246.js:1:19800)
    at http://localhost:4333/mirror-assets/678fdc52c3b3d57b.js:1:12410
[     452ms] ChunkLoadError: Loading chunk 212 failed.
(error: https://sorrisoesalutemonza.it/mirror-assets/missing.svgjs/text-editor.45609661e409413f1cef.bundle.min.js)
    at __webpack_require__.f.j (http://localhost:4333/mirror-assets/6f310ffb9f2e8fd6.js:1:4987)
    at http://localhost:4333/mirror-assets/6f310ffb9f2e8fd6.js:1:1452
    at Array.reduce (<anonymous>)
    at __webpack_require__.e (http://localhost:4333/mirror-assets/6f310ffb9f2e8fd6.js:1:1413)
    at text-editor.default (http://localhost:4333/mirror-assets/8116d106bfdf4246.js:1:17370)
    at http://localhost:4333/mirror-assets/8116d106bfdf4246.js:1:18452
    at _runHook (http://localhost:4333/mirror-assets/8116d106bfdf4246.js:1:15071)
    at Object.doAction (http://localhost:4333/mirror-assets/8116d106bfdf4246.js:1:15673)
    at e.exports.runReadyTrigger (http://localhost:4333/mirror-assets/8116d106bfdf4246.js:1:19800)
    at http://localhost:4333/mirror-assets/678fdc52c3b3d57b.js:1:12410
[     453ms] ChunkLoadError: Loading chunk 212 failed.
(error: https://sorrisoesalutemonza.it/mirror-assets/missing.svgjs/text-editor.45609661e409413f1cef.bundle.min.js)
    at __webpack_require__.f.j (http://localhost:4333/mirror-assets/6f310ffb9f2e8fd6.js:1:4987)
    at http://localhost:4333/mirror-assets/6f310ffb9f2e8fd6.js:1:1452
    at Array.reduce (<anonymous>)
    at __webpack_require__.e (http://localhost:4333/mirror-assets/6f310ffb9f2e8fd6.js:1:1413)
    at text-editor.default (http://localhost:4333/mirror-assets/8116d106bfdf4246.js:1:17370)
    at http://localhost:4333/mirror-assets/8116d106bfdf4246.js:1:18452
    at _runHook (http://localhost:4333/mirror-assets/8116d106bfdf4246.js:1:15071)
    at Object.doAction (http://localhost:4333/mirror-assets/8116d106bfdf4246.js:1:15673)
    at e.exports.runReadyTrigger (http://localhost:4333/mirror-assets/8116d106bfdf4246.js:1:19800)
    at http://localhost:4333/mirror-assets/678fdc52c3b3d57b.js:1:12410
[     453ms] ChunkLoadError: Loading chunk 212 failed.
(error: https://sorrisoesalutemonza.it/mirror-assets/missing.svgjs/text-editor.45609661e409413f1cef.bundle.min.js)
    at __webpack_require__.f.j (http://localhost:4333/mirror-assets/6f310ffb9f2e8fd6.js:1:4987)
    at http://localhost:4333/mirror-assets/6f310ffb9f2e8fd6.js:1:1452
    at Array.reduce (<anonymous>)
    at __webpack_require__.e (http://localhost:4333/mirror-assets/6f310ffb9f2e8fd6.js:1:1413)
    at text-editor.default (http://localhost:4333/mirror-assets/8116d106bfdf4246.js:1:17370)
    at http://localhost:4333/mirror-assets/8116d106bfdf4246.js:1:18452
    at _runHook (http://localhost:4333/mirror-assets/8116d106bfdf4246.js:1:15071)
    at Object.doAction (http://localhost:4333/mirror-assets/8116d106bfdf4246.js:1:15673)
    at e.exports.runReadyTrigger (http://localhost:4333/mirror-assets/8116d106bfdf4246.js:1:19800)
    at http://localhost:4333/mirror-assets/678fdc52c3b3d57b.js:1:12410
[     453ms] ChunkLoadError: Loading chunk 212 failed.
(error: https://sorrisoesalutemonza.it/mirror-assets/missing.svgjs/text-editor.45609661e409413f1cef.bundle.min.js)
    at __webpack_require__.f.j (http://localhost:4333/mirror-assets/6f310ffb9f2e8fd6.js:1:4987)
    at http://localhost:4333/mirror-assets/6f310ffb9f2e8fd6.js:1:1452
    at Array.reduce (<anonymous>)
    at __webpack_require__.e (http://localhost:4333/mirror-assets/6f310ffb9f2e8fd6.js:1:1413)
    at text-editor.default (http://localhost:4333/mirror-assets/8116d106bfdf4246.js:1:17370)
    at http://localhost:4333/mirror-assets/8116d106bfdf4246.js:1:18452
    at _runHook (http://localhost:4333/mirror-assets/8116d106bfdf4246.js:1:15071)
    at Object.doAction (http://localhost:4333/mirror-assets/8116d106bfdf4246.js:1:15673)
    at e.exports.runReadyTrigger (http://localhost:4333/mirror-assets/8116d106bfdf4246.js:1:19800)
    at http://localhost:4333/mirror-assets/678fdc52c3b3d57b.js:1:12410
[     453ms] ChunkLoadError: Loading chunk 212 failed.
(error: https://sorrisoesalutemonza.it/mirror-assets/missing.svgjs/text-editor.45609661e409413f1cef.bundle.min.js)
    at __webpack_require__.f.j (http://localhost:4333/mirror-assets/6f310ffb9f2e8fd6.js:1:4987)
    at http://localhost:4333/mirror-assets/6f310ffb9f2e8fd6.js:1:1452
    at Array.reduce (<anonymous>)
    at __webpack_require__.e (http://localhost:4333/mirror-assets/6f310ffb9f2e8fd6.js:1:1413)
    at text-editor.default (http://localhost:4333/mirror-assets/8116d106bfdf4246.js:1:17370)
    at http://localhost:4333/mirror-assets/8116d106bfdf4246.js:1:18452
    at _runHook (http://localhost:4333/mirror-assets/8116d106bfdf4246.js:1:15071)
    at Object.doAction (http://localhost:4333/mirror-assets/8116d106bfdf4246.js:1:15673)
    at e.exports.runReadyTrigger (http://localhost:4333/mirror-assets/8116d106bfdf4246.js:1:19800)
    at http://localhost:4333/mirror-assets/678fdc52c3b3d57b.js:1:12410
[     453ms] ChunkLoadError: Loading chunk 212 failed.
(error: https://sorrisoesalutemonza.it/mirror-assets/missing.svgjs/text-editor.45609661e409413f1cef.bundle.min.js)
    at __webpack_require__.f.j (http://localhost:4333/mirror-assets/6f310ffb9f2e8fd6.js:1:4987)
    at http://localhost:4333/mirror-assets/6f310ffb9f2e8fd6.js:1:1452
    at Array.reduce (<anonymous>)
    at __webpack_require__.e (http://localhost:4333/mirror-assets/6f310ffb9f2e8fd6.js:1:1413)
    at text-editor.default (http://localhost:4333/mirror-assets/8116d106bfdf4246.js:1:17370)
    at http://localhost:4333/mirror-assets/8116d106bfdf4246.js:1:18452
    at _runHook (http://localhost:4333/mirror-assets/8116d106bfdf4246.js:1:15071)
    at Object.doAction (http://localhost:4333/mirror-assets/8116d106bfdf4246.js:1:15673)
    at e.exports.runReadyTrigger (http://localhost:4333/mirror-assets/8116d106bfdf4246.js:1:19800)
    at http://localhost:4333/mirror-assets/678fdc52c3b3d57b.js:1:12410
[     453ms] ChunkLoadError: Loading chunk 212 failed.
(error: https://sorrisoesalutemonza.it/mirror-assets/missing.svgjs/text-editor.45609661e409413f1cef.bundle.min.js)
    at __webpack_require__.f.j (http://localhost:4333/mirror-assets/6f310ffb9f2e8fd6.js:1:4987)
    at http://localhost:4333/mirror-assets/6f310ffb9f2e8fd6.js:1:1452
    at Array.reduce (<anonymous>)
    at __webpack_require__.e (http://localhost:4333/mirror-assets/6f310ffb9f2e8fd6.js:1:1413)
    at text-editor.default (http://localhost:4333/mirror-assets/8116d106bfdf4246.js:1:17370)
    at http://localhost:4333/mirror-assets/8116d106bfdf4246.js:1:18452
    at _runHook (http://localhost:4333/mirror-assets/8116d106bfdf4246.js:1:15071)
    at Object.doAction (http://localhost:4333/mirror-assets/8116d106bfdf4246.js:1:15673)
    at e.exports.runReadyTrigger (http://localhost:4333/mirror-assets/8116d106bfdf4246.js:1:19800)
    at http://localhost:4333/mirror-assets/678fdc52c3b3d57b.js:1:12410
[     453ms] ChunkLoadError: Loading chunk 212 failed.
(error: https://sorrisoesalutemonza.it/mirror-assets/missing.svgjs/text-editor.45609661e409413f1cef.bundle.min.js)
    at __webpack_require__.f.j (http://localhost:4333/mirror-assets/6f310ffb9f2e8fd6.js:1:4987)
    at http://localhost:4333/mirror-assets/6f310ffb9f2e8fd6.js:1:1452
    at Array.reduce (<anonymous>)
    at __webpack_require__.e (http://localhost:4333/mirror-assets/6f310ffb9f2e8fd6.js:1:1413)
    at text-editor.default (http://localhost:4333/mirror-assets/8116d106bfdf4246.js:1:17370)
    at http://localhost:4333/mirror-assets/8116d106bfdf4246.js:1:18452
    at _runHook (http://localhost:4333/mirror-assets/8116d106bfdf4246.js:1:15071)
    at Object.doAction (http://localhost:4333/mirror-assets/8116d106bfdf4246.js:1:15673)
    at e.exports.runReadyTrigger (http://localhost:4333/mirror-assets/8116d106bfdf4246.js:1:19800)
    at http://localhost:4333/mirror-assets/678fdc52c3b3d57b.js:1:12410
[     453ms] ChunkLoadError: Loading chunk 177 failed.
(error: https://sorrisoesalutemonza.it/mirror-assets/missing.svgjs/image-carousel.6167d20b95b33386757b.bundle.min.js)
    at __webpack_require__.f.j (http://localhost:4333/mirror-assets/6f310ffb9f2e8fd6.js:1:4987)
    at http://localhost:4333/mirror-assets/6f310ffb9f2e8fd6.js:1:1452
    at Array.reduce (<anonymous>)
    at __webpack_require__.e (http://localhost:4333/mirror-assets/6f310ffb9f2e8fd6.js:1:1413)
    at image-carousel.default (http://localhost:4333/mirror-assets/8116d106bfdf4246.js:1:17314)
    at http://localhost:4333/mirror-assets/8116d106bfdf4246.js:1:18452
    at _runHook (http://localhost:4333/mirror-assets/8116d106bfdf4246.js:1:15071)
    at Object.doAction (http://localhost:4333/mirror-assets/8116d106bfdf4246.js:1:15673)
    at e.exports.runReadyTrigger (http://localhost:4333/mirror-assets/8116d106bfdf4246.js:1:19800)
    at http://localhost:4333/mirror-assets/678fdc52c3b3d57b.js:1:12410
[     485ms] ChunkLoadError: Loading chunk 557 failed.
(error: https://sorrisoesalutemonza.it/mirror-assets/missing.svgjs/shared-frontend-handlers.03caa53373b56d3bab67.bundle.min.js)
    at __webpack_require__.f.j (http://localhost:4333/mirror-assets/6f310ffb9f2e8fd6.js:1:4987)
    at http://localhost:4333/mirror-assets/6f310ffb9f2e8fd6.js:1:1452
    at Array.reduce (<anonymous>)
    at __webpack_require__.e (http://localhost:4333/mirror-assets/6f310ffb9f2e8fd6.js:1:1413)
    at http://localhost:4333/mirror-assets/8116d106bfdf4246.js:1:5209
    at http://localhost:4333/mirror-assets/8116d106bfdf4246.js:1:18452
    at _runHook (http://localhost:4333/mirror-assets/8116d106bfdf4246.js:1:15071)
    at Object.doAction (http://localhost:4333/mirror-assets/8116d106bfdf4246.js:1:15673)
    at e.exports.runReadyTrigger (http://localhost:4333/mirror-assets/8116d106bfdf4246.js:1:19682)
    at http://localhost:4333/mirror-assets/678fdc52c3b3d57b.js:1:12410
[     485ms] ChunkLoadError: Loading chunk 557 failed.
(error: https://sorrisoesalutemonza.it/mirror-assets/missing.svgjs/shared-frontend-handlers.03caa53373b56d3bab67.bundle.min.js)
    at __webpack_require__.f.j (http://localhost:4333/mirror-assets/6f310ffb9f2e8fd6.js:1:4987)
    at http://localhost:4333/mirror-assets/6f310ffb9f2e8fd6.js:1:1452
    at Array.reduce (<anonymous>)
    at __webpack_require__.e (http://localhost:4333/mirror-assets/6f310ffb9f2e8fd6.js:1:1413)
    at http://localhost:4333/mirror-assets/8116d106bfdf4246.js:1:5209
    at http://localhost:4333/mirror-assets/8116d106bfdf4246.js:1:18452
    at _runHook (http://localhost:4333/mirror-assets/8116d106bfdf4246.js:1:15071)
    at Object.doAction (http://localhost:4333/mirror-assets/8116d106bfdf4246.js:1:15673)
    at e.exports.runReadyTrigger (http://localhost:4333/mirror-assets/8116d106bfdf4246.js:1:19682)
    at http://localhost:4333/mirror-assets/678fdc52c3b3d57b.js:1:12410
[     485ms] ChunkLoadError: Loading chunk 557 failed.
(error: https://sorrisoesalutemonza.it/mirror-assets/missing.svgjs/shared-frontend-handlers.03caa53373b56d3bab67.bundle.min.js)
    at __webpack_require__.f.j (http://localhost:4333/mirror-assets/6f310ffb9f2e8fd6.js:1:4987)
    at http://localhost:4333/mirror-assets/6f310ffb9f2e8fd6.js:1:1452
    at Array.reduce (<anonymous>)
    at __webpack_require__.e (http://localhost:4333/mirror-assets/6f310ffb9f2e8fd6.js:1:1413)
    at http://localhost:4333/mirror-assets/8116d106bfdf4246.js:1:5209
    at http://localhost:4333/mirror-assets/8116d106bfdf4246.js:1:18452
    at _runHook (http://localhost:4333/mirror-assets/8116d106bfdf4246.js:1:15071)
    at Object.doAction (http://localhost:4333/mirror-assets/8116d106bfdf4246.js:1:15673)
    at e.exports.runReadyTrigger (http://localhost:4333/mirror-assets/8116d106bfdf4246.js:1:19682)
    at http://localhost:4333/mirror-assets/678fdc52c3b3d57b.js:1:12410
[     485ms] ChunkLoadError: Loading chunk 557 failed.
(error: https://sorrisoesalutemonza.it/mirror-assets/missing.svgjs/shared-frontend-handlers.03caa53373b56d3bab67.bundle.min.js)
    at __webpack_require__.f.j (http://localhost:4333/mirror-assets/6f310ffb9f2e8fd6.js:1:4987)
    at http://localhost:4333/mirror-assets/6f310ffb9f2e8fd6.js:1:1452
    at Array.reduce (<anonymous>)
    at __webpack_require__.e (http://localhost:4333/mirror-assets/6f310ffb9f2e8fd6.js:1:1413)
    at http://localhost:4333/mirror-assets/8116d106bfdf4246.js:1:5209
    at http://localhost:4333/mirror-assets/8116d106bfdf4246.js:1:18452
    at _runHook (http://localhost:4333/mirror-assets/8116d106bfdf4246.js:1:15071)
    at Object.doAction (http://localhost:4333/mirror-assets/8116d106bfdf4246.js:1:15673)
    at e.exports.runReadyTrigger (http://localhost:4333/mirror-assets/8116d106bfdf4246.js:1:19682)
    at http://localhost:4333/mirror-assets/678fdc52c3b3d57b.js:1:12410
[     486ms] ChunkLoadError: Loading chunk 557 failed.
(error: https://sorrisoesalutemonza.it/mirror-assets/missing.svgjs/shared-frontend-handlers.03caa53373b56d3bab67.bundle.min.js)
    at __webpack_require__.f.j (http://localhost:4333/mirror-assets/6f310ffb9f2e8fd6.js:1:4987)
    at http://localhost:4333/mirror-assets/6f310ffb9f2e8fd6.js:1:1452
    at Array.reduce (<anonymous>)
    at __webpack_require__.e (http://localhost:4333/mirror-assets/6f310ffb9f2e8fd6.js:1:1413)
    at http://localhost:4333/mirror-assets/8116d106bfdf4246.js:1:5209
    at http://localhost:4333/mirror-assets/8116d106bfdf4246.js:1:18452
    at _runHook (http://localhost:4333/mirror-assets/8116d106bfdf4246.js:1:15071)
    at Object.doAction (http://localhost:4333/mirror-assets/8116d106bfdf4246.js:1:15673)
    at e.exports.runReadyTrigger (http://localhost:4333/mirror-assets/8116d106bfdf4246.js:1:19682)
    at http://localhost:4333/mirror-assets/678fdc52c3b3d57b.js:1:12410
[     486ms] ChunkLoadError: Loading chunk 557 failed.
(error: https://sorrisoesalutemonza.it/mirror-assets/missing.svgjs/shared-frontend-handlers.03caa53373b56d3bab67.bundle.min.js)
    at __webpack_require__.f.j (http://localhost:4333/mirror-assets/6f310ffb9f2e8fd6.js:1:4987)
    at http://localhost:4333/mirror-assets/6f310ffb9f2e8fd6.js:1:1452
    at Array.reduce (<anonymous>)
    at __webpack_require__.e (http://localhost:4333/mirror-assets/6f310ffb9f2e8fd6.js:1:1413)
    at http://localhost:4333/mirror-assets/8116d106bfdf4246.js:1:5209
    at http://localhost:4333/mirror-assets/8116d106bfdf4246.js:1:18452
    at _runHook (http://localhost:4333/mirror-assets/8116d106bfdf4246.js:1:15071)
    at Object.doAction (http://localhost:4333/mirror-assets/8116d106bfdf4246.js:1:15673)
    at e.exports.runReadyTrigger (http://localhost:4333/mirror-assets/8116d106bfdf4246.js:1:19682)
    at http://localhost:4333/mirror-assets/678fdc52c3b3d57b.js:1:12410
[     486ms] ChunkLoadError: Loading chunk 557 failed.
(error: https://sorrisoesalutemonza.it/mirror-assets/missing.svgjs/shared-frontend-handlers.03caa53373b56d3bab67.bundle.min.js)
    at __webpack_require__.f.j (http://localhost:4333/mirror-assets/6f310ffb9f2e8fd6.js:1:4987)
    at http://localhost:4333/mirror-assets/6f310ffb9f2e8fd6.js:1:1452
    at Array.reduce (<anonymous>)
    at __webpack_require__.e (http://localhost:4333/mirror-assets/6f310ffb9f2e8fd6.js:1:1413)
    at http://localhost:4333/mirror-assets/8116d106bfdf4246.js:1:5209
    at http://localhost:4333/mirror-assets/8116d106bfdf4246.js:1:18452
    at _runHook (http://localhost:4333/mirror-assets/8116d106bfdf4246.js:1:15071)
    at Object.doAction (http://localhost:4333/mirror-assets/8116d106bfdf4246.js:1:15673)
    at e.exports.runReadyTrigger (http://localhost:4333/mirror-assets/8116d106bfdf4246.js:1:19682)
    at http://localhost:4333/mirror-assets/678fdc52c3b3d57b.js:1:12410
[     486ms] ChunkLoadError: Loading chunk 557 failed.
(error: https://sorrisoesalutemonza.it/mirror-assets/missing.svgjs/shared-frontend-handlers.03caa53373b56d3bab67.bundle.min.js)
    at __webpack_require__.f.j (http://localhost:4333/mirror-assets/6f310ffb9f2e8fd6.js:1:4987)
    at http://localhost:4333/mirror-assets/6f310ffb9f2e8fd6.js:1:1452
    at Array.reduce (<anonymous>)
    at __webpack_require__.e (http://localhost:4333/mirror-assets/6f310ffb9f2e8fd6.js:1:1413)
    at http://localhost:4333/mirror-assets/8116d106bfdf4246.js:1:5209
    at http://localhost:4333/mirror-assets/8116d106bfdf4246.js:1:18452
    at _runHook (http://localhost:4333/mirror-assets/8116d106bfdf4246.js:1:15071)
    at Object.doAction (http://localhost:4333/mirror-assets/8116d106bfdf4246.js:1:15673)
    at e.exports.runReadyTrigger (http://localhost:4333/mirror-assets/8116d106bfdf4246.js:1:19682)
    at http://localhost:4333/mirror-assets/678fdc52c3b3d57b.js:1:12410
[     486ms] ChunkLoadError: Loading chunk 557 failed.
(error: https://sorrisoesalutemonza.it/mirror-assets/missing.svgjs/shared-frontend-handlers.03caa53373b56d3bab67.bundle.min.js)
    at __webpack_require__.f.j (http://localhost:4333/mirror-assets/6f310ffb9f2e8fd6.js:1:4987)
    at http://localhost:4333/mirror-assets/6f310ffb9f2e8fd6.js:1:1452
    at Array.reduce (<anonymous>)
    at __webpack_require__.e (http://localhost:4333/mirror-assets/6f310ffb9f2e8fd6.js:1:1413)
    at http://localhost:4333/mirror-assets/8116d106bfdf4246.js:1:5209
    at http://localhost:4333/mirror-assets/8116d106bfdf4246.js:1:18452
    at _runHook (http://localhost:4333/mirror-assets/8116d106bfdf4246.js:1:15071)
    at Object.doAction (http://localhost:4333/mirror-assets/8116d106bfdf4246.js:1:15673)
    at e.exports.runReadyTrigger (http://localhost:4333/mirror-assets/8116d106bfdf4246.js:1:19682)
    at http://localhost:4333/mirror-assets/678fdc52c3b3d57b.js:1:12410
[     486ms] ChunkLoadError: Loading chunk 557 failed.
(error: https://sorrisoesalutemonza.it/mirror-assets/missing.svgjs/shared-frontend-handlers.03caa53373b56d3bab67.bundle.min.js)
    at __webpack_require__.f.j (http://localhost:4333/mirror-assets/6f310ffb9f2e8fd6.js:1:4987)
    at http://localhost:4333/mirror-assets/6f310ffb9f2e8fd6.js:1:1452
    at Array.reduce (<anonymous>)
    at __webpack_require__.e (http://localhost:4333/mirror-assets/6f310ffb9f2e8fd6.js:1:1413)
    at http://localhost:4333/mirror-assets/8116d106bfdf4246.js:1:5209
    at http://localhost:4333/mirror-assets/8116d106bfdf4246.js:1:18452
    at _runHook (http://localhost:4333/mirror-assets/8116d106bfdf4246.js:1:15071)
    at Object.doAction (http://localhost:4333/mirror-assets/8116d106bfdf4246.js:1:15673)
    at e.exports.runReadyTrigger (http://localhost:4333/mirror-assets/8116d106bfdf4246.js:1:19682)
    at http://localhost:4333/mirror-assets/678fdc52c3b3d57b.js:1:12410
[     486ms] ChunkLoadError: Loading chunk 557 failed.
(error: https://sorrisoesalutemonza.it/mirror-assets/missing.svgjs/shared-frontend-handlers.03caa53373b56d3bab67.bundle.min.js)
    at __webpack_require__.f.j (http://localhost:4333/mirror-assets/6f310ffb9f2e8fd6.js:1:4987)
    at http://localhost:4333/mirror-assets/6f310ffb9f2e8fd6.js:1:1452
    at Array.reduce (<anonymous>)
    at __webpack_require__.e (http://localhost:4333/mirror-assets/6f310ffb9f2e8fd6.js:1:1413)
    at http://localhost:4333/mirror-assets/8116d106bfdf4246.js:1:5209
    at http://localhost:4333/mirror-assets/8116d106bfdf4246.js:1:18452
    at _runHook (http://localhost:4333/mirror-assets/8116d106bfdf4246.js:1:15071)
    at Object.doAction (http://localhost:4333/mirror-assets/8116d106bfdf4246.js:1:15673)
    at e.exports.runReadyTrigger (http://localhost:4333/mirror-assets/8116d106bfdf4246.js:1:19682)
    at http://localhost:4333/mirror-assets/678fdc52c3b3d57b.js:1:12410
[     486ms] ChunkLoadError: Loading chunk 557 failed.
(error: https://sorrisoesalutemonza.it/mirror-assets/missing.svgjs/shared-frontend-handlers.03caa53373b56d3bab67.bundle.min.js)
    at __webpack_require__.f.j (http://localhost:4333/mirror-assets/6f310ffb9f2e8fd6.js:1:4987)
    at http://localhost:4333/mirror-assets/6f310ffb9f2e8fd6.js:1:1452
    at Array.reduce (<anonymous>)
    at __webpack_require__.e (http://localhost:4333/mirror-assets/6f310ffb9f2e8fd6.js:1:1413)
    at http://localhost:4333/mirror-assets/8116d106bfdf4246.js:1:5209
    at http://localhost:4333/mirror-assets/8116d106bfdf4246.js:1:18452
    at _runHook (http://localhost:4333/mirror-assets/8116d106bfdf4246.js:1:15071)
    at Object.doAction (http://localhost:4333/mirror-assets/8116d106bfdf4246.js:1:15673)
    at e.exports.runReadyTrigger (http://localhost:4333/mirror-assets/8116d106bfdf4246.js:1:19682)
    at http://localhost:4333/mirror-assets/678fdc52c3b3d57b.js:1:12410
[     486ms] ChunkLoadError: Loading chunk 557 failed.
(error: https://sorrisoesalutemonza.it/mirror-assets/missing.svgjs/shared-frontend-handlers.03caa53373b56d3bab67.bundle.min.js)
    at __webpack_require__.f.j (http://localhost:4333/mirror-assets/6f310ffb9f2e8fd6.js:1:4987)
    at http://localhost:4333/mirror-assets/6f310ffb9f2e8fd6.js:1:1452
    at Array.reduce (<anonymous>)
    at __webpack_require__.e (http://localhost:4333/mirror-assets/6f310ffb9f2e8fd6.js:1:1413)
    at http://localhost:4333/mirror-assets/8116d106bfdf4246.js:1:5209
    at http://localhost:4333/mirror-assets/8116d106bfdf4246.js:1:18452
    at _runHook (http://localhost:4333/mirror-assets/8116d106bfdf4246.js:1:15071)
    at Object.doAction (http://localhost:4333/mirror-assets/8116d106bfdf4246.js:1:15673)
    at e.exports.runReadyTrigger (http://localhost:4333/mirror-assets/8116d106bfdf4246.js:1:19682)
    at http://localhost:4333/mirror-assets/678fdc52c3b3d57b.js:1:12410
[     486ms] ChunkLoadError: Loading chunk 557 failed.
(error: https://sorrisoesalutemonza.it/mirror-assets/missing.svgjs/shared-frontend-handlers.03caa53373b56d3bab67.bundle.min.js)
    at __webpack_require__.f.j (http://localhost:4333/mirror-assets/6f310ffb9f2e8fd6.js:1:4987)
    at http://localhost:4333/mirror-assets/6f310ffb9f2e8fd6.js:1:1452
    at Array.reduce (<anonymous>)
    at __webpack_require__.e (http://localhost:4333/mirror-assets/6f310ffb9f2e8fd6.js:1:1413)
    at http://localhost:4333/mirror-assets/8116d106bfdf4246.js:1:5209
    at http://localhost:4333/mirror-assets/8116d106bfdf4246.js:1:18452
    at _runHook (http://localhost:4333/mirror-assets/8116d106bfdf4246.js:1:15071)
    at Object.doAction (http://localhost:4333/mirror-assets/8116d106bfdf4246.js:1:15673)
    at e.exports.runReadyTrigger (http://localhost:4333/mirror-assets/8116d106bfdf4246.js:1:19682)
    at http://localhost:4333/mirror-assets/678fdc52c3b3d57b.js:1:12410
[     486ms] ChunkLoadError: Loading chunk 557 failed.
(error: https://sorrisoesalutemonza.it/mirror-assets/missing.svgjs/shared-frontend-handlers.03caa53373b56d3bab67.bundle.min.js)
    at __webpack_require__.f.j (http://localhost:4333/mirror-assets/6f310ffb9f2e8fd6.js:1:4987)
    at http://localhost:4333/mirror-assets/6f310ffb9f2e8fd6.js:1:1452
    at Array.reduce (<anonymous>)
    at __webpack_require__.e (http://localhost:4333/mirror-assets/6f310ffb9f2e8fd6.js:1:1413)
    at http://localhost:4333/mirror-assets/8116d106bfdf4246.js:1:5209
    at http://localhost:4333/mirror-assets/8116d106bfdf4246.js:1:18452
    at _runHook (http://localhost:4333/mirror-assets/8116d106bfdf4246.js:1:15071)
    at Object.doAction (http://localhost:4333/mirror-assets/8116d106bfdf4246.js:1:15673)
    at e.exports.runReadyTrigger (http://localhost:4333/mirror-assets/8116d106bfdf4246.js:1:19682)
    at http://localhost:4333/mirror-assets/678fdc52c3b3d57b.js:1:12410
[     486ms] ChunkLoadError: Loading chunk 557 failed.
(error: https://sorrisoesalutemonza.it/mirror-assets/missing.svgjs/shared-frontend-handlers.03caa53373b56d3bab67.bundle.min.js)
    at __webpack_require__.f.j (http://localhost:4333/mirror-assets/6f310ffb9f2e8fd6.js:1:4987)
    at http://localhost:4333/mirror-assets/6f310ffb9f2e8fd6.js:1:1452
    at Array.reduce (<anonymous>)
    at __webpack_require__.e (http://localhost:4333/mirror-assets/6f310ffb9f2e8fd6.js:1:1413)
    at http://localhost:4333/mirror-assets/8116d106bfdf4246.js:1:5209
    at http://localhost:4333/mirror-assets/8116d106bfdf4246.js:1:18452
    at _runHook (http://localhost:4333/mirror-assets/8116d106bfdf4246.js:1:15071)
    at Object.doAction (http://localhost:4333/mirror-assets/8116d106bfdf4246.js:1:15673)
    at e.exports.runReadyTrigger (http://localhost:4333/mirror-assets/8116d106bfdf4246.js:1:19682)
    at http://localhost:4333/mirror-assets/678fdc52c3b3d57b.js:1:12410
[     486ms] ChunkLoadError: Loading chunk 557 failed.
(error: https://sorrisoesalutemonza.it/mirror-assets/missing.svgjs/shared-frontend-handlers.03caa53373b56d3bab67.bundle.min.js)
    at __webpack_require__.f.j (http://localhost:4333/mirror-assets/6f310ffb9f2e8fd6.js:1:4987)
    at http://localhost:4333/mirror-assets/6f310ffb9f2e8fd6.js:1:1452
    at Array.reduce (<anonymous>)
    at __webpack_require__.e (http://localhost:4333/mirror-assets/6f310ffb9f2e8fd6.js:1:1413)
    at http://localhost:4333/mirror-assets/8116d106bfdf4246.js:1:5209
    at http://localhost:4333/mirror-assets/8116d106bfdf4246.js:1:18452
    at _runHook (http://localhost:4333/mirror-assets/8116d106bfdf4246.js:1:15071)
    at Object.doAction (http://localhost:4333/mirror-assets/8116d106bfdf4246.js:1:15673)
    at e.exports.runReadyTrigger (http://localhost:4333/mirror-assets/8116d106bfdf4246.js:1:19682)
    at http://localhost:4333/mirror-assets/678fdc52c3b3d57b.js:1:12410
[     486ms] ChunkLoadError: Loading chunk 557 failed.
(error: https://sorrisoesalutemonza.it/mirror-assets/missing.svgjs/shared-frontend-handlers.03caa53373b56d3bab67.bundle.min.js)
    at __webpack_require__.f.j (http://localhost:4333/mirror-assets/6f310ffb9f2e8fd6.js:1:4987)
    at http://localhost:4333/mirror-assets/6f310ffb9f2e8fd6.js:1:1452
    at Array.reduce (<anonymous>)
    at __webpack_require__.e (http://localhost:4333/mirror-assets/6f310ffb9f2e8fd6.js:1:1413)
    at http://localhost:4333/mirror-assets/8116d106bfdf4246.js:1:5209
    at http://localhost:4333/mirror-assets/8116d106bfdf4246.js:1:18452
    at _runHook (http://localhost:4333/mirror-assets/8116d106bfdf4246.js:1:15071)
    at Object.doAction (http://localhost:4333/mirror-assets/8116d106bfdf4246.js:1:15673)
    at e.exports.runReadyTrigger (http://localhost:4333/mirror-assets/8116d106bfdf4246.js:1:19682)
    at http://localhost:4333/mirror-assets/678fdc52c3b3d57b.js:1:12410
[     486ms] ChunkLoadError: Loading chunk 557 failed.
(error: https://sorrisoesalutemonza.it/mirror-assets/missing.svgjs/shared-frontend-handlers.03caa53373b56d3bab67.bundle.min.js)
    at __webpack_require__.f.j (http://localhost:4333/mirror-assets/6f310ffb9f2e8fd6.js:1:4987)
    at http://localhost:4333/mirror-assets/6f310ffb9f2e8fd6.js:1:1452
    at Array.reduce (<anonymous>)
    at __webpack_require__.e (http://localhost:4333/mirror-assets/6f310ffb9f2e8fd6.js:1:1413)
    at http://localhost:4333/mirror-assets/8116d106bfdf4246.js:1:5209
    at http://localhost:4333/mirror-assets/8116d106bfdf4246.js:1:18452
    at _runHook (http://localhost:4333/mirror-assets/8116d106bfdf4246.js:1:15071)
    at Object.doAction (http://localhost:4333/mirror-assets/8116d106bfdf4246.js:1:15673)
    at e.exports.runReadyTrigger (http://localhost:4333/mirror-assets/8116d106bfdf4246.js:1:19682)
    at http://localhost:4333/mirror-assets/678fdc52c3b3d57b.js:1:12410
[     486ms] ChunkLoadError: Loading chunk 557 failed.
(error: https://sorrisoesalutemonza.it/mirror-assets/missing.svgjs/shared-frontend-handlers.03caa53373b56d3bab67.bundle.min.js)
    at __webpack_require__.f.j (http://localhost:4333/mirror-assets/6f310ffb9f2e8fd6.js:1:4987)
    at http://localhost:4333/mirror-assets/6f310ffb9f2e8fd6.js:1:1452
    at Array.reduce (<anonymous>)
    at __webpack_require__.e (http://localhost:4333/mirror-assets/6f310ffb9f2e8fd6.js:1:1413)
    at http://localhost:4333/mirror-assets/8116d106bfdf4246.js:1:5209
    at http://localhost:4333/mirror-assets/8116d106bfdf4246.js:1:18452
    at _runHook (http://localhost:4333/mirror-assets/8116d106bfdf4246.js:1:15071)
    at Object.doAction (http://localhost:4333/mirror-assets/8116d106bfdf4246.js:1:15673)
    at e.exports.runReadyTrigger (http://localhost:4333/mirror-assets/8116d106bfdf4246.js:1:19682)
    at http://localhost:4333/mirror-assets/678fdc52c3b3d57b.js:1:12410
[     486ms] ChunkLoadError: Loading chunk 557 failed.
(error: https://sorrisoesalutemonza.it/mirror-assets/missing.svgjs/shared-frontend-handlers.03caa53373b56d3bab67.bundle.min.js)
    at __webpack_require__.f.j (http://localhost:4333/mirror-assets/6f310ffb9f2e8fd6.js:1:4987)
    at http://localhost:4333/mirror-assets/6f310ffb9f2e8fd6.js:1:1452
    at Array.reduce (<anonymous>)
    at __webpack_require__.e (http://localhost:4333/mirror-assets/6f310ffb9f2e8fd6.js:1:1413)
    at http://localhost:4333/mirror-assets/8116d106bfdf4246.js:1:5209
    at http://localhost:4333/mirror-assets/8116d106bfdf4246.js:1:18452
    at _runHook (http://localhost:4333/mirror-assets/8116d106bfdf4246.js:1:15071)
    at Object.doAction (http://localhost:4333/mirror-assets/8116d106bfdf4246.js:1:15673)
    at e.exports.runReadyTrigger (http://localhost:4333/mirror-assets/8116d106bfdf4246.js:1:19682)
    at http://localhost:4333/mirror-assets/678fdc52c3b3d57b.js:1:12410
[     486ms] ChunkLoadError: Loading chunk 557 failed.
(error: https://sorrisoesalutemonza.it/mirror-assets/missing.svgjs/shared-frontend-handlers.03caa53373b56d3bab67.bundle.min.js)
    at __webpack_require__.f.j (http://localhost:4333/mirror-assets/6f310ffb9f2e8fd6.js:1:4987)
    at http://localhost:4333/mirror-assets/6f310ffb9f2e8fd6.js:1:1452
    at Array.reduce (<anonymous>)
    at __webpack_require__.e (http://localhost:4333/mirror-assets/6f310ffb9f2e8fd6.js:1:1413)
    at http://localhost:4333/mirror-assets/8116d106bfdf4246.js:1:5209
    at http://localhost:4333/mirror-assets/8116d106bfdf4246.js:1:18452
    at _runHook (http://localhost:4333/mirror-assets/8116d106bfdf4246.js:1:15071)
    at Object.doAction (http://localhost:4333/mirror-assets/8116d106bfdf4246.js:1:15673)
    at e.exports.runReadyTrigger (http://localhost:4333/mirror-assets/8116d106bfdf4246.js:1:19682)
    at http://localhost:4333/mirror-assets/678fdc52c3b3d57b.js:1:12410
[     486ms] ChunkLoadError: Loading chunk 557 failed.
(error: https://sorrisoesalutemonza.it/mirror-assets/missing.svgjs/shared-frontend-handlers.03caa53373b56d3bab67.bundle.min.js)
    at __webpack_require__.f.j (http://localhost:4333/mirror-assets/6f310ffb9f2e8fd6.js:1:4987)
    at http://localhost:4333/mirror-assets/6f310ffb9f2e8fd6.js:1:1452
    at Array.reduce (<anonymous>)
    at __webpack_require__.e (http://localhost:4333/mirror-assets/6f310ffb9f2e8fd6.js:1:1413)
    at http://localhost:4333/mirror-assets/8116d106bfdf4246.js:1:5209
    at http://localhost:4333/mirror-assets/8116d106bfdf4246.js:1:18452
    at _runHook (http://localhost:4333/mirror-assets/8116d106bfdf4246.js:1:15071)
    at Object.doAction (http://localhost:4333/mirror-assets/8116d106bfdf4246.js:1:15673)
    at e.exports.runReadyTrigger (http://localhost:4333/mirror-assets/8116d106bfdf4246.js:1:19682)
    at http://localhost:4333/mirror-assets/678fdc52c3b3d57b.js:1:12410
[     486ms] ChunkLoadError: Loading chunk 557 failed.
(error: https://sorrisoesalutemonza.it/mirror-assets/missing.svgjs/shared-frontend-handlers.03caa53373b56d3bab67.bundle.min.js)
    at __webpack_require__.f.j (http://localhost:4333/mirror-assets/6f310ffb9f2e8fd6.js:1:4987)
    at http://localhost:4333/mirror-assets/6f310ffb9f2e8fd6.js:1:1452
    at Array.reduce (<anonymous>)
    at __webpack_require__.e (http://localhost:4333/mirror-assets/6f310ffb9f2e8fd6.js:1:1413)
    at http://localhost:4333/mirror-assets/8116d106bfdf4246.js:1:5209
    at http://localhost:4333/mirror-assets/8116d106bfdf4246.js:1:18452
    at _runHook (http://localhost:4333/mirror-assets/8116d106bfdf4246.js:1:15071)
    at Object.doAction (http://localhost:4333/mirror-assets/8116d106bfdf4246.js:1:15673)
    at e.exports.runReadyTrigger (http://localhost:4333/mirror-assets/8116d106bfdf4246.js:1:19682)
    at http://localhost:4333/mirror-assets/678fdc52c3b3d57b.js:1:12410
[     486ms] ChunkLoadError: Loading chunk 557 failed.
(error: https://sorrisoesalutemonza.it/mirror-assets/missing.svgjs/shared-frontend-handlers.03caa53373b56d3bab67.bundle.min.js)
    at __webpack_require__.f.j (http://localhost:4333/mirror-assets/6f310ffb9f2e8fd6.js:1:4987)
    at http://localhost:4333/mirror-assets/6f310ffb9f2e8fd6.js:1:1452
    at Array.reduce (<anonymous>)
    at __webpack_require__.e (http://localhost:4333/mirror-assets/6f310ffb9f2e8fd6.js:1:1413)
    at http://localhost:4333/mirror-assets/8116d106bfdf4246.js:1:5209
    at http://localhost:4333/mirror-assets/8116d106bfdf4246.js:1:18452
    at _runHook (http://localhost:4333/mirror-assets/8116d106bfdf4246.js:1:15071)
    at Object.doAction (http://localhost:4333/mirror-assets/8116d106bfdf4246.js:1:15673)
    at e.exports.runReadyTrigger (http://localhost:4333/mirror-assets/8116d106bfdf4246.js:1:19682)
    at http://localhost:4333/mirror-assets/678fdc52c3b3d57b.js:1:12410
[     486ms] ChunkLoadError: Loading chunk 557 failed.
(error: https://sorrisoesalutemonza.it/mirror-assets/missing.svgjs/shared-frontend-handlers.03caa53373b56d3bab67.bundle.min.js)
    at __webpack_require__.f.j (http://localhost:4333/mirror-assets/6f310ffb9f2e8fd6.js:1:4987)
    at http://localhost:4333/mirror-assets/6f310ffb9f2e8fd6.js:1:1452
    at Array.reduce (<anonymous>)
    at __webpack_require__.e (http://localhost:4333/mirror-assets/6f310ffb9f2e8fd6.js:1:1413)
    at http://localhost:4333/mirror-assets/8116d106bfdf4246.js:1:5209
    at http://localhost:4333/mirror-assets/8116d106bfdf4246.js:1:18452
    at _runHook (http://localhost:4333/mirror-assets/8116d106bfdf4246.js:1:15071)
    at Object.doAction (http://localhost:4333/mirror-assets/8116d106bfdf4246.js:1:15673)
    at e.exports.runReadyTrigger (http://localhost:4333/mirror-assets/8116d106bfdf4246.js:1:19682)
    at http://localhost:4333/mirror-assets/678fdc52c3b3d57b.js:1:12410
[     486ms] ChunkLoadError: Loading chunk 557 failed.
(error: https://sorrisoesalutemonza.it/mirror-assets/missing.svgjs/shared-frontend-handlers.03caa53373b56d3bab67.bundle.min.js)
    at __webpack_require__.f.j (http://localhost:4333/mirror-assets/6f310ffb9f2e8fd6.js:1:4987)
    at http://localhost:4333/mirror-assets/6f310ffb9f2e8fd6.js:1:1452
    at Array.reduce (<anonymous>)
    at __webpack_require__.e (http://localhost:4333/mirror-assets/6f310ffb9f2e8fd6.js:1:1413)
    at http://localhost:4333/mirror-assets/8116d106bfdf4246.js:1:5209
    at http://localhost:4333/mirror-assets/8116d106bfdf4246.js:1:18452
    at _runHook (http://localhost:4333/mirror-assets/8116d106bfdf4246.js:1:15071)
    at Object.doAction (http://localhost:4333/mirror-assets/8116d106bfdf4246.js:1:15673)
    at e.exports.runReadyTrigger (http://localhost:4333/mirror-assets/8116d106bfdf4246.js:1:19682)
    at http://localhost:4333/mirror-assets/678fdc52c3b3d57b.js:1:12410
[     486ms] ChunkLoadError: Loading chunk 557 failed.
(error: https://sorrisoesalutemonza.it/mirror-assets/missing.svgjs/shared-frontend-handlers.03caa53373b56d3bab67.bundle.min.js)
    at __webpack_require__.f.j (http://localhost:4333/mirror-assets/6f310ffb9f2e8fd6.js:1:4987)
    at http://localhost:4333/mirror-assets/6f310ffb9f2e8fd6.js:1:1452
    at Array.reduce (<anonymous>)
    at __webpack_require__.e (http://localhost:4333/mirror-assets/6f310ffb9f2e8fd6.js:1:1413)
    at http://localhost:4333/mirror-assets/8116d106bfdf4246.js:1:5209
    at http://localhost:4333/mirror-assets/8116d106bfdf4246.js:1:18452
    at _runHook (http://localhost:4333/mirror-assets/8116d106bfdf4246.js:1:15071)
    at Object.doAction (http://localhost:4333/mirror-assets/8116d106bfdf4246.js:1:15673)
    at e.exports.runReadyTrigger (http://localhost:4333/mirror-assets/8116d106bfdf4246.js:1:19682)
    at http://localhost:4333/mirror-assets/678fdc52c3b3d57b.js:1:12410
[     487ms] ChunkLoadError: Loading chunk 557 failed.
(error: https://sorrisoesalutemonza.it/mirror-assets/missing.svgjs/shared-frontend-handlers.03caa53373b56d3bab67.bundle.min.js)
    at __webpack_require__.f.j (http://localhost:4333/mirror-assets/6f310ffb9f2e8fd6.js:1:4987)
    at http://localhost:4333/mirror-assets/6f310ffb9f2e8fd6.js:1:1452
    at Array.reduce (<anonymous>)
    at __webpack_require__.e (http://localhost:4333/mirror-assets/6f310ffb9f2e8fd6.js:1:1413)
    at http://localhost:4333/mirror-assets/8116d106bfdf4246.js:1:5209
    at http://localhost:4333/mirror-assets/8116d106bfdf4246.js:1:18452
    at _runHook (http://localhost:4333/mirror-assets/8116d106bfdf4246.js:1:15071)
    at Object.doAction (http://localhost:4333/mirror-assets/8116d106bfdf4246.js:1:15673)
    at e.exports.runReadyTrigger (http://localhost:4333/mirror-assets/8116d106bfdf4246.js:1:19682)
    at http://localhost:4333/mirror-assets/678fdc52c3b3d57b.js:1:12410
[     487ms] ChunkLoadError: Loading chunk 557 failed.
(error: https://sorrisoesalutemonza.it/mirror-assets/missing.svgjs/shared-frontend-handlers.03caa53373b56d3bab67.bundle.min.js)
    at __webpack_require__.f.j (http://localhost:4333/mirror-assets/6f310ffb9f2e8fd6.js:1:4987)
    at http://localhost:4333/mirror-assets/6f310ffb9f2e8fd6.js:1:1452
    at Array.reduce (<anonymous>)
    at __webpack_require__.e (http://localhost:4333/mirror-assets/6f310ffb9f2e8fd6.js:1:1413)
    at http://localhost:4333/mirror-assets/8116d106bfdf4246.js:1:5209
    at http://localhost:4333/mirror-assets/8116d106bfdf4246.js:1:18452
    at _runHook (http://localhost:4333/mirror-assets/8116d106bfdf4246.js:1:15071)
    at Object.doAction (http://localhost:4333/mirror-assets/8116d106bfdf4246.js:1:15673)
    at e.exports.runReadyTrigger (http://localhost:4333/mirror-assets/8116d106bfdf4246.js:1:19682)
    at http://localhost:4333/mirror-assets/678fdc52c3b3d57b.js:1:12410
[     487ms] ChunkLoadError: Loading chunk 557 failed.
(error: https://sorrisoesalutemonza.it/mirror-assets/missing.svgjs/shared-frontend-handlers.03caa53373b56d3bab67.bundle.min.js)
    at __webpack_require__.f.j (http://localhost:4333/mirror-assets/6f310ffb9f2e8fd6.js:1:4987)
    at http://localhost:4333/mirror-assets/6f310ffb9f2e8fd6.js:1:1452
    at Array.reduce (<anonymous>)
    at __webpack_require__.e (http://localhost:4333/mirror-assets/6f310ffb9f2e8fd6.js:1:1413)
    at http://localhost:4333/mirror-assets/8116d106bfdf4246.js:1:5209
    at http://localhost:4333/mirror-assets/8116d106bfdf4246.js:1:18452
    at _runHook (http://localhost:4333/mirror-assets/8116d106bfdf4246.js:1:15071)
    at Object.doAction (http://localhost:4333/mirror-assets/8116d106bfdf4246.js:1:15673)
    at e.exports.runReadyTrigger (http://localhost:4333/mirror-assets/8116d106bfdf4246.js:1:19682)
    at http://localhost:4333/mirror-assets/678fdc52c3b3d57b.js:1:12410
[     487ms] ChunkLoadError: Loading chunk 557 failed.
(error: https://sorrisoesalutemonza.it/mirror-assets/missing.svgjs/shared-frontend-handlers.03caa53373b56d3bab67.bundle.min.js)
    at __webpack_require__.f.j (http://localhost:4333/mirror-assets/6f310ffb9f2e8fd6.js:1:4987)
    at http://localhost:4333/mirror-assets/6f310ffb9f2e8fd6.js:1:1452
    at Array.reduce (<anonymous>)
    at __webpack_require__.e (http://localhost:4333/mirror-assets/6f310ffb9f2e8fd6.js:1:1413)
    at http://localhost:4333/mirror-assets/8116d106bfdf4246.js:1:5209
    at http://localhost:4333/mirror-assets/8116d106bfdf4246.js:1:18452
    at _runHook (http://localhost:4333/mirror-assets/8116d106bfdf4246.js:1:15071)
    at Object.doAction (http://localhost:4333/mirror-assets/8116d106bfdf4246.js:1:15673)
    at e.exports.runReadyTrigger (http://localhost:4333/mirror-assets/8116d106bfdf4246.js:1:19682)
    at http://localhost:4333/mirror-assets/678fdc52c3b3d57b.js:1:12410
[     487ms] ChunkLoadError: Loading chunk 557 failed.
(error: https://sorrisoesalutemonza.it/mirror-assets/missing.svgjs/shared-frontend-handlers.03caa53373b56d3bab67.bundle.min.js)
    at __webpack_require__.f.j (http://localhost:4333/mirror-assets/6f310ffb9f2e8fd6.js:1:4987)
    at http://localhost:4333/mirror-assets/6f310ffb9f2e8fd6.js:1:1452
    at Array.reduce (<anonymous>)
    at __webpack_require__.e (http://localhost:4333/mirror-assets/6f310ffb9f2e8fd6.js:1:1413)
    at http://localhost:4333/mirror-assets/8116d106bfdf4246.js:1:5209
    at http://localhost:4333/mirror-assets/8116d106bfdf4246.js:1:18452
    at _runHook (http://localhost:4333/mirror-assets/8116d106bfdf4246.js:1:15071)
    at Object.doAction (http://localhost:4333/mirror-assets/8116d106bfdf4246.js:1:15673)
    at e.exports.runReadyTrigger (http://localhost:4333/mirror-assets/8116d106bfdf4246.js:1:19682)
    at http://localhost:4333/mirror-assets/678fdc52c3b3d57b.js:1:12410
[     487ms] ChunkLoadError: Loading chunk 557 failed.
(error: https://sorrisoesalutemonza.it/mirror-assets/missing.svgjs/shared-frontend-handlers.03caa53373b56d3bab67.bundle.min.js)
    at __webpack_require__.f.j (http://localhost:4333/mirror-assets/6f310ffb9f2e8fd6.js:1:4987)
    at http://localhost:4333/mirror-assets/6f310ffb9f2e8fd6.js:1:1452
    at Array.reduce (<anonymous>)
    at __webpack_require__.e (http://localhost:4333/mirror-assets/6f310ffb9f2e8fd6.js:1:1413)
    at http://localhost:4333/mirror-assets/8116d106bfdf4246.js:1:5209
    at http://localhost:4333/mirror-assets/8116d106bfdf4246.js:1:18452
    at _runHook (http://localhost:4333/mirror-assets/8116d106bfdf4246.js:1:15071)
    at Object.doAction (http://localhost:4333/mirror-assets/8116d106bfdf4246.js:1:15673)
    at e.exports.runReadyTrigger (http://localhost:4333/mirror-assets/8116d106bfdf4246.js:1:19682)
    at http://localhost:4333/mirror-assets/678fdc52c3b3d57b.js:1:12410
[     487ms] ChunkLoadError: Loading chunk 557 failed.
(error: https://sorrisoesalutemonza.it/mirror-assets/missing.svgjs/shared-frontend-handlers.03caa53373b56d3bab67.bundle.min.js)
    at __webpack_require__.f.j (http://localhost:4333/mirror-assets/6f310ffb9f2e8fd6.js:1:4987)
    at http://localhost:4333/mirror-assets/6f310ffb9f2e8fd6.js:1:1452
    at Array.reduce (<anonymous>)
    at __webpack_require__.e (http://localhost:4333/mirror-assets/6f310ffb9f2e8fd6.js:1:1413)
    at http://localhost:4333/mirror-assets/8116d106bfdf4246.js:1:5209
    at http://localhost:4333/mirror-assets/8116d106bfdf4246.js:1:18452
    at _runHook (http://localhost:4333/mirror-assets/8116d106bfdf4246.js:1:15071)
    at Object.doAction (http://localhost:4333/mirror-assets/8116d106bfdf4246.js:1:15673)
    at e.exports.runReadyTrigger (http://localhost:4333/mirror-assets/8116d106bfdf4246.js:1:19682)
    at http://localhost:4333/mirror-assets/678fdc52c3b3d57b.js:1:12410
[     487ms] ChunkLoadError: Loading chunk 557 failed.
(error: https://sorrisoesalutemonza.it/mirror-assets/missing.svgjs/shared-frontend-handlers.03caa53373b56d3bab67.bundle.min.js)
    at __webpack_require__.f.j (http://localhost:4333/mirror-assets/6f310ffb9f2e8fd6.js:1:4987)
    at http://localhost:4333/mirror-assets/6f310ffb9f2e8fd6.js:1:1452
    at Array.reduce (<anonymous>)
    at __webpack_require__.e (http://localhost:4333/mirror-assets/6f310ffb9f2e8fd6.js:1:1413)
    at http://localhost:4333/mirror-assets/8116d106bfdf4246.js:1:5209
    at http://localhost:4333/mirror-assets/8116d106bfdf4246.js:1:18452
    at _runHook (http://localhost:4333/mirror-assets/8116d106bfdf4246.js:1:15071)
    at Object.doAction (http://localhost:4333/mirror-assets/8116d106bfdf4246.js:1:15673)
    at e.exports.runReadyTrigger (http://localhost:4333/mirror-assets/8116d106bfdf4246.js:1:19682)
    at http://localhost:4333/mirror-assets/678fdc52c3b3d57b.js:1:12410
[     487ms] ChunkLoadError: Loading chunk 557 failed.
(error: https://sorrisoesalutemonza.it/mirror-assets/missing.svgjs/shared-frontend-handlers.03caa53373b56d3bab67.bundle.min.js)
    at __webpack_require__.f.j (http://localhost:4333/mirror-assets/6f310ffb9f2e8fd6.js:1:4987)
    at http://localhost:4333/mirror-assets/6f310ffb9f2e8fd6.js:1:1452
    at Array.reduce (<anonymous>)
    at __webpack_require__.e (http://localhost:4333/mirror-assets/6f310ffb9f2e8fd6.js:1:1413)
    at http://localhost:4333/mirror-assets/8116d106bfdf4246.js:1:5209
    at http://localhost:4333/mirror-assets/8116d106bfdf4246.js:1:18452
    at _runHook (http://localhost:4333/mirror-assets/8116d106bfdf4246.js:1:15071)
    at Object.doAction (http://localhost:4333/mirror-assets/8116d106bfdf4246.js:1:15673)
    at e.exports.runReadyTrigger (http://localhost:4333/mirror-assets/8116d106bfdf4246.js:1:19682)
    at http://localhost:4333/mirror-assets/678fdc52c3b3d57b.js:1:12410
[     487ms] ChunkLoadError: Loading chunk 557 failed.
(error: https://sorrisoesalutemonza.it/mirror-assets/missing.svgjs/shared-frontend-handlers.03caa53373b56d3bab67.bundle.min.js)
    at __webpack_require__.f.j (http://localhost:4333/mirror-assets/6f310ffb9f2e8fd6.js:1:4987)
    at http://localhost:4333/mirror-assets/6f310ffb9f2e8fd6.js:1:1452
    at Array.reduce (<anonymous>)
    at __webpack_require__.e (http://localhost:4333/mirror-assets/6f310ffb9f2e8fd6.js:1:1413)
    at http://localhost:4333/mirror-assets/8116d106bfdf4246.js:1:5209
    at http://localhost:4333/mirror-assets/8116d106bfdf4246.js:1:18452
    at _runHook (http://localhost:4333/mirror-assets/8116d106bfdf4246.js:1:15071)
    at Object.doAction (http://localhost:4333/mirror-assets/8116d106bfdf4246.js:1:15673)
    at e.exports.runReadyTrigger (http://localhost:4333/mirror-assets/8116d106bfdf4246.js:1:19682)
    at http://localhost:4333/mirror-assets/678fdc52c3b3d57b.js:1:12410
[     487ms] ChunkLoadError: Loading chunk 557 failed.
(error: https://sorrisoesalutemonza.it/mirror-assets/missing.svgjs/shared-frontend-handlers.03caa53373b56d3bab67.bundle.min.js)
    at __webpack_require__.f.j (http://localhost:4333/mirror-assets/6f310ffb9f2e8fd6.js:1:4987)
    at http://localhost:4333/mirror-assets/6f310ffb9f2e8fd6.js:1:1452
    at Array.reduce (<anonymous>)
    at __webpack_require__.e (http://localhost:4333/mirror-assets/6f310ffb9f2e8fd6.js:1:1413)
    at http://localhost:4333/mirror-assets/8116d106bfdf4246.js:1:5209
    at http://localhost:4333/mirror-assets/8116d106bfdf4246.js:1:18452
    at _runHook (http://localhost:4333/mirror-assets/8116d106bfdf4246.js:1:15071)
    at Object.doAction (http://localhost:4333/mirror-assets/8116d106bfdf4246.js:1:15673)
    at e.exports.runReadyTrigger (http://localhost:4333/mirror-assets/8116d106bfdf4246.js:1:19682)
    at http://localhost:4333/mirror-assets/678fdc52c3b3d57b.js:1:12410
[     487ms] ChunkLoadError: Loading chunk 557 failed.
(error: https://sorrisoesalutemonza.it/mirror-assets/missing.svgjs/shared-frontend-handlers.03caa53373b56d3bab67.bundle.min.js)
    at __webpack_require__.f.j (http://localhost:4333/mirror-assets/6f310ffb9f2e8fd6.js:1:4987)
    at http://localhost:4333/mirror-assets/6f310ffb9f2e8fd6.js:1:1452
    at Array.reduce (<anonymous>)
    at __webpack_require__.e (http://localhost:4333/mirror-assets/6f310ffb9f2e8fd6.js:1:1413)
    at http://localhost:4333/mirror-assets/8116d106bfdf4246.js:1:5209
    at http://localhost:4333/mirror-assets/8116d106bfdf4246.js:1:18452
    at _runHook (http://localhost:4333/mirror-assets/8116d106bfdf4246.js:1:15071)
    at Object.doAction (http://localhost:4333/mirror-assets/8116d106bfdf4246.js:1:15673)
    at e.exports.runReadyTrigger (http://localhost:4333/mirror-assets/8116d106bfdf4246.js:1:19682)
    at http://localhost:4333/mirror-assets/678fdc52c3b3d57b.js:1:12410
[     487ms] ChunkLoadError: Loading chunk 557 failed.
(error: https://sorrisoesalutemonza.it/mirror-assets/missing.svgjs/shared-frontend-handlers.03caa53373b56d3bab67.bundle.min.js)
    at __webpack_require__.f.j (http://localhost:4333/mirror-assets/6f310ffb9f2e8fd6.js:1:4987)
    at http://localhost:4333/mirror-assets/6f310ffb9f2e8fd6.js:1:1452
    at Array.reduce (<anonymous>)
    at __webpack_require__.e (http://localhost:4333/mirror-assets/6f310ffb9f2e8fd6.js:1:1413)
    at http://localhost:4333/mirror-assets/8116d106bfdf4246.js:1:5209
    at http://localhost:4333/mirror-assets/8116d106bfdf4246.js:1:18452
    at _runHook (http://localhost:4333/mirror-assets/8116d106bfdf4246.js:1:15071)
    at Object.doAction (http://localhost:4333/mirror-assets/8116d106bfdf4246.js:1:15673)
    at e.exports.runReadyTrigger (http://localhost:4333/mirror-assets/8116d106bfdf4246.js:1:19682)
    at http://localhost:4333/mirror-assets/678fdc52c3b3d57b.js:1:12410
[     487ms] ChunkLoadError: Loading chunk 557 failed.
(error: https://sorrisoesalutemonza.it/mirror-assets/missing.svgjs/shared-frontend-handlers.03caa53373b56d3bab67.bundle.min.js)
    at __webpack_require__.f.j (http://localhost:4333/mirror-assets/6f310ffb9f2e8fd6.js:1:4987)
    at http://localhost:4333/mirror-assets/6f310ffb9f2e8fd6.js:1:1452
    at Array.reduce (<anonymous>)
    at __webpack_require__.e (http://localhost:4333/mirror-assets/6f310ffb9f2e8fd6.js:1:1413)
    at http://localhost:4333/mirror-assets/8116d106bfdf4246.js:1:5209
    at http://localhost:4333/mirror-assets/8116d106bfdf4246.js:1:18452
    at _runHook (http://localhost:4333/mirror-assets/8116d106bfdf4246.js:1:15071)
    at Object.doAction (http://localhost:4333/mirror-assets/8116d106bfdf4246.js:1:15673)
    at e.exports.runReadyTrigger (http://localhost:4333/mirror-assets/8116d106bfdf4246.js:1:19682)
    at http://localhost:4333/mirror-assets/678fdc52c3b3d57b.js:1:12410
[     487ms] ChunkLoadError: Loading chunk 557 failed.
(error: https://sorrisoesalutemonza.it/mirror-assets/missing.svgjs/shared-frontend-handlers.03caa53373b56d3bab67.bundle.min.js)
    at __webpack_require__.f.j (http://localhost:4333/mirror-assets/6f310ffb9f2e8fd6.js:1:4987)
    at http://localhost:4333/mirror-assets/6f310ffb9f2e8fd6.js:1:1452
    at Array.reduce (<anonymous>)
    at __webpack_require__.e (http://localhost:4333/mirror-assets/6f310ffb9f2e8fd6.js:1:1413)
    at http://localhost:4333/mirror-assets/8116d106bfdf4246.js:1:5209
    at http://localhost:4333/mirror-assets/8116d106bfdf4246.js:1:18452
    at _runHook (http://localhost:4333/mirror-assets/8116d106bfdf4246.js:1:15071)
    at Object.doAction (http://localhost:4333/mirror-assets/8116d106bfdf4246.js:1:15673)
    at e.exports.runReadyTrigger (http://localhost:4333/mirror-assets/8116d106bfdf4246.js:1:19682)
    at http://localhost:4333/mirror-assets/678fdc52c3b3d57b.js:1:12410
[     487ms] ChunkLoadError: Loading chunk 557 failed.
(error: https://sorrisoesalutemonza.it/mirror-assets/missing.svgjs/shared-frontend-handlers.03caa53373b56d3bab67.bundle.min.js)
    at __webpack_require__.f.j (http://localhost:4333/mirror-assets/6f310ffb9f2e8fd6.js:1:4987)
    at http://localhost:4333/mirror-assets/6f310ffb9f2e8fd6.js:1:1452
    at Array.reduce (<anonymous>)
    at __webpack_require__.e (http://localhost:4333/mirror-assets/6f310ffb9f2e8fd6.js:1:1413)
    at http://localhost:4333/mirror-assets/8116d106bfdf4246.js:1:5209
    at http://localhost:4333/mirror-assets/8116d106bfdf4246.js:1:18452
    at _runHook (http://localhost:4333/mirror-assets/8116d106bfdf4246.js:1:15071)
    at Object.doAction (http://localhost:4333/mirror-assets/8116d106bfdf4246.js:1:15673)
    at e.exports.runReadyTrigger (http://localhost:4333/mirror-assets/8116d106bfdf4246.js:1:19682)
    at http://localhost:4333/mirror-assets/678fdc52c3b3d57b.js:1:12410
[     487ms] ChunkLoadError: Loading chunk 557 failed.
(error: https://sorrisoesalutemonza.it/mirror-assets/missing.svgjs/shared-frontend-handlers.03caa53373b56d3bab67.bundle.min.js)
    at __webpack_require__.f.j (http://localhost:4333/mirror-assets/6f310ffb9f2e8fd6.js:1:4987)
    at http://localhost:4333/mirror-assets/6f310ffb9f2e8fd6.js:1:1452
    at Array.reduce (<anonymous>)
    at __webpack_require__.e (http://localhost:4333/mirror-assets/6f310ffb9f2e8fd6.js:1:1413)
    at http://localhost:4333/mirror-assets/8116d106bfdf4246.js:1:5209
    at http://localhost:4333/mirror-assets/8116d106bfdf4246.js:1:18452
    at _runHook (http://localhost:4333/mirror-assets/8116d106bfdf4246.js:1:15071)
    at Object.doAction (http://localhost:4333/mirror-assets/8116d106bfdf4246.js:1:15673)
    at e.exports.runReadyTrigger (http://localhost:4333/mirror-assets/8116d106bfdf4246.js:1:19682)
    at http://localhost:4333/mirror-assets/678fdc52c3b3d57b.js:1:12410
[     487ms] ChunkLoadError: Loading chunk 557 failed.
(error: https://sorrisoesalutemonza.it/mirror-assets/missing.svgjs/shared-frontend-handlers.03caa53373b56d3bab67.bundle.min.js)
    at __webpack_require__.f.j (http://localhost:4333/mirror-assets/6f310ffb9f2e8fd6.js:1:4987)
    at http://localhost:4333/mirror-assets/6f310ffb9f2e8fd6.js:1:1452
    at Array.reduce (<anonymous>)
    at __webpack_require__.e (http://localhost:4333/mirror-assets/6f310ffb9f2e8fd6.js:1:1413)
    at http://localhost:4333/mirror-assets/8116d106bfdf4246.js:1:5209
    at http://localhost:4333/mirror-assets/8116d106bfdf4246.js:1:18452
    at _runHook (http://localhost:4333/mirror-assets/8116d106bfdf4246.js:1:15071)
    at Object.doAction (http://localhost:4333/mirror-assets/8116d106bfdf4246.js:1:15673)
    at e.exports.runReadyTrigger (http://localhost:4333/mirror-assets/8116d106bfdf4246.js:1:19682)
    at http://localhost:4333/mirror-assets/678fdc52c3b3d57b.js:1:12410
[     487ms] ChunkLoadError: Loading chunk 557 failed.
(error: https://sorrisoesalutemonza.it/mirror-assets/missing.svgjs/shared-frontend-handlers.03caa53373b56d3bab67.bundle.min.js)
    at __webpack_require__.f.j (http://localhost:4333/mirror-assets/6f310ffb9f2e8fd6.js:1:4987)
    at http://localhost:4333/mirror-assets/6f310ffb9f2e8fd6.js:1:1452
    at Array.reduce (<anonymous>)
    at __webpack_require__.e (http://localhost:4333/mirror-assets/6f310ffb9f2e8fd6.js:1:1413)
    at http://localhost:4333/mirror-assets/8116d106bfdf4246.js:1:5209
    at http://localhost:4333/mirror-assets/8116d106bfdf4246.js:1:18452
    at _runHook (http://localhost:4333/mirror-assets/8116d106bfdf4246.js:1:15071)
    at Object.doAction (http://localhost:4333/mirror-assets/8116d106bfdf4246.js:1:15673)
    at e.exports.runReadyTrigger (http://localhost:4333/mirror-assets/8116d106bfdf4246.js:1:19682)
    at http://localhost:4333/mirror-assets/678fdc52c3b3d57b.js:1:12410
[     487ms] ChunkLoadError: Loading chunk 557 failed.
(error: https://sorrisoesalutemonza.it/mirror-assets/missing.svgjs/shared-frontend-handlers.03caa53373b56d3bab67.bundle.min.js)
    at __webpack_require__.f.j (http://localhost:4333/mirror-assets/6f310ffb9f2e8fd6.js:1:4987)
    at http://localhost:4333/mirror-assets/6f310ffb9f2e8fd6.js:1:1452
    at Array.reduce (<anonymous>)
    at __webpack_require__.e (http://localhost:4333/mirror-assets/6f310ffb9f2e8fd6.js:1:1413)
    at http://localhost:4333/mirror-assets/8116d106bfdf4246.js:1:5209
    at http://localhost:4333/mirror-assets/8116d106bfdf4246.js:1:18452
    at _runHook (http://localhost:4333/mirror-assets/8116d106bfdf4246.js:1:15071)
    at Object.doAction (http://localhost:4333/mirror-assets/8116d106bfdf4246.js:1:15673)
    at e.exports.runReadyTrigger (http://localhost:4333/mirror-assets/8116d106bfdf4246.js:1:19682)
    at http://localhost:4333/mirror-assets/678fdc52c3b3d57b.js:1:12410
[     488ms] ChunkLoadError: Loading chunk 557 failed.
(error: https://sorrisoesalutemonza.it/mirror-assets/missing.svgjs/shared-frontend-handlers.03caa53373b56d3bab67.bundle.min.js)
    at __webpack_require__.f.j (http://localhost:4333/mirror-assets/6f310ffb9f2e8fd6.js:1:4987)
    at http://localhost:4333/mirror-assets/6f310ffb9f2e8fd6.js:1:1452
    at Array.reduce (<anonymous>)
    at __webpack_require__.e (http://localhost:4333/mirror-assets/6f310ffb9f2e8fd6.js:1:1413)
    at http://localhost:4333/mirror-assets/8116d106bfdf4246.js:1:5209
    at http://localhost:4333/mirror-assets/8116d106bfdf4246.js:1:18452
    at _runHook (http://localhost:4333/mirror-assets/8116d106bfdf4246.js:1:15071)
    at Object.doAction (http://localhost:4333/mirror-assets/8116d106bfdf4246.js:1:15673)
    at e.exports.runReadyTrigger (http://localhost:4333/mirror-assets/8116d106bfdf4246.js:1:19682)
    at http://localhost:4333/mirror-assets/678fdc52c3b3d57b.js:1:12410
[     488ms] ChunkLoadError: Loading chunk 557 failed.
(error: https://sorrisoesalutemonza.it/mirror-assets/missing.svgjs/shared-frontend-handlers.03caa53373b56d3bab67.bundle.min.js)
    at __webpack_require__.f.j (http://localhost:4333/mirror-assets/6f310ffb9f2e8fd6.js:1:4987)
    at http://localhost:4333/mirror-assets/6f310ffb9f2e8fd6.js:1:1452
    at Array.reduce (<anonymous>)
    at __webpack_require__.e (http://localhost:4333/mirror-assets/6f310ffb9f2e8fd6.js:1:1413)
    at http://localhost:4333/mirror-assets/8116d106bfdf4246.js:1:5209
    at http://localhost:4333/mirror-assets/8116d106bfdf4246.js:1:18452
    at _runHook (http://localhost:4333/mirror-assets/8116d106bfdf4246.js:1:15071)
    at Object.doAction (http://localhost:4333/mirror-assets/8116d106bfdf4246.js:1:15673)
    at e.exports.runReadyTrigger (http://localhost:4333/mirror-assets/8116d106bfdf4246.js:1:19682)
    at http://localhost:4333/mirror-assets/678fdc52c3b3d57b.js:1:12410
[     488ms] ChunkLoadError: Loading chunk 557 failed.
(error: https://sorrisoesalutemonza.it/mirror-assets/missing.svgjs/shared-frontend-handlers.03caa53373b56d3bab67.bundle.min.js)
    at __webpack_require__.f.j (http://localhost:4333/mirror-assets/6f310ffb9f2e8fd6.js:1:4987)
    at http://localhost:4333/mirror-assets/6f310ffb9f2e8fd6.js:1:1452
    at Array.reduce (<anonymous>)
    at __webpack_require__.e (http://localhost:4333/mirror-assets/6f310ffb9f2e8fd6.js:1:1413)
    at http://localhost:4333/mirror-assets/8116d106bfdf4246.js:1:5209
    at http://localhost:4333/mirror-assets/8116d106bfdf4246.js:1:18452
    at _runHook (http://localhost:4333/mirror-assets/8116d106bfdf4246.js:1:15071)
    at Object.doAction (http://localhost:4333/mirror-assets/8116d106bfdf4246.js:1:15673)
    at e.exports.runReadyTrigger (http://localhost:4333/mirror-assets/8116d106bfdf4246.js:1:19682)
    at http://localhost:4333/mirror-assets/678fdc52c3b3d57b.js:1:12410
[     488ms] ChunkLoadError: Loading chunk 557 failed.
(error: https://sorrisoesalutemonza.it/mirror-assets/missing.svgjs/shared-frontend-handlers.03caa53373b56d3bab67.bundle.min.js)
    at __webpack_require__.f.j (http://localhost:4333/mirror-assets/6f310ffb9f2e8fd6.js:1:4987)
    at http://localhost:4333/mirror-assets/6f310ffb9f2e8fd6.js:1:1452
    at Array.reduce (<anonymous>)
    at __webpack_require__.e (http://localhost:4333/mirror-assets/6f310ffb9f2e8fd6.js:1:1413)
    at http://localhost:4333/mirror-assets/8116d106bfdf4246.js:1:5209
    at http://localhost:4333/mirror-assets/8116d106bfdf4246.js:1:18452
    at _runHook (http://localhost:4333/mirror-assets/8116d106bfdf4246.js:1:15071)
    at Object.doAction (http://localhost:4333/mirror-assets/8116d106bfdf4246.js:1:15673)
    at e.exports.runReadyTrigger (http://localhost:4333/mirror-assets/8116d106bfdf4246.js:1:19682)
    at http://localhost:4333/mirror-assets/678fdc52c3b3d57b.js:1:12410
[     488ms] ChunkLoadError: Loading chunk 557 failed.
(error: https://sorrisoesalutemonza.it/mirror-assets/missing.svgjs/shared-frontend-handlers.03caa53373b56d3bab67.bundle.min.js)
    at __webpack_require__.f.j (http://localhost:4333/mirror-assets/6f310ffb9f2e8fd6.js:1:4987)
    at http://localhost:4333/mirror-assets/6f310ffb9f2e8fd6.js:1:1452
    at Array.reduce (<anonymous>)
    at __webpack_require__.e (http://localhost:4333/mirror-assets/6f310ffb9f2e8fd6.js:1:1413)
    at http://localhost:4333/mirror-assets/8116d106bfdf4246.js:1:5209
    at http://localhost:4333/mirror-assets/8116d106bfdf4246.js:1:18452
    at _runHook (http://localhost:4333/mirror-assets/8116d106bfdf4246.js:1:15071)
    at Object.doAction (http://localhost:4333/mirror-assets/8116d106bfdf4246.js:1:15673)
    at e.exports.runReadyTrigger (http://localhost:4333/mirror-assets/8116d106bfdf4246.js:1:19682)
    at http://localhost:4333/mirror-assets/678fdc52c3b3d57b.js:1:12410
[     488ms] ChunkLoadError: Loading chunk 557 failed.
(error: https://sorrisoesalutemonza.it/mirror-assets/missing.svgjs/shared-frontend-handlers.03caa53373b56d3bab67.bundle.min.js)
    at __webpack_require__.f.j (http://localhost:4333/mirror-assets/6f310ffb9f2e8fd6.js:1:4987)
    at http://localhost:4333/mirror-assets/6f310ffb9f2e8fd6.js:1:1452
    at Array.reduce (<anonymous>)
    at __webpack_require__.e (http://localhost:4333/mirror-assets/6f310ffb9f2e8fd6.js:1:1413)
    at http://localhost:4333/mirror-assets/8116d106bfdf4246.js:1:5209
    at http://localhost:4333/mirror-assets/8116d106bfdf4246.js:1:18452
    at _runHook (http://localhost:4333/mirror-assets/8116d106bfdf4246.js:1:15071)
    at Object.doAction (http://localhost:4333/mirror-assets/8116d106bfdf4246.js:1:15673)
    at e.exports.runReadyTrigger (http://localhost:4333/mirror-assets/8116d106bfdf4246.js:1:19682)
    at http://localhost:4333/mirror-assets/678fdc52c3b3d57b.js:1:12410
[     488ms] ChunkLoadError: Loading chunk 557 failed.
(error: https://sorrisoesalutemonza.it/mirror-assets/missing.svgjs/shared-frontend-handlers.03caa53373b56d3bab67.bundle.min.js)
    at __webpack_require__.f.j (http://localhost:4333/mirror-assets/6f310ffb9f2e8fd6.js:1:4987)
    at http://localhost:4333/mirror-assets/6f310ffb9f2e8fd6.js:1:1452
    at Array.reduce (<anonymous>)
    at __webpack_require__.e (http://localhost:4333/mirror-assets/6f310ffb9f2e8fd6.js:1:1413)
    at http://localhost:4333/mirror-assets/8116d106bfdf4246.js:1:5209
    at http://localhost:4333/mirror-assets/8116d106bfdf4246.js:1:18452
    at _runHook (http://localhost:4333/mirror-assets/8116d106bfdf4246.js:1:15071)
    at Object.doAction (http://localhost:4333/mirror-assets/8116d106bfdf4246.js:1:15673)
    at e.exports.runReadyTrigger (http://localhost:4333/mirror-assets/8116d106bfdf4246.js:1:19682)
    at http://localhost:4333/mirror-assets/678fdc52c3b3d57b.js:1:12410
[     488ms] ChunkLoadError: Loading chunk 557 failed.
(error: https://sorrisoesalutemonza.it/mirror-assets/missing.svgjs/shared-frontend-handlers.03caa53373b56d3bab67.bundle.min.js)
    at __webpack_require__.f.j (http://localhost:4333/mirror-assets/6f310ffb9f2e8fd6.js:1:4987)
    at http://localhost:4333/mirror-assets/6f310ffb9f2e8fd6.js:1:1452
    at Array.reduce (<anonymous>)
    at __webpack_require__.e (http://localhost:4333/mirror-assets/6f310ffb9f2e8fd6.js:1:1413)
    at http://localhost:4333/mirror-assets/8116d106bfdf4246.js:1:5209
    at http://localhost:4333/mirror-assets/8116d106bfdf4246.js:1:18452
    at _runHook (http://localhost:4333/mirror-assets/8116d106bfdf4246.js:1:15071)
    at Object.doAction (http://localhost:4333/mirror-assets/8116d106bfdf4246.js:1:15673)
    at e.exports.runReadyTrigger (http://localhost:4333/mirror-assets/8116d106bfdf4246.js:1:19682)
    at http://localhost:4333/mirror-assets/678fdc52c3b3d57b.js:1:12410
[     488ms] ChunkLoadError: Loading chunk 557 failed.
(error: https://sorrisoesalutemonza.it/mirror-assets/missing.svgjs/shared-frontend-handlers.03caa53373b56d3bab67.bundle.min.js)
    at __webpack_require__.f.j (http://localhost:4333/mirror-assets/6f310ffb9f2e8fd6.js:1:4987)
    at http://localhost:4333/mirror-assets/6f310ffb9f2e8fd6.js:1:1452
    at Array.reduce (<anonymous>)
    at __webpack_require__.e (http://localhost:4333/mirror-assets/6f310ffb9f2e8fd6.js:1:1413)
    at http://localhost:4333/mirror-assets/8116d106bfdf4246.js:1:5209
    at http://localhost:4333/mirror-assets/8116d106bfdf4246.js:1:18452
    at _runHook (http://localhost:4333/mirror-assets/8116d106bfdf4246.js:1:15071)
    at Object.doAction (http://localhost:4333/mirror-assets/8116d106bfdf4246.js:1:15673)
    at e.exports.runReadyTrigger (http://localhost:4333/mirror-assets/8116d106bfdf4246.js:1:19682)
    at http://localhost:4333/mirror-assets/678fdc52c3b3d57b.js:1:12410
[     488ms] ChunkLoadError: Loading chunk 557 failed.
(error: https://sorrisoesalutemonza.it/mirror-assets/missing.svgjs/shared-frontend-handlers.03caa53373b56d3bab67.bundle.min.js)
    at __webpack_require__.f.j (http://localhost:4333/mirror-assets/6f310ffb9f2e8fd6.js:1:4987)
    at http://localhost:4333/mirror-assets/6f310ffb9f2e8fd6.js:1:1452
    at Array.reduce (<anonymous>)
    at __webpack_require__.e (http://localhost:4333/mirror-assets/6f310ffb9f2e8fd6.js:1:1413)
    at http://localhost:4333/mirror-assets/8116d106bfdf4246.js:1:5209
    at http://localhost:4333/mirror-assets/8116d106bfdf4246.js:1:18452
    at _runHook (http://localhost:4333/mirror-assets/8116d106bfdf4246.js:1:15071)
    at Object.doAction (http://localhost:4333/mirror-assets/8116d106bfdf4246.js:1:15673)
    at e.exports.runReadyTrigger (http://localhost:4333/mirror-assets/8116d106bfdf4246.js:1:19682)
    at http://localhost:4333/mirror-assets/678fdc52c3b3d57b.js:1:12410
[     488ms] ChunkLoadError: Loading chunk 557 failed.
(error: https://sorrisoesalutemonza.it/mirror-assets/missing.svgjs/shared-frontend-handlers.03caa53373b56d3bab67.bundle.min.js)
    at __webpack_require__.f.j (http://localhost:4333/mirror-assets/6f310ffb9f2e8fd6.js:1:4987)
    at http://localhost:4333/mirror-assets/6f310ffb9f2e8fd6.js:1:1452
    at Array.reduce (<anonymous>)
    at __webpack_require__.e (http://localhost:4333/mirror-assets/6f310ffb9f2e8fd6.js:1:1413)
    at http://localhost:4333/mirror-assets/8116d106bfdf4246.js:1:5209
    at http://localhost:4333/mirror-assets/8116d106bfdf4246.js:1:18452
    at _runHook (http://localhost:4333/mirror-assets/8116d106bfdf4246.js:1:15071)
    at Object.doAction (http://localhost:4333/mirror-assets/8116d106bfdf4246.js:1:15673)
    at e.exports.runReadyTrigger (http://localhost:4333/mirror-assets/8116d106bfdf4246.js:1:19682)
    at http://localhost:4333/mirror-assets/678fdc52c3b3d57b.js:1:12410
[     488ms] ChunkLoadError: Loading chunk 557 failed.
(error: https://sorrisoesalutemonza.it/mirror-assets/missing.svgjs/shared-frontend-handlers.03caa53373b56d3bab67.bundle.min.js)
    at __webpack_require__.f.j (http://localhost:4333/mirror-assets/6f310ffb9f2e8fd6.js:1:4987)
    at http://localhost:4333/mirror-assets/6f310ffb9f2e8fd6.js:1:1452
    at Array.reduce (<anonymous>)
    at __webpack_require__.e (http://localhost:4333/mirror-assets/6f310ffb9f2e8fd6.js:1:1413)
    at http://localhost:4333/mirror-assets/8116d106bfdf4246.js:1:5209
    at http://localhost:4333/mirror-assets/8116d106bfdf4246.js:1:18452
    at _runHook (http://localhost:4333/mirror-assets/8116d106bfdf4246.js:1:15071)
    at Object.doAction (http://localhost:4333/mirror-assets/8116d106bfdf4246.js:1:15673)
    at e.exports.runReadyTrigger (http://localhost:4333/mirror-assets/8116d106bfdf4246.js:1:19682)
    at http://localhost:4333/mirror-assets/678fdc52c3b3d57b.js:1:12410
[     488ms] ChunkLoadError: Loading chunk 557 failed.
(error: https://sorrisoesalutemonza.it/mirror-assets/missing.svgjs/shared-frontend-handlers.03caa53373b56d3bab67.bundle.min.js)
    at __webpack_require__.f.j (http://localhost:4333/mirror-assets/6f310ffb9f2e8fd6.js:1:4987)
    at http://localhost:4333/mirror-assets/6f310ffb9f2e8fd6.js:1:1452
    at Array.reduce (<anonymous>)
    at __webpack_require__.e (http://localhost:4333/mirror-assets/6f310ffb9f2e8fd6.js:1:1413)
    at http://localhost:4333/mirror-assets/8116d106bfdf4246.js:1:5209
    at http://localhost:4333/mirror-assets/8116d106bfdf4246.js:1:18452
    at _runHook (http://localhost:4333/mirror-assets/8116d106bfdf4246.js:1:15071)
    at Object.doAction (http://localhost:4333/mirror-assets/8116d106bfdf4246.js:1:15673)
    at e.exports.runReadyTrigger (http://localhost:4333/mirror-assets/8116d106bfdf4246.js:1:19682)
    at http://localhost:4333/mirror-assets/678fdc52c3b3d57b.js:1:12410
[     488ms] ChunkLoadError: Loading chunk 557 failed.
(error: https://sorrisoesalutemonza.it/mirror-assets/missing.svgjs/shared-frontend-handlers.03caa53373b56d3bab67.bundle.min.js)
    at __webpack_require__.f.j (http://localhost:4333/mirror-assets/6f310ffb9f2e8fd6.js:1:4987)
    at http://localhost:4333/mirror-assets/6f310ffb9f2e8fd6.js:1:1452
    at Array.reduce (<anonymous>)
    at __webpack_require__.e (http://localhost:4333/mirror-assets/6f310ffb9f2e8fd6.js:1:1413)
    at http://localhost:4333/mirror-assets/8116d106bfdf4246.js:1:5209
    at http://localhost:4333/mirror-assets/8116d106bfdf4246.js:1:18452
    at _runHook (http://localhost:4333/mirror-assets/8116d106bfdf4246.js:1:15071)
    at Object.doAction (http://localhost:4333/mirror-assets/8116d106bfdf4246.js:1:15673)
    at e.exports.runReadyTrigger (http://localhost:4333/mirror-assets/8116d106bfdf4246.js:1:19682)
    at http://localhost:4333/mirror-assets/678fdc52c3b3d57b.js:1:12410
[     488ms] ChunkLoadError: Loading chunk 557 failed.
(error: https://sorrisoesalutemonza.it/mirror-assets/missing.svgjs/shared-frontend-handlers.03caa53373b56d3bab67.bundle.min.js)
    at __webpack_require__.f.j (http://localhost:4333/mirror-assets/6f310ffb9f2e8fd6.js:1:4987)
    at http://localhost:4333/mirror-assets/6f310ffb9f2e8fd6.js:1:1452
    at Array.reduce (<anonymous>)
    at __webpack_require__.e (http://localhost:4333/mirror-assets/6f310ffb9f2e8fd6.js:1:1413)
    at http://localhost:4333/mirror-assets/8116d106bfdf4246.js:1:5209
    at http://localhost:4333/mirror-assets/8116d106bfdf4246.js:1:18452
    at _runHook (http://localhost:4333/mirror-assets/8116d106bfdf4246.js:1:15071)
    at Object.doAction (http://localhost:4333/mirror-assets/8116d106bfdf4246.js:1:15673)
    at e.exports.runReadyTrigger (http://localhost:4333/mirror-assets/8116d106bfdf4246.js:1:19682)
    at http://localhost:4333/mirror-assets/678fdc52c3b3d57b.js:1:12410
[     488ms] ChunkLoadError: Loading chunk 557 failed.
(error: https://sorrisoesalutemonza.it/mirror-assets/missing.svgjs/shared-frontend-handlers.03caa53373b56d3bab67.bundle.min.js)
    at __webpack_require__.f.j (http://localhost:4333/mirror-assets/6f310ffb9f2e8fd6.js:1:4987)
    at http://localhost:4333/mirror-assets/6f310ffb9f2e8fd6.js:1:1452
    at Array.reduce (<anonymous>)
    at __webpack_require__.e (http://localhost:4333/mirror-assets/6f310ffb9f2e8fd6.js:1:1413)
    at http://localhost:4333/mirror-assets/8116d106bfdf4246.js:1:5209
    at http://localhost:4333/mirror-assets/8116d106bfdf4246.js:1:18452
    at _runHook (http://localhost:4333/mirror-assets/8116d106bfdf4246.js:1:15071)
    at Object.doAction (http://localhost:4333/mirror-assets/8116d106bfdf4246.js:1:15673)
    at e.exports.runReadyTrigger (http://localhost:4333/mirror-assets/8116d106bfdf4246.js:1:19682)
    at http://localhost:4333/mirror-assets/678fdc52c3b3d57b.js:1:12410
[     488ms] ChunkLoadError: Loading chunk 557 failed.
(error: https://sorrisoesalutemonza.it/mirror-assets/missing.svgjs/shared-frontend-handlers.03caa53373b56d3bab67.bundle.min.js)
    at __webpack_require__.f.j (http://localhost:4333/mirror-assets/6f310ffb9f2e8fd6.js:1:4987)
    at http://localhost:4333/mirror-assets/6f310ffb9f2e8fd6.js:1:1452
    at Array.reduce (<anonymous>)
    at __webpack_require__.e (http://localhost:4333/mirror-assets/6f310ffb9f2e8fd6.js:1:1413)
    at http://localhost:4333/mirror-assets/8116d106bfdf4246.js:1:5209
    at http://localhost:4333/mirror-assets/8116d106bfdf4246.js:1:18452
    at _runHook (http://localhost:4333/mirror-assets/8116d106bfdf4246.js:1:15071)
    at Object.doAction (http://localhost:4333/mirror-assets/8116d106bfdf4246.js:1:15673)
    at e.exports.runReadyTrigger (http://localhost:4333/mirror-assets/8116d106bfdf4246.js:1:19682)
    at http://localhost:4333/mirror-assets/678fdc52c3b3d57b.js:1:12410
[     488ms] ChunkLoadError: Loading chunk 557 failed.
(error: https://sorrisoesalutemonza.it/mirror-assets/missing.svgjs/shared-frontend-handlers.03caa53373b56d3bab67.bundle.min.js)
    at __webpack_require__.f.j (http://localhost:4333/mirror-assets/6f310ffb9f2e8fd6.js:1:4987)
    at http://localhost:4333/mirror-assets/6f310ffb9f2e8fd6.js:1:1452
    at Array.reduce (<anonymous>)
    at __webpack_require__.e (http://localhost:4333/mirror-assets/6f310ffb9f2e8fd6.js:1:1413)
    at http://localhost:4333/mirror-assets/8116d106bfdf4246.js:1:5209
    at http://localhost:4333/mirror-assets/8116d106bfdf4246.js:1:18452
    at _runHook (http://localhost:4333/mirror-assets/8116d106bfdf4246.js:1:15071)
    at Object.doAction (http://localhost:4333/mirror-assets/8116d106bfdf4246.js:1:15673)
    at e.exports.runReadyTrigger (http://localhost:4333/mirror-assets/8116d106bfdf4246.js:1:19682)
    at http://localhost:4333/mirror-assets/678fdc52c3b3d57b.js:1:12410
[     488ms] ChunkLoadError: Loading chunk 557 failed.
(error: https://sorrisoesalutemonza.it/mirror-assets/missing.svgjs/shared-frontend-handlers.03caa53373b56d3bab67.bundle.min.js)
    at __webpack_require__.f.j (http://localhost:4333/mirror-assets/6f310ffb9f2e8fd6.js:1:4987)
    at http://localhost:4333/mirror-assets/6f310ffb9f2e8fd6.js:1:1452
    at Array.reduce (<anonymous>)
    at __webpack_require__.e (http://localhost:4333/mirror-assets/6f310ffb9f2e8fd6.js:1:1413)
    at http://localhost:4333/mirror-assets/8116d106bfdf4246.js:1:5209
    at http://localhost:4333/mirror-assets/8116d106bfdf4246.js:1:18452
    at _runHook (http://localhost:4333/mirror-assets/8116d106bfdf4246.js:1:15071)
    at Object.doAction (http://localhost:4333/mirror-assets/8116d106bfdf4246.js:1:15673)
    at e.exports.runReadyTrigger (http://localhost:4333/mirror-assets/8116d106bfdf4246.js:1:19682)
    at http://localhost:4333/mirror-assets/678fdc52c3b3d57b.js:1:12410
[     488ms] ChunkLoadError: Loading chunk 557 failed.
(error: https://sorrisoesalutemonza.it/mirror-assets/missing.svgjs/shared-frontend-handlers.03caa53373b56d3bab67.bundle.min.js)
    at __webpack_require__.f.j (http://localhost:4333/mirror-assets/6f310ffb9f2e8fd6.js:1:4987)
    at http://localhost:4333/mirror-assets/6f310ffb9f2e8fd6.js:1:1452
    at Array.reduce (<anonymous>)
    at __webpack_require__.e (http://localhost:4333/mirror-assets/6f310ffb9f2e8fd6.js:1:1413)
    at http://localhost:4333/mirror-assets/8116d106bfdf4246.js:1:5209
    at http://localhost:4333/mirror-assets/8116d106bfdf4246.js:1:18452
    at _runHook (http://localhost:4333/mirror-assets/8116d106bfdf4246.js:1:15071)
    at Object.doAction (http://localhost:4333/mirror-assets/8116d106bfdf4246.js:1:15673)
    at e.exports.runReadyTrigger (http://localhost:4333/mirror-assets/8116d106bfdf4246.js:1:19682)
    at http://localhost:4333/mirror-assets/678fdc52c3b3d57b.js:1:12410
[     489ms] ChunkLoadError: Loading chunk 557 failed.
(error: https://sorrisoesalutemonza.it/mirror-assets/missing.svgjs/shared-frontend-handlers.03caa53373b56d3bab67.bundle.min.js)
    at __webpack_require__.f.j (http://localhost:4333/mirror-assets/6f310ffb9f2e8fd6.js:1:4987)
    at http://localhost:4333/mirror-assets/6f310ffb9f2e8fd6.js:1:1452
    at Array.reduce (<anonymous>)
    at __webpack_require__.e (http://localhost:4333/mirror-assets/6f310ffb9f2e8fd6.js:1:1413)
    at http://localhost:4333/mirror-assets/8116d106bfdf4246.js:1:5209
    at http://localhost:4333/mirror-assets/8116d106bfdf4246.js:1:18452
    at _runHook (http://localhost:4333/mirror-assets/8116d106bfdf4246.js:1:15071)
    at Object.doAction (http://localhost:4333/mirror-assets/8116d106bfdf4246.js:1:15673)
    at e.exports.runReadyTrigger (http://localhost:4333/mirror-assets/8116d106bfdf4246.js:1:19682)
    at http://localhost:4333/mirror-assets/678fdc52c3b3d57b.js:1:12410
[     489ms] ChunkLoadError: Loading chunk 557 failed.
(error: https://sorrisoesalutemonza.it/mirror-assets/missing.svgjs/shared-frontend-handlers.03caa53373b56d3bab67.bundle.min.js)
    at __webpack_require__.f.j (http://localhost:4333/mirror-assets/6f310ffb9f2e8fd6.js:1:4987)
    at http://localhost:4333/mirror-assets/6f310ffb9f2e8fd6.js:1:1452
    at Array.reduce (<anonymous>)
    at __webpack_require__.e (http://localhost:4333/mirror-assets/6f310ffb9f2e8fd6.js:1:1413)
    at http://localhost:4333/mirror-assets/8116d106bfdf4246.js:1:5209
    at http://localhost:4333/mirror-assets/8116d106bfdf4246.js:1:18452
    at _runHook (http://localhost:4333/mirror-assets/8116d106bfdf4246.js:1:15071)
    at Object.doAction (http://localhost:4333/mirror-assets/8116d106bfdf4246.js:1:15673)
    at e.exports.runReadyTrigger (http://localhost:4333/mirror-assets/8116d106bfdf4246.js:1:19682)
    at http://localhost:4333/mirror-assets/678fdc52c3b3d57b.js:1:12410
[    3696ms] [WARNING] Deprecated API for given entry type. @ http://localhost:4333/mirror-assets/ad044e6ee8dea49c.js:0
[    4431ms] [ERROR] Access to resource at 'https://sorrisoesalutemonza.it/wp-json/optml/v1/optimizations' from origin 'http://localhost:4333' has been blocked by CORS policy: Response to preflight request doesn't pass access control check: No 'Access-Control-Allow-Origin' header is present on the requested resource. @ http://localhost:4333/chi-siamo/:0
[    4431ms] [ERROR] Failed to load resource: net::ERR_FAILED @ https://sorrisoesalutemonza.it/wp-json/optml/v1/optimizations:0
[    5027ms] ReferenceError: Odometer is not defined
    at http://localhost:4333/mirror-assets/0b4cbe69513d5443.js:1:7667
    at http://localhost:4333/mirror-assets/0b4cbe69513d5443.js:1:2032
    at Array.forEach (<anonymous>)
    at IntersectionObserver.<anonymous> (http://localhost:4333/mirror-assets/0b4cbe69513d5443.js:1:2000)
