[      66ms] [LOG] JQMIGRATE: Migrate is installed, version 3.4.1 @ http://localhost:4333/mirror-assets/74e803ca7a5d9c94.js:1
[     157ms] [ERROR] Failed to load resource: the server responded with a status of 404 () @ https://sorrisoesalutemonza.it/mirror-assets/missing.svgcss/conditionals/dialog.min.css?ver=4.1.2:0
[     157ms] [ERROR] Failed to load resource: the server responded with a status of 404 () @ https://sorrisoesalutemonza.it/mirror-assets/missing.svglib/share-link/share-link.min.js?ver=4.1.2:0
[     157ms] [ERROR] Failed to load resource: the server responded with a status of 404 () @ https://sorrisoesalutemonza.it/mirror-assets/missing.svglib/dialog/dialog.min.js?ver=4.9.3:0
[     163ms] [ERROR] Failed to load resource: the server responded with a status of 404 () @ https://sorrisoesalutemonza.it/mirror-assets/missing.svgcss/conditionals/lightbox.min.css?ver=4.1.2:0
[     163ms] [ERROR] Failed to load resource: the server responded with a status of 404 () @ https://sorrisoesalutemonza.it/mirror-assets/missing.svglib/swiper/v8/css/swiper.min.css?ver=8.4.5:0
[     163ms] [ERROR] Failed to load resource: the server responded with a status of 404 () @ https://sorrisoesalutemonza.it/mirror-assets/missing.svgjs/text-editor.45609661e409413f1cef.bundle.min.js:0
[     164ms] [ERROR] Failed to load resource: the server responded with a status of 404 () @ https://sorrisoesalutemonza.it/mirror-assets/missing.svgjs/397f2d183c19202777d6.bundle.min.js:0
[     164ms] [ERROR] Failed to load resource: the server responded with a status of 404 () @ https://sorrisoesalutemonza.it/mirror-assets/missing.svgjs/lightbox.570c05c5a283cfb6b223.bundle.min.js:0
[     204ms] ChunkLoadError: Loading chunk 212 failed.
(error: https://sorrisoesalutemonza.it/mirror-assets/missing.svgjs/text-editor.45609661e409413f1cef.bundle.min.js)
    at __webpack_require__.f.j (http://localhost:4333/mirror-assets/6f310ffb9f2e8fd6.js:1:4987)
    at http://localhost:4333/mirror-assets/6f310ffb9f2e8fd6.js:1:1452
    at Array.reduce (<anonymous>)
    at __webpack_require__.e (http://localhost:4333/mirror-assets/6f310ffb9f2e8fd6.js:1:1413)
    at text-editor.default (http://localhost:4333/mirror-assets/8116d106bfdf4246.js:1:17370)
    at http://localhost:4333/mirror-assets/8116d106bfdf4246.js:1:18452
    at _runHook (http://localhost:4333/mirror-assets/8116d106bfdf4246.js:1:15071)
    at Object.doAction (http://localhost:4333/mirror-assets/8116d106bfdf4246.js:1:15673)
    at e.exports.runReadyTrigger (http://localhost:4333/mirror-assets/8116d106bfdf4246.js:1:19800)
    at http://localhost:4333/mirror-assets/678fdc52c3b3d57b.js:1:12410
[     204ms] ChunkLoadError: Loading chunk 212 failed.
(error: https://sorrisoesalutemonza.it/mirror-assets/missing.svgjs/text-editor.45609661e409413f1cef.bundle.min.js)
    at __webpack_require__.f.j (http://localhost:4333/mirror-assets/6f310ffb9f2e8fd6.js:1:4987)
    at http://localhost:4333/mirror-assets/6f310ffb9f2e8fd6.js:1:1452
    at Array.reduce (<anonymous>)
    at __webpack_require__.e (http://localhost:4333/mirror-assets/6f310ffb9f2e8fd6.js:1:1413)
    at text-editor.default (http://localhost:4333/mirror-assets/8116d106bfdf4246.js:1:17370)
    at http://localhost:4333/mirror-assets/8116d106bfdf4246.js:1:18452
    at _runHook (http://localhost:4333/mirror-assets/8116d106bfdf4246.js:1:15071)
    at Object.doAction (http://localhost:4333/mirror-assets/8116d106bfdf4246.js:1:15673)
    at e.exports.runReadyTrigger (http://localhost:4333/mirror-assets/8116d106bfdf4246.js:1:19800)
    at http://localhost:4333/mirror-assets/678fdc52c3b3d57b.js:1:12410
[     204ms] ChunkLoadError: Loading chunk 212 failed.
(error: https://sorrisoesalutemonza.it/mirror-assets/missing.svgjs/text-editor.45609661e409413f1cef.bundle.min.js)
    at __webpack_require__.f.j (http://localhost:4333/mirror-assets/6f310ffb9f2e8fd6.js:1:4987)
    at http://localhost:4333/mirror-assets/6f310ffb9f2e8fd6.js:1:1452
    at Array.reduce (<anonymous>)
    at __webpack_require__.e (http://localhost:4333/mirror-assets/6f310ffb9f2e8fd6.js:1:1413)
    at text-editor.default (http://localhost:4333/mirror-assets/8116d106bfdf4246.js:1:17370)
    at http://localhost:4333/mirror-assets/8116d106bfdf4246.js:1:18452
    at _runHook (http://localhost:4333/mirror-assets/8116d106bfdf4246.js:1:15071)
    at Object.doAction (http://localhost:4333/mirror-assets/8116d106bfdf4246.js:1:15673)
    at e.exports.runReadyTrigger (http://localhost:4333/mirror-assets/8116d106bfdf4246.js:1:19800)
    at http://localhost:4333/mirror-assets/678fdc52c3b3d57b.js:1:12410
[     204ms] ChunkLoadError: Loading chunk 212 failed.
(error: https://sorrisoesalutemonza.it/mirror-assets/missing.svgjs/text-editor.45609661e409413f1cef.bundle.min.js)
    at __webpack_require__.f.j (http://localhost:4333/mirror-assets/6f310ffb9f2e8fd6.js:1:4987)
    at http://localhost:4333/mirror-assets/6f310ffb9f2e8fd6.js:1:1452
    at Array.reduce (<anonymous>)
    at __webpack_require__.e (http://localhost:4333/mirror-assets/6f310ffb9f2e8fd6.js:1:1413)
    at text-editor.default (http://localhost:4333/mirror-assets/8116d106bfdf4246.js:1:17370)
    at http://localhost:4333/mirror-assets/8116d106bfdf4246.js:1:18452
    at _runHook (http://localhost:4333/mirror-assets/8116d106bfdf4246.js:1:15071)
    at Object.doAction (http://localhost:4333/mirror-assets/8116d106bfdf4246.js:1:15673)
    at e.exports.runReadyTrigger (http://localhost:4333/mirror-assets/8116d106bfdf4246.js:1:19800)
    at http://localhost:4333/mirror-assets/678fdc52c3b3d57b.js:1:12410
[     204ms] ChunkLoadError: Loading chunk 212 failed.
(error: https://sorrisoesalutemonza.it/mirror-assets/missing.svgjs/text-editor.45609661e409413f1cef.bundle.min.js)
    at __webpack_require__.f.j (http://localhost:4333/mirror-assets/6f310ffb9f2e8fd6.js:1:4987)
    at http://localhost:4333/mirror-assets/6f310ffb9f2e8fd6.js:1:1452
    at Array.reduce (<anonymous>)
    at __webpack_require__.e (http://localhost:4333/mirror-assets/6f310ffb9f2e8fd6.js:1:1413)
    at text-editor.default (http://localhost:4333/mirror-assets/8116d106bfdf4246.js:1:17370)
    at http://localhost:4333/mirror-assets/8116d106bfdf4246.js:1:18452
    at _runHook (http://localhost:4333/mirror-assets/8116d106bfdf4246.js:1:15071)
    at Object.doAction (http://localhost:4333/mirror-assets/8116d106bfdf4246.js:1:15673)
    at e.exports.runReadyTrigger (http://localhost:4333/mirror-assets/8116d106bfdf4246.js:1:19800)
    at http://localhost:4333/mirror-assets/678fdc52c3b3d57b.js:1:12410
[     204ms] ChunkLoadError: Loading chunk 212 failed.
(error: https://sorrisoesalutemonza.it/mirror-assets/missing.svgjs/text-editor.45609661e409413f1cef.bundle.min.js)
    at __webpack_require__.f.j (http://localhost:4333/mirror-assets/6f310ffb9f2e8fd6.js:1:4987)
    at http://localhost:4333/mirror-assets/6f310ffb9f2e8fd6.js:1:1452
    at Array.reduce (<anonymous>)
    at __webpack_require__.e (http://localhost:4333/mirror-assets/6f310ffb9f2e8fd6.js:1:1413)
    at text-editor.default (http://localhost:4333/mirror-assets/8116d106bfdf4246.js:1:17370)
    at http://localhost:4333/mirror-assets/8116d106bfdf4246.js:1:18452
    at _runHook (http://localhost:4333/mirror-assets/8116d106bfdf4246.js:1:15071)
    at Object.doAction (http://localhost:4333/mirror-assets/8116d106bfdf4246.js:1:15673)
    at e.exports.runReadyTrigger (http://localhost:4333/mirror-assets/8116d106bfdf4246.js:1:19800)
    at http://localhost:4333/mirror-assets/678fdc52c3b3d57b.js:1:12410
[     204ms] ChunkLoadError: Loading chunk 786 failed.
(error: https://sorrisoesalutemonza.it/mirror-assets/missing.svgjs/397f2d183c19202777d6.bundle.min.js)
    at __webpack_require__.f.j (http://localhost:4333/mirror-assets/6f310ffb9f2e8fd6.js:1:4987)
    at http://localhost:4333/mirror-assets/6f310ffb9f2e8fd6.js:1:1452
    at Array.reduce (<anonymous>)
    at __webpack_require__.e (http://localhost:4333/mirror-assets/6f310ffb9f2e8fd6.js:1:1413)
    at http://localhost:4333/mirror-assets/8116d106bfdf4246.js:1:6726
    at new Promise (<anonymous>)
    at LightboxManager.getLightbox (http://localhost:4333/mirror-assets/8116d106bfdf4246.js:1:6695)
    at HTMLAnchorElement.<anonymous> (http://localhost:4333/mirror-assets/8116d106bfdf4246.js:1:8602)
    at ce.each (http://localhost:4333/mirror-assets/48a3a8cc92045ce2.js:2:3129)
    at e.<computed>.each (http://localhost:4333/mirror-assets/48a3a8cc92045ce2.js:2:1594)
[     167ms] [ERROR] Failed to load resource: the server responded with a status of 404 () @ https://sorrisoesalutemonza.it/mirror-assets/missing.svgjs/shared-frontend-handlers.03caa53373b56d3bab67.bundle.min.js:0
[     206ms] ChunkLoadError: Loading chunk 557 failed.
(error: https://sorrisoesalutemonza.it/mirror-assets/missing.svgjs/shared-frontend-handlers.03caa53373b56d3bab67.bundle.min.js)
    at __webpack_require__.f.j (http://localhost:4333/mirror-assets/6f310ffb9f2e8fd6.js:1:4987)
    at http://localhost:4333/mirror-assets/6f310ffb9f2e8fd6.js:1:1452
    at Array.reduce (<anonymous>)
    at __webpack_require__.e (http://localhost:4333/mirror-assets/6f310ffb9f2e8fd6.js:1:1413)
    at http://localhost:4333/mirror-assets/8116d106bfdf4246.js:1:5209
    at http://localhost:4333/mirror-assets/8116d106bfdf4246.js:1:18452
    at _runHook (http://localhost:4333/mirror-assets/8116d106bfdf4246.js:1:15071)
    at Object.doAction (http://localhost:4333/mirror-assets/8116d106bfdf4246.js:1:15673)
    at e.exports.runReadyTrigger (http://localhost:4333/mirror-assets/8116d106bfdf4246.js:1:19682)
    at http://localhost:4333/mirror-assets/678fdc52c3b3d57b.js:1:12410
[     206ms] ChunkLoadError: Loading chunk 557 failed.
(error: https://sorrisoesalutemonza.it/mirror-assets/missing.svgjs/shared-frontend-handlers.03caa53373b56d3bab67.bundle.min.js)
    at __webpack_require__.f.j (http://localhost:4333/mirror-assets/6f310ffb9f2e8fd6.js:1:4987)
    at http://localhost:4333/mirror-assets/6f310ffb9f2e8fd6.js:1:1452
    at Array.reduce (<anonymous>)
    at __webpack_require__.e (http://localhost:4333/mirror-assets/6f310ffb9f2e8fd6.js:1:1413)
    at http://localhost:4333/mirror-assets/8116d106bfdf4246.js:1:5209
    at http://localhost:4333/mirror-assets/8116d106bfdf4246.js:1:18452
    at _runHook (http://localhost:4333/mirror-assets/8116d106bfdf4246.js:1:15071)
    at Object.doAction (http://localhost:4333/mirror-assets/8116d106bfdf4246.js:1:15673)
    at e.exports.runReadyTrigger (http://localhost:4333/mirror-assets/8116d106bfdf4246.js:1:19682)
    at http://localhost:4333/mirror-assets/678fdc52c3b3d57b.js:1:12410
[     206ms] ChunkLoadError: Loading chunk 557 failed.
(error: https://sorrisoesalutemonza.it/mirror-assets/missing.svgjs/shared-frontend-handlers.03caa53373b56d3bab67.bundle.min.js)
    at __webpack_require__.f.j (http://localhost:4333/mirror-assets/6f310ffb9f2e8fd6.js:1:4987)
    at http://localhost:4333/mirror-assets/6f310ffb9f2e8fd6.js:1:1452
    at Array.reduce (<anonymous>)
    at __webpack_require__.e (http://localhost:4333/mirror-assets/6f310ffb9f2e8fd6.js:1:1413)
    at http://localhost:4333/mirror-assets/8116d106bfdf4246.js:1:5209
    at http://localhost:4333/mirror-assets/8116d106bfdf4246.js:1:18452
    at _runHook (http://localhost:4333/mirror-assets/8116d106bfdf4246.js:1:15071)
    at Object.doAction (http://localhost:4333/mirror-assets/8116d106bfdf4246.js:1:15673)
    at e.exports.runReadyTrigger (http://localhost:4333/mirror-assets/8116d106bfdf4246.js:1:19682)
    at http://localhost:4333/mirror-assets/678fdc52c3b3d57b.js:1:12410
[     206ms] ChunkLoadError: Loading chunk 557 failed.
(error: https://sorrisoesalutemonza.it/mirror-assets/missing.svgjs/shared-frontend-handlers.03caa53373b56d3bab67.bundle.min.js)
    at __webpack_require__.f.j (http://localhost:4333/mirror-assets/6f310ffb9f2e8fd6.js:1:4987)
    at http://localhost:4333/mirror-assets/6f310ffb9f2e8fd6.js:1:1452
    at Array.reduce (<anonymous>)
    at __webpack_require__.e (http://localhost:4333/mirror-assets/6f310ffb9f2e8fd6.js:1:1413)
    at http://localhost:4333/mirror-assets/8116d106bfdf4246.js:1:5209
    at http://localhost:4333/mirror-assets/8116d106bfdf4246.js:1:18452
    at _runHook (http://localhost:4333/mirror-assets/8116d106bfdf4246.js:1:15071)
    at Object.doAction (http://localhost:4333/mirror-assets/8116d106bfdf4246.js:1:15673)
    at e.exports.runReadyTrigger (http://localhost:4333/mirror-assets/8116d106bfdf4246.js:1:19682)
    at http://localhost:4333/mirror-assets/678fdc52c3b3d57b.js:1:12410
[     206ms] ChunkLoadError: Loading chunk 557 failed.
(error: https://sorrisoesalutemonza.it/mirror-assets/missing.svgjs/shared-frontend-handlers.03caa53373b56d3bab67.bundle.min.js)
    at __webpack_require__.f.j (http://localhost:4333/mirror-assets/6f310ffb9f2e8fd6.js:1:4987)
    at http://localhost:4333/mirror-assets/6f310ffb9f2e8fd6.js:1:1452
    at Array.reduce (<anonymous>)
    at __webpack_require__.e (http://localhost:4333/mirror-assets/6f310ffb9f2e8fd6.js:1:1413)
    at http://localhost:4333/mirror-assets/8116d106bfdf4246.js:1:5209
    at http://localhost:4333/mirror-assets/8116d106bfdf4246.js:1:18452
    at _runHook (http://localhost:4333/mirror-assets/8116d106bfdf4246.js:1:15071)
    at Object.doAction (http://localhost:4333/mirror-assets/8116d106bfdf4246.js:1:15673)
    at e.exports.runReadyTrigger (http://localhost:4333/mirror-assets/8116d106bfdf4246.js:1:19682)
    at http://localhost:4333/mirror-assets/678fdc52c3b3d57b.js:1:12410
[     206ms] ChunkLoadError: Loading chunk 557 failed.
(error: https://sorrisoesalutemonza.it/mirror-assets/missing.svgjs/shared-frontend-handlers.03caa53373b56d3bab67.bundle.min.js)
    at __webpack_require__.f.j (http://localhost:4333/mirror-assets/6f310ffb9f2e8fd6.js:1:4987)
    at http://localhost:4333/mirror-assets/6f310ffb9f2e8fd6.js:1:1452
    at Array.reduce (<anonymous>)
    at __webpack_require__.e (http://localhost:4333/mirror-assets/6f310ffb9f2e8fd6.js:1:1413)
    at http://localhost:4333/mirror-assets/8116d106bfdf4246.js:1:5209
    at http://localhost:4333/mirror-assets/8116d106bfdf4246.js:1:18452
    at _runHook (http://localhost:4333/mirror-assets/8116d106bfdf4246.js:1:15071)
    at Object.doAction (http://localhost:4333/mirror-assets/8116d106bfdf4246.js:1:15673)
    at e.exports.runReadyTrigger (http://localhost:4333/mirror-assets/8116d106bfdf4246.js:1:19682)
    at http://localhost:4333/mirror-assets/678fdc52c3b3d57b.js:1:12410
[     206ms] ChunkLoadError: Loading chunk 557 failed.
(error: https://sorrisoesalutemonza.it/mirror-assets/missing.svgjs/shared-frontend-handlers.03caa53373b56d3bab67.bundle.min.js)
    at __webpack_require__.f.j (http://localhost:4333/mirror-assets/6f310ffb9f2e8fd6.js:1:4987)
    at http://localhost:4333/mirror-assets/6f310ffb9f2e8fd6.js:1:1452
    at Array.reduce (<anonymous>)
    at __webpack_require__.e (http://localhost:4333/mirror-assets/6f310ffb9f2e8fd6.js:1:1413)
    at http://localhost:4333/mirror-assets/8116d106bfdf4246.js:1:5209
    at http://localhost:4333/mirror-assets/8116d106bfdf4246.js:1:18452
    at _runHook (http://localhost:4333/mirror-assets/8116d106bfdf4246.js:1:15071)
    at Object.doAction (http://localhost:4333/mirror-assets/8116d106bfdf4246.js:1:15673)
    at e.exports.runReadyTrigger (http://localhost:4333/mirror-assets/8116d106bfdf4246.js:1:19682)
    at http://localhost:4333/mirror-assets/678fdc52c3b3d57b.js:1:12410
[     206ms] ChunkLoadError: Loading chunk 557 failed.
(error: https://sorrisoesalutemonza.it/mirror-assets/missing.svgjs/shared-frontend-handlers.03caa53373b56d3bab67.bundle.min.js)
    at __webpack_require__.f.j (http://localhost:4333/mirror-assets/6f310ffb9f2e8fd6.js:1:4987)
    at http://localhost:4333/mirror-assets/6f310ffb9f2e8fd6.js:1:1452
    at Array.reduce (<anonymous>)
    at __webpack_require__.e (http://localhost:4333/mirror-assets/6f310ffb9f2e8fd6.js:1:1413)
    at http://localhost:4333/mirror-assets/8116d106bfdf4246.js:1:5209
    at http://localhost:4333/mirror-assets/8116d106bfdf4246.js:1:18452
    at _runHook (http://localhost:4333/mirror-assets/8116d106bfdf4246.js:1:15071)
    at Object.doAction (http://localhost:4333/mirror-assets/8116d106bfdf4246.js:1:15673)
    at e.exports.runReadyTrigger (http://localhost:4333/mirror-assets/8116d106bfdf4246.js:1:19682)
    at http://localhost:4333/mirror-assets/678fdc52c3b3d57b.js:1:12410
[     206ms] ChunkLoadError: Loading chunk 557 failed.
(error: https://sorrisoesalutemonza.it/mirror-assets/missing.svgjs/shared-frontend-handlers.03caa53373b56d3bab67.bundle.min.js)
    at __webpack_require__.f.j (http://localhost:4333/mirror-assets/6f310ffb9f2e8fd6.js:1:4987)
    at http://localhost:4333/mirror-assets/6f310ffb9f2e8fd6.js:1:1452
    at Array.reduce (<anonymous>)
    at __webpack_require__.e (http://localhost:4333/mirror-assets/6f310ffb9f2e8fd6.js:1:1413)
    at http://localhost:4333/mirror-assets/8116d106bfdf4246.js:1:5209
    at http://localhost:4333/mirror-assets/8116d106bfdf4246.js:1:18452
    at _runHook (http://localhost:4333/mirror-assets/8116d106bfdf4246.js:1:15071)
    at Object.doAction (http://localhost:4333/mirror-assets/8116d106bfdf4246.js:1:15673)
    at e.exports.runReadyTrigger (http://localhost:4333/mirror-assets/8116d106bfdf4246.js:1:19682)
    at http://localhost:4333/mirror-assets/678fdc52c3b3d57b.js:1:12410
[     206ms] ChunkLoadError: Loading chunk 557 failed.
(error: https://sorrisoesalutemonza.it/mirror-assets/missing.svgjs/shared-frontend-handlers.03caa53373b56d3bab67.bundle.min.js)
    at __webpack_require__.f.j (http://localhost:4333/mirror-assets/6f310ffb9f2e8fd6.js:1:4987)
    at http://localhost:4333/mirror-assets/6f310ffb9f2e8fd6.js:1:1452
    at Array.reduce (<anonymous>)
    at __webpack_require__.e (http://localhost:4333/mirror-assets/6f310ffb9f2e8fd6.js:1:1413)
    at http://localhost:4333/mirror-assets/8116d106bfdf4246.js:1:5209
    at http://localhost:4333/mirror-assets/8116d106bfdf4246.js:1:18452
    at _runHook (http://localhost:4333/mirror-assets/8116d106bfdf4246.js:1:15071)
    at Object.doAction (http://localhost:4333/mirror-assets/8116d106bfdf4246.js:1:15673)
    at e.exports.runReadyTrigger (http://localhost:4333/mirror-assets/8116d106bfdf4246.js:1:19682)
    at http://localhost:4333/mirror-assets/678fdc52c3b3d57b.js:1:12410
[     206ms] ChunkLoadError: Loading chunk 557 failed.
(error: https://sorrisoesalutemonza.it/mirror-assets/missing.svgjs/shared-frontend-handlers.03caa53373b56d3bab67.bundle.min.js)
    at __webpack_require__.f.j (http://localhost:4333/mirror-assets/6f310ffb9f2e8fd6.js:1:4987)
    at http://localhost:4333/mirror-assets/6f310ffb9f2e8fd6.js:1:1452
    at Array.reduce (<anonymous>)
    at __webpack_require__.e (http://localhost:4333/mirror-assets/6f310ffb9f2e8fd6.js:1:1413)
    at http://localhost:4333/mirror-assets/8116d106bfdf4246.js:1:5209
    at http://localhost:4333/mirror-assets/8116d106bfdf4246.js:1:18452
    at _runHook (http://localhost:4333/mirror-assets/8116d106bfdf4246.js:1:15071)
    at Object.doAction (http://localhost:4333/mirror-assets/8116d106bfdf4246.js:1:15673)
    at e.exports.runReadyTrigger (http://localhost:4333/mirror-assets/8116d106bfdf4246.js:1:19682)
    at http://localhost:4333/mirror-assets/678fdc52c3b3d57b.js:1:12410
[     206ms] ChunkLoadError: Loading chunk 557 failed.
(error: https://sorrisoesalutemonza.it/mirror-assets/missing.svgjs/shared-frontend-handlers.03caa53373b56d3bab67.bundle.min.js)
    at __webpack_require__.f.j (http://localhost:4333/mirror-assets/6f310ffb9f2e8fd6.js:1:4987)
    at http://localhost:4333/mirror-assets/6f310ffb9f2e8fd6.js:1:1452
    at Array.reduce (<anonymous>)
    at __webpack_require__.e (http://localhost:4333/mirror-assets/6f310ffb9f2e8fd6.js:1:1413)
    at http://localhost:4333/mirror-assets/8116d106bfdf4246.js:1:5209
    at http://localhost:4333/mirror-assets/8116d106bfdf4246.js:1:18452
    at _runHook (http://localhost:4333/mirror-assets/8116d106bfdf4246.js:1:15071)
    at Object.doAction (http://localhost:4333/mirror-assets/8116d106bfdf4246.js:1:15673)
    at e.exports.runReadyTrigger (http://localhost:4333/mirror-assets/8116d106bfdf4246.js:1:19682)
    at http://localhost:4333/mirror-assets/678fdc52c3b3d57b.js:1:12410
[     206ms] ChunkLoadError: Loading chunk 557 failed.
(error: https://sorrisoesalutemonza.it/mirror-assets/missing.svgjs/shared-frontend-handlers.03caa53373b56d3bab67.bundle.min.js)
    at __webpack_require__.f.j (http://localhost:4333/mirror-assets/6f310ffb9f2e8fd6.js:1:4987)
    at http://localhost:4333/mirror-assets/6f310ffb9f2e8fd6.js:1:1452
    at Array.reduce (<anonymous>)
    at __webpack_require__.e (http://localhost:4333/mirror-assets/6f310ffb9f2e8fd6.js:1:1413)
    at http://localhost:4333/mirror-assets/8116d106bfdf4246.js:1:5209
    at http://localhost:4333/mirror-assets/8116d106bfdf4246.js:1:18452
    at _runHook (http://localhost:4333/mirror-assets/8116d106bfdf4246.js:1:15071)
    at Object.doAction (http://localhost:4333/mirror-assets/8116d106bfdf4246.js:1:15673)
    at e.exports.runReadyTrigger (http://localhost:4333/mirror-assets/8116d106bfdf4246.js:1:19682)
    at http://localhost:4333/mirror-assets/678fdc52c3b3d57b.js:1:12410
[     206ms] ChunkLoadError: Loading chunk 557 failed.
(error: https://sorrisoesalutemonza.it/mirror-assets/missing.svgjs/shared-frontend-handlers.03caa53373b56d3bab67.bundle.min.js)
    at __webpack_require__.f.j (http://localhost:4333/mirror-assets/6f310ffb9f2e8fd6.js:1:4987)
    at http://localhost:4333/mirror-assets/6f310ffb9f2e8fd6.js:1:1452
    at Array.reduce (<anonymous>)
    at __webpack_require__.e (http://localhost:4333/mirror-assets/6f310ffb9f2e8fd6.js:1:1413)
    at http://localhost:4333/mirror-assets/8116d106bfdf4246.js:1:5209
    at http://localhost:4333/mirror-assets/8116d106bfdf4246.js:1:18452
    at _runHook (http://localhost:4333/mirror-assets/8116d106bfdf4246.js:1:15071)
    at Object.doAction (http://localhost:4333/mirror-assets/8116d106bfdf4246.js:1:15673)
    at e.exports.runReadyTrigger (http://localhost:4333/mirror-assets/8116d106bfdf4246.js:1:19682)
    at http://localhost:4333/mirror-assets/678fdc52c3b3d57b.js:1:12410
[     206ms] ChunkLoadError: Loading chunk 557 failed.
(error: https://sorrisoesalutemonza.it/mirror-assets/missing.svgjs/shared-frontend-handlers.03caa53373b56d3bab67.bundle.min.js)
    at __webpack_require__.f.j (http://localhost:4333/mirror-assets/6f310ffb9f2e8fd6.js:1:4987)
    at http://localhost:4333/mirror-assets/6f310ffb9f2e8fd6.js:1:1452
    at Array.reduce (<anonymous>)
    at __webpack_require__.e (http://localhost:4333/mirror-assets/6f310ffb9f2e8fd6.js:1:1413)
    at http://localhost:4333/mirror-assets/8116d106bfdf4246.js:1:5209
    at http://localhost:4333/mirror-assets/8116d106bfdf4246.js:1:18452
    at _runHook (http://localhost:4333/mirror-assets/8116d106bfdf4246.js:1:15071)
    at Object.doAction (http://localhost:4333/mirror-assets/8116d106bfdf4246.js:1:15673)
    at e.exports.runReadyTrigger (http://localhost:4333/mirror-assets/8116d106bfdf4246.js:1:19682)
    at http://localhost:4333/mirror-assets/678fdc52c3b3d57b.js:1:12410
[     206ms] ChunkLoadError: Loading chunk 557 failed.
(error: https://sorrisoesalutemonza.it/mirror-assets/missing.svgjs/shared-frontend-handlers.03caa53373b56d3bab67.bundle.min.js)
    at __webpack_require__.f.j (http://localhost:4333/mirror-assets/6f310ffb9f2e8fd6.js:1:4987)
    at http://localhost:4333/mirror-assets/6f310ffb9f2e8fd6.js:1:1452
    at Array.reduce (<anonymous>)
    at __webpack_require__.e (http://localhost:4333/mirror-assets/6f310ffb9f2e8fd6.js:1:1413)
    at http://localhost:4333/mirror-assets/8116d106bfdf4246.js:1:5209
    at http://localhost:4333/mirror-assets/8116d106bfdf4246.js:1:18452
    at _runHook (http://localhost:4333/mirror-assets/8116d106bfdf4246.js:1:15071)
    at Object.doAction (http://localhost:4333/mirror-assets/8116d106bfdf4246.js:1:15673)
    at e.exports.runReadyTrigger (http://localhost:4333/mirror-assets/8116d106bfdf4246.js:1:19682)
    at http://localhost:4333/mirror-assets/678fdc52c3b3d57b.js:1:12410
[     206ms] ChunkLoadError: Loading chunk 557 failed.
(error: https://sorrisoesalutemonza.it/mirror-assets/missing.svgjs/shared-frontend-handlers.03caa53373b56d3bab67.bundle.min.js)
    at __webpack_require__.f.j (http://localhost:4333/mirror-assets/6f310ffb9f2e8fd6.js:1:4987)
    at http://localhost:4333/mirror-assets/6f310ffb9f2e8fd6.js:1:1452
    at Array.reduce (<anonymous>)
    at __webpack_require__.e (http://localhost:4333/mirror-assets/6f310ffb9f2e8fd6.js:1:1413)
    at http://localhost:4333/mirror-assets/8116d106bfdf4246.js:1:5209
    at http://localhost:4333/mirror-assets/8116d106bfdf4246.js:1:18452
    at _runHook (http://localhost:4333/mirror-assets/8116d106bfdf4246.js:1:15071)
    at Object.doAction (http://localhost:4333/mirror-assets/8116d106bfdf4246.js:1:15673)
    at e.exports.runReadyTrigger (http://localhost:4333/mirror-assets/8116d106bfdf4246.js:1:19682)
    at http://localhost:4333/mirror-assets/678fdc52c3b3d57b.js:1:12410
[     206ms] ChunkLoadError: Loading chunk 557 failed.
(error: https://sorrisoesalutemonza.it/mirror-assets/missing.svgjs/shared-frontend-handlers.03caa53373b56d3bab67.bundle.min.js)
    at __webpack_require__.f.j (http://localhost:4333/mirror-assets/6f310ffb9f2e8fd6.js:1:4987)
    at http://localhost:4333/mirror-assets/6f310ffb9f2e8fd6.js:1:1452
    at Array.reduce (<anonymous>)
    at __webpack_require__.e (http://localhost:4333/mirror-assets/6f310ffb9f2e8fd6.js:1:1413)
    at http://localhost:4333/mirror-assets/8116d106bfdf4246.js:1:5209
    at http://localhost:4333/mirror-assets/8116d106bfdf4246.js:1:18452
    at _runHook (http://localhost:4333/mirror-assets/8116d106bfdf4246.js:1:15071)
    at Object.doAction (http://localhost:4333/mirror-assets/8116d106bfdf4246.js:1:15673)
    at e.exports.runReadyTrigger (http://localhost:4333/mirror-assets/8116d106bfdf4246.js:1:19682)
    at http://localhost:4333/mirror-assets/678fdc52c3b3d57b.js:1:12410
[     206ms] ChunkLoadError: Loading chunk 557 failed.
(error: https://sorrisoesalutemonza.it/mirror-assets/missing.svgjs/shared-frontend-handlers.03caa53373b56d3bab67.bundle.min.js)
    at __webpack_require__.f.j (http://localhost:4333/mirror-assets/6f310ffb9f2e8fd6.js:1:4987)
    at http://localhost:4333/mirror-assets/6f310ffb9f2e8fd6.js:1:1452
    at Array.reduce (<anonymous>)
    at __webpack_require__.e (http://localhost:4333/mirror-assets/6f310ffb9f2e8fd6.js:1:1413)
    at http://localhost:4333/mirror-assets/8116d106bfdf4246.js:1:5209
    at http://localhost:4333/mirror-assets/8116d106bfdf4246.js:1:18452
    at _runHook (http://localhost:4333/mirror-assets/8116d106bfdf4246.js:1:15071)
    at Object.doAction (http://localhost:4333/mirror-assets/8116d106bfdf4246.js:1:15673)
    at e.exports.runReadyTrigger (http://localhost:4333/mirror-assets/8116d106bfdf4246.js:1:19682)
    at http://localhost:4333/mirror-assets/678fdc52c3b3d57b.js:1:12410
[     206ms] ChunkLoadError: Loading chunk 557 failed.
(error: https://sorrisoesalutemonza.it/mirror-assets/missing.svgjs/shared-frontend-handlers.03caa53373b56d3bab67.bundle.min.js)
    at __webpack_require__.f.j (http://localhost:4333/mirror-assets/6f310ffb9f2e8fd6.js:1:4987)
    at http://localhost:4333/mirror-assets/6f310ffb9f2e8fd6.js:1:1452
    at Array.reduce (<anonymous>)
    at __webpack_require__.e (http://localhost:4333/mirror-assets/6f310ffb9f2e8fd6.js:1:1413)
    at http://localhost:4333/mirror-assets/8116d106bfdf4246.js:1:5209
    at http://localhost:4333/mirror-assets/8116d106bfdf4246.js:1:18452
    at _runHook (http://localhost:4333/mirror-assets/8116d106bfdf4246.js:1:15071)
    at Object.doAction (http://localhost:4333/mirror-assets/8116d106bfdf4246.js:1:15673)
    at e.exports.runReadyTrigger (http://localhost:4333/mirror-assets/8116d106bfdf4246.js:1:19682)
    at http://localhost:4333/mirror-assets/678fdc52c3b3d57b.js:1:12410
[     206ms] ChunkLoadError: Loading chunk 557 failed.
(error: https://sorrisoesalutemonza.it/mirror-assets/missing.svgjs/shared-frontend-handlers.03caa53373b56d3bab67.bundle.min.js)
    at __webpack_require__.f.j (http://localhost:4333/mirror-assets/6f310ffb9f2e8fd6.js:1:4987)
    at http://localhost:4333/mirror-assets/6f310ffb9f2e8fd6.js:1:1452
    at Array.reduce (<anonymous>)
    at __webpack_require__.e (http://localhost:4333/mirror-assets/6f310ffb9f2e8fd6.js:1:1413)
    at http://localhost:4333/mirror-assets/8116d106bfdf4246.js:1:5209
    at http://localhost:4333/mirror-assets/8116d106bfdf4246.js:1:18452
    at _runHook (http://localhost:4333/mirror-assets/8116d106bfdf4246.js:1:15071)
    at Object.doAction (http://localhost:4333/mirror-assets/8116d106bfdf4246.js:1:15673)
    at e.exports.runReadyTrigger (http://localhost:4333/mirror-assets/8116d106bfdf4246.js:1:19682)
    at http://localhost:4333/mirror-assets/678fdc52c3b3d57b.js:1:12410
[     206ms] ChunkLoadError: Loading chunk 557 failed.
(error: https://sorrisoesalutemonza.it/mirror-assets/missing.svgjs/shared-frontend-handlers.03caa53373b56d3bab67.bundle.min.js)
    at __webpack_require__.f.j (http://localhost:4333/mirror-assets/6f310ffb9f2e8fd6.js:1:4987)
    at http://localhost:4333/mirror-assets/6f310ffb9f2e8fd6.js:1:1452
    at Array.reduce (<anonymous>)
    at __webpack_require__.e (http://localhost:4333/mirror-assets/6f310ffb9f2e8fd6.js:1:1413)
    at http://localhost:4333/mirror-assets/8116d106bfdf4246.js:1:5209
    at http://localhost:4333/mirror-assets/8116d106bfdf4246.js:1:18452
    at _runHook (http://localhost:4333/mirror-assets/8116d106bfdf4246.js:1:15071)
    at Object.doAction (http://localhost:4333/mirror-assets/8116d106bfdf4246.js:1:15673)
    at e.exports.runReadyTrigger (http://localhost:4333/mirror-assets/8116d106bfdf4246.js:1:19682)
    at http://localhost:4333/mirror-assets/678fdc52c3b3d57b.js:1:12410
[     206ms] ChunkLoadError: Loading chunk 557 failed.
(error: https://sorrisoesalutemonza.it/mirror-assets/missing.svgjs/shared-frontend-handlers.03caa53373b56d3bab67.bundle.min.js)
    at __webpack_require__.f.j (http://localhost:4333/mirror-assets/6f310ffb9f2e8fd6.js:1:4987)
    at http://localhost:4333/mirror-assets/6f310ffb9f2e8fd6.js:1:1452
    at Array.reduce (<anonymous>)
    at __webpack_require__.e (http://localhost:4333/mirror-assets/6f310ffb9f2e8fd6.js:1:1413)
    at http://localhost:4333/mirror-assets/8116d106bfdf4246.js:1:5209
    at http://localhost:4333/mirror-assets/8116d106bfdf4246.js:1:18452
    at _runHook (http://localhost:4333/mirror-assets/8116d106bfdf4246.js:1:15071)
    at Object.doAction (http://localhost:4333/mirror-assets/8116d106bfdf4246.js:1:15673)
    at e.exports.runReadyTrigger (http://localhost:4333/mirror-assets/8116d106bfdf4246.js:1:19682)
    at http://localhost:4333/mirror-assets/678fdc52c3b3d57b.js:1:12410
[     206ms] ChunkLoadError: Loading chunk 557 failed.
(error: https://sorrisoesalutemonza.it/mirror-assets/missing.svgjs/shared-frontend-handlers.03caa53373b56d3bab67.bundle.min.js)
    at __webpack_require__.f.j (http://localhost:4333/mirror-assets/6f310ffb9f2e8fd6.js:1:4987)
    at http://localhost:4333/mirror-assets/6f310ffb9f2e8fd6.js:1:1452
    at Array.reduce (<anonymous>)
    at __webpack_require__.e (http://localhost:4333/mirror-assets/6f310ffb9f2e8fd6.js:1:1413)
    at http://localhost:4333/mirror-assets/8116d106bfdf4246.js:1:5209
    at http://localhost:4333/mirror-assets/8116d106bfdf4246.js:1:18452
    at _runHook (http://localhost:4333/mirror-assets/8116d106bfdf4246.js:1:15071)
    at Object.doAction (http://localhost:4333/mirror-assets/8116d106bfdf4246.js:1:15673)
    at e.exports.runReadyTrigger (http://localhost:4333/mirror-assets/8116d106bfdf4246.js:1:19682)
    at http://localhost:4333/mirror-assets/678fdc52c3b3d57b.js:1:12410
[     206ms] ChunkLoadError: Loading chunk 557 failed.
(error: https://sorrisoesalutemonza.it/mirror-assets/missing.svgjs/shared-frontend-handlers.03caa53373b56d3bab67.bundle.min.js)
    at __webpack_require__.f.j (http://localhost:4333/mirror-assets/6f310ffb9f2e8fd6.js:1:4987)
    at http://localhost:4333/mirror-assets/6f310ffb9f2e8fd6.js:1:1452
    at Array.reduce (<anonymous>)
    at __webpack_require__.e (http://localhost:4333/mirror-assets/6f310ffb9f2e8fd6.js:1:1413)
    at http://localhost:4333/mirror-assets/8116d106bfdf4246.js:1:5209
    at http://localhost:4333/mirror-assets/8116d106bfdf4246.js:1:18452
    at _runHook (http://localhost:4333/mirror-assets/8116d106bfdf4246.js:1:15071)
    at Object.doAction (http://localhost:4333/mirror-assets/8116d106bfdf4246.js:1:15673)
    at e.exports.runReadyTrigger (http://localhost:4333/mirror-assets/8116d106bfdf4246.js:1:19682)
    at http://localhost:4333/mirror-assets/678fdc52c3b3d57b.js:1:12410
[     206ms] ChunkLoadError: Loading chunk 557 failed.
(error: https://sorrisoesalutemonza.it/mirror-assets/missing.svgjs/shared-frontend-handlers.03caa53373b56d3bab67.bundle.min.js)
    at __webpack_require__.f.j (http://localhost:4333/mirror-assets/6f310ffb9f2e8fd6.js:1:4987)
    at http://localhost:4333/mirror-assets/6f310ffb9f2e8fd6.js:1:1452
    at Array.reduce (<anonymous>)
    at __webpack_require__.e (http://localhost:4333/mirror-assets/6f310ffb9f2e8fd6.js:1:1413)
    at http://localhost:4333/mirror-assets/8116d106bfdf4246.js:1:5209
    at http://localhost:4333/mirror-assets/8116d106bfdf4246.js:1:18452
    at _runHook (http://localhost:4333/mirror-assets/8116d106bfdf4246.js:1:15071)
    at Object.doAction (http://localhost:4333/mirror-assets/8116d106bfdf4246.js:1:15673)
    at e.exports.runReadyTrigger (http://localhost:4333/mirror-assets/8116d106bfdf4246.js:1:19682)
    at http://localhost:4333/mirror-assets/678fdc52c3b3d57b.js:1:12410
[     206ms] ChunkLoadError: Loading chunk 557 failed.
(error: https://sorrisoesalutemonza.it/mirror-assets/missing.svgjs/shared-frontend-handlers.03caa53373b56d3bab67.bundle.min.js)
    at __webpack_require__.f.j (http://localhost:4333/mirror-assets/6f310ffb9f2e8fd6.js:1:4987)
    at http://localhost:4333/mirror-assets/6f310ffb9f2e8fd6.js:1:1452
    at Array.reduce (<anonymous>)
    at __webpack_require__.e (http://localhost:4333/mirror-assets/6f310ffb9f2e8fd6.js:1:1413)
    at http://localhost:4333/mirror-assets/8116d106bfdf4246.js:1:5209
    at http://localhost:4333/mirror-assets/8116d106bfdf4246.js:1:18452
    at _runHook (http://localhost:4333/mirror-assets/8116d106bfdf4246.js:1:15071)
    at Object.doAction (http://localhost:4333/mirror-assets/8116d106bfdf4246.js:1:15673)
    at e.exports.runReadyTrigger (http://localhost:4333/mirror-assets/8116d106bfdf4246.js:1:19682)
    at http://localhost:4333/mirror-assets/678fdc52c3b3d57b.js:1:12410
[     207ms] ChunkLoadError: Loading chunk 557 failed.
(error: https://sorrisoesalutemonza.it/mirror-assets/missing.svgjs/shared-frontend-handlers.03caa53373b56d3bab67.bundle.min.js)
    at __webpack_require__.f.j (http://localhost:4333/mirror-assets/6f310ffb9f2e8fd6.js:1:4987)
    at http://localhost:4333/mirror-assets/6f310ffb9f2e8fd6.js:1:1452
    at Array.reduce (<anonymous>)
    at __webpack_require__.e (http://localhost:4333/mirror-assets/6f310ffb9f2e8fd6.js:1:1413)
    at http://localhost:4333/mirror-assets/8116d106bfdf4246.js:1:5209
    at http://localhost:4333/mirror-assets/8116d106bfdf4246.js:1:18452
    at _runHook (http://localhost:4333/mirror-assets/8116d106bfdf4246.js:1:15071)
    at Object.doAction (http://localhost:4333/mirror-assets/8116d106bfdf4246.js:1:15673)
    at e.exports.runReadyTrigger (http://localhost:4333/mirror-assets/8116d106bfdf4246.js:1:19682)
    at http://localhost:4333/mirror-assets/678fdc52c3b3d57b.js:1:12410
[     207ms] ChunkLoadError: Loading chunk 557 failed.
(error: https://sorrisoesalutemonza.it/mirror-assets/missing.svgjs/shared-frontend-handlers.03caa53373b56d3bab67.bundle.min.js)
    at __webpack_require__.f.j (http://localhost:4333/mirror-assets/6f310ffb9f2e8fd6.js:1:4987)
    at http://localhost:4333/mirror-assets/6f310ffb9f2e8fd6.js:1:1452
    at Array.reduce (<anonymous>)
    at __webpack_require__.e (http://localhost:4333/mirror-assets/6f310ffb9f2e8fd6.js:1:1413)
    at http://localhost:4333/mirror-assets/8116d106bfdf4246.js:1:5209
    at http://localhost:4333/mirror-assets/8116d106bfdf4246.js:1:18452
    at _runHook (http://localhost:4333/mirror-assets/8116d106bfdf4246.js:1:15071)
    at Object.doAction (http://localhost:4333/mirror-assets/8116d106bfdf4246.js:1:15673)
    at e.exports.runReadyTrigger (http://localhost:4333/mirror-assets/8116d106bfdf4246.js:1:19682)
    at http://localhost:4333/mirror-assets/678fdc52c3b3d57b.js:1:12410
[     207ms] ChunkLoadError: Loading chunk 557 failed.
(error: https://sorrisoesalutemonza.it/mirror-assets/missing.svgjs/shared-frontend-handlers.03caa53373b56d3bab67.bundle.min.js)
    at __webpack_require__.f.j (http://localhost:4333/mirror-assets/6f310ffb9f2e8fd6.js:1:4987)
    at http://localhost:4333/mirror-assets/6f310ffb9f2e8fd6.js:1:1452
    at Array.reduce (<anonymous>)
    at __webpack_require__.e (http://localhost:4333/mirror-assets/6f310ffb9f2e8fd6.js:1:1413)
    at http://localhost:4333/mirror-assets/8116d106bfdf4246.js:1:5209
    at http://localhost:4333/mirror-assets/8116d106bfdf4246.js:1:18452
    at _runHook (http://localhost:4333/mirror-assets/8116d106bfdf4246.js:1:15071)
    at Object.doAction (http://localhost:4333/mirror-assets/8116d106bfdf4246.js:1:15673)
    at e.exports.runReadyTrigger (http://localhost:4333/mirror-assets/8116d106bfdf4246.js:1:19682)
    at http://localhost:4333/mirror-assets/678fdc52c3b3d57b.js:1:12410
[     207ms] ChunkLoadError: Loading chunk 557 failed.
(error: https://sorrisoesalutemonza.it/mirror-assets/missing.svgjs/shared-frontend-handlers.03caa53373b56d3bab67.bundle.min.js)
    at __webpack_require__.f.j (http://localhost:4333/mirror-assets/6f310ffb9f2e8fd6.js:1:4987)
    at http://localhost:4333/mirror-assets/6f310ffb9f2e8fd6.js:1:1452
    at Array.reduce (<anonymous>)
    at __webpack_require__.e (http://localhost:4333/mirror-assets/6f310ffb9f2e8fd6.js:1:1413)
    at http://localhost:4333/mirror-assets/8116d106bfdf4246.js:1:5209
    at http://localhost:4333/mirror-assets/8116d106bfdf4246.js:1:18452
    at _runHook (http://localhost:4333/mirror-assets/8116d106bfdf4246.js:1:15071)
    at Object.doAction (http://localhost:4333/mirror-assets/8116d106bfdf4246.js:1:15673)
    at e.exports.runReadyTrigger (http://localhost:4333/mirror-assets/8116d106bfdf4246.js:1:19682)
    at http://localhost:4333/mirror-assets/678fdc52c3b3d57b.js:1:12410
[     207ms] ChunkLoadError: Loading chunk 557 failed.
(error: https://sorrisoesalutemonza.it/mirror-assets/missing.svgjs/shared-frontend-handlers.03caa53373b56d3bab67.bundle.min.js)
    at __webpack_require__.f.j (http://localhost:4333/mirror-assets/6f310ffb9f2e8fd6.js:1:4987)
    at http://localhost:4333/mirror-assets/6f310ffb9f2e8fd6.js:1:1452
    at Array.reduce (<anonymous>)
    at __webpack_require__.e (http://localhost:4333/mirror-assets/6f310ffb9f2e8fd6.js:1:1413)
    at http://localhost:4333/mirror-assets/8116d106bfdf4246.js:1:5209
    at http://localhost:4333/mirror-assets/8116d106bfdf4246.js:1:18452
    at _runHook (http://localhost:4333/mirror-assets/8116d106bfdf4246.js:1:15071)
    at Object.doAction (http://localhost:4333/mirror-assets/8116d106bfdf4246.js:1:15673)
    at e.exports.runReadyTrigger (http://localhost:4333/mirror-assets/8116d106bfdf4246.js:1:19682)
    at http://localhost:4333/mirror-assets/678fdc52c3b3d57b.js:1:12410
[     207ms] ChunkLoadError: Loading chunk 557 failed.
(error: https://sorrisoesalutemonza.it/mirror-assets/missing.svgjs/shared-frontend-handlers.03caa53373b56d3bab67.bundle.min.js)
    at __webpack_require__.f.j (http://localhost:4333/mirror-assets/6f310ffb9f2e8fd6.js:1:4987)
    at http://localhost:4333/mirror-assets/6f310ffb9f2e8fd6.js:1:1452
    at Array.reduce (<anonymous>)
    at __webpack_require__.e (http://localhost:4333/mirror-assets/6f310ffb9f2e8fd6.js:1:1413)
    at http://localhost:4333/mirror-assets/8116d106bfdf4246.js:1:5209
    at http://localhost:4333/mirror-assets/8116d106bfdf4246.js:1:18452
    at _runHook (http://localhost:4333/mirror-assets/8116d106bfdf4246.js:1:15071)
    at Object.doAction (http://localhost:4333/mirror-assets/8116d106bfdf4246.js:1:15673)
    at e.exports.runReadyTrigger (http://localhost:4333/mirror-assets/8116d106bfdf4246.js:1:19682)
    at http://localhost:4333/mirror-assets/678fdc52c3b3d57b.js:1:12410
[     207ms] ChunkLoadError: Loading chunk 557 failed.
(error: https://sorrisoesalutemonza.it/mirror-assets/missing.svgjs/shared-frontend-handlers.03caa53373b56d3bab67.bundle.min.js)
    at __webpack_require__.f.j (http://localhost:4333/mirror-assets/6f310ffb9f2e8fd6.js:1:4987)
    at http://localhost:4333/mirror-assets/6f310ffb9f2e8fd6.js:1:1452
    at Array.reduce (<anonymous>)
    at __webpack_require__.e (http://localhost:4333/mirror-assets/6f310ffb9f2e8fd6.js:1:1413)
    at http://localhost:4333/mirror-assets/8116d106bfdf4246.js:1:5209
    at http://localhost:4333/mirror-assets/8116d106bfdf4246.js:1:18452
    at _runHook (http://localhost:4333/mirror-assets/8116d106bfdf4246.js:1:15071)
    at Object.doAction (http://localhost:4333/mirror-assets/8116d106bfdf4246.js:1:15673)
    at e.exports.runReadyTrigger (http://localhost:4333/mirror-assets/8116d106bfdf4246.js:1:19682)
    at http://localhost:4333/mirror-assets/678fdc52c3b3d57b.js:1:12410
[     207ms] ChunkLoadError: Loading chunk 557 failed.
(error: https://sorrisoesalutemonza.it/mirror-assets/missing.svgjs/shared-frontend-handlers.03caa53373b56d3bab67.bundle.min.js)
    at __webpack_require__.f.j (http://localhost:4333/mirror-assets/6f310ffb9f2e8fd6.js:1:4987)
    at http://localhost:4333/mirror-assets/6f310ffb9f2e8fd6.js:1:1452
    at Array.reduce (<anonymous>)
    at __webpack_require__.e (http://localhost:4333/mirror-assets/6f310ffb9f2e8fd6.js:1:1413)
    at http://localhost:4333/mirror-assets/8116d106bfdf4246.js:1:5209
    at http://localhost:4333/mirror-assets/8116d106bfdf4246.js:1:18452
    at _runHook (http://localhost:4333/mirror-assets/8116d106bfdf4246.js:1:15071)
    at Object.doAction (http://localhost:4333/mirror-assets/8116d106bfdf4246.js:1:15673)
    at e.exports.runReadyTrigger (http://localhost:4333/mirror-assets/8116d106bfdf4246.js:1:19682)
    at http://localhost:4333/mirror-assets/678fdc52c3b3d57b.js:1:12410
[     207ms] ChunkLoadError: Loading chunk 557 failed.
(error: https://sorrisoesalutemonza.it/mirror-assets/missing.svgjs/shared-frontend-handlers.03caa53373b56d3bab67.bundle.min.js)
    at __webpack_require__.f.j (http://localhost:4333/mirror-assets/6f310ffb9f2e8fd6.js:1:4987)
    at http://localhost:4333/mirror-assets/6f310ffb9f2e8fd6.js:1:1452
    at Array.reduce (<anonymous>)
    at __webpack_require__.e (http://localhost:4333/mirror-assets/6f310ffb9f2e8fd6.js:1:1413)
    at http://localhost:4333/mirror-assets/8116d106bfdf4246.js:1:5209
    at http://localhost:4333/mirror-assets/8116d106bfdf4246.js:1:18452
    at _runHook (http://localhost:4333/mirror-assets/8116d106bfdf4246.js:1:15071)
    at Object.doAction (http://localhost:4333/mirror-assets/8116d106bfdf4246.js:1:15673)
    at e.exports.runReadyTrigger (http://localhost:4333/mirror-assets/8116d106bfdf4246.js:1:19682)
    at http://localhost:4333/mirror-assets/678fdc52c3b3d57b.js:1:12410
[     207ms] ChunkLoadError: Loading chunk 557 failed.
(error: https://sorrisoesalutemonza.it/mirror-assets/missing.svgjs/shared-frontend-handlers.03caa53373b56d3bab67.bundle.min.js)
    at __webpack_require__.f.j (http://localhost:4333/mirror-assets/6f310ffb9f2e8fd6.js:1:4987)
    at http://localhost:4333/mirror-assets/6f310ffb9f2e8fd6.js:1:1452
    at Array.reduce (<anonymous>)
    at __webpack_require__.e (http://localhost:4333/mirror-assets/6f310ffb9f2e8fd6.js:1:1413)
    at http://localhost:4333/mirror-assets/8116d106bfdf4246.js:1:5209
    at http://localhost:4333/mirror-assets/8116d106bfdf4246.js:1:18452
    at _runHook (http://localhost:4333/mirror-assets/8116d106bfdf4246.js:1:15071)
    at Object.doAction (http://localhost:4333/mirror-assets/8116d106bfdf4246.js:1:15673)
    at e.exports.runReadyTrigger (http://localhost:4333/mirror-assets/8116d106bfdf4246.js:1:19682)
    at http://localhost:4333/mirror-assets/678fdc52c3b3d57b.js:1:12410
[     207ms] ChunkLoadError: Loading chunk 557 failed.
(error: https://sorrisoesalutemonza.it/mirror-assets/missing.svgjs/shared-frontend-handlers.03caa53373b56d3bab67.bundle.min.js)
    at __webpack_require__.f.j (http://localhost:4333/mirror-assets/6f310ffb9f2e8fd6.js:1:4987)
    at http://localhost:4333/mirror-assets/6f310ffb9f2e8fd6.js:1:1452
    at Array.reduce (<anonymous>)
    at __webpack_require__.e (http://localhost:4333/mirror-assets/6f310ffb9f2e8fd6.js:1:1413)
    at http://localhost:4333/mirror-assets/8116d106bfdf4246.js:1:5209
    at http://localhost:4333/mirror-assets/8116d106bfdf4246.js:1:18452
    at _runHook (http://localhost:4333/mirror-assets/8116d106bfdf4246.js:1:15071)
    at Object.doAction (http://localhost:4333/mirror-assets/8116d106bfdf4246.js:1:15673)
    at e.exports.runReadyTrigger (http://localhost:4333/mirror-assets/8116d106bfdf4246.js:1:19682)
    at http://localhost:4333/mirror-assets/678fdc52c3b3d57b.js:1:12410
[     207ms] ChunkLoadError: Loading chunk 557 failed.
(error: https://sorrisoesalutemonza.it/mirror-assets/missing.svgjs/shared-frontend-handlers.03caa53373b56d3bab67.bundle.min.js)
    at __webpack_require__.f.j (http://localhost:4333/mirror-assets/6f310ffb9f2e8fd6.js:1:4987)
    at http://localhost:4333/mirror-assets/6f310ffb9f2e8fd6.js:1:1452
    at Array.reduce (<anonymous>)
    at __webpack_require__.e (http://localhost:4333/mirror-assets/6f310ffb9f2e8fd6.js:1:1413)
    at http://localhost:4333/mirror-assets/8116d106bfdf4246.js:1:5209
    at http://localhost:4333/mirror-assets/8116d106bfdf4246.js:1:18452
    at _runHook (http://localhost:4333/mirror-assets/8116d106bfdf4246.js:1:15071)
    at Object.doAction (http://localhost:4333/mirror-assets/8116d106bfdf4246.js:1:15673)
    at e.exports.runReadyTrigger (http://localhost:4333/mirror-assets/8116d106bfdf4246.js:1:19682)
    at http://localhost:4333/mirror-assets/678fdc52c3b3d57b.js:1:12410
[     207ms] ChunkLoadError: Loading chunk 557 failed.
(error: https://sorrisoesalutemonza.it/mirror-assets/missing.svgjs/shared-frontend-handlers.03caa53373b56d3bab67.bundle.min.js)
    at __webpack_require__.f.j (http://localhost:4333/mirror-assets/6f310ffb9f2e8fd6.js:1:4987)
    at http://localhost:4333/mirror-assets/6f310ffb9f2e8fd6.js:1:1452
    at Array.reduce (<anonymous>)
    at __webpack_require__.e (http://localhost:4333/mirror-assets/6f310ffb9f2e8fd6.js:1:1413)
    at http://localhost:4333/mirror-assets/8116d106bfdf4246.js:1:5209
    at http://localhost:4333/mirror-assets/8116d106bfdf4246.js:1:18452
    at _runHook (http://localhost:4333/mirror-assets/8116d106bfdf4246.js:1:15071)
    at Object.doAction (http://localhost:4333/mirror-assets/8116d106bfdf4246.js:1:15673)
    at e.exports.runReadyTrigger (http://localhost:4333/mirror-assets/8116d106bfdf4246.js:1:19682)
    at http://localhost:4333/mirror-assets/678fdc52c3b3d57b.js:1:12410
[     207ms] ChunkLoadError: Loading chunk 557 failed.
(error: https://sorrisoesalutemonza.it/mirror-assets/missing.svgjs/shared-frontend-handlers.03caa53373b56d3bab67.bundle.min.js)
    at __webpack_require__.f.j (http://localhost:4333/mirror-assets/6f310ffb9f2e8fd6.js:1:4987)
    at http://localhost:4333/mirror-assets/6f310ffb9f2e8fd6.js:1:1452
    at Array.reduce (<anonymous>)
    at __webpack_require__.e (http://localhost:4333/mirror-assets/6f310ffb9f2e8fd6.js:1:1413)
    at http://localhost:4333/mirror-assets/8116d106bfdf4246.js:1:5209
    at http://localhost:4333/mirror-assets/8116d106bfdf4246.js:1:18452
    at _runHook (http://localhost:4333/mirror-assets/8116d106bfdf4246.js:1:15071)
    at Object.doAction (http://localhost:4333/mirror-assets/8116d106bfdf4246.js:1:15673)
    at e.exports.runReadyTrigger (http://localhost:4333/mirror-assets/8116d106bfdf4246.js:1:19682)
    at http://localhost:4333/mirror-assets/678fdc52c3b3d57b.js:1:12410
[     207ms] ChunkLoadError: Loading chunk 557 failed.
(error: https://sorrisoesalutemonza.it/mirror-assets/missing.svgjs/shared-frontend-handlers.03caa53373b56d3bab67.bundle.min.js)
    at __webpack_require__.f.j (http://localhost:4333/mirror-assets/6f310ffb9f2e8fd6.js:1:4987)
    at http://localhost:4333/mirror-assets/6f310ffb9f2e8fd6.js:1:1452
    at Array.reduce (<anonymous>)
    at __webpack_require__.e (http://localhost:4333/mirror-assets/6f310ffb9f2e8fd6.js:1:1413)
    at http://localhost:4333/mirror-assets/8116d106bfdf4246.js:1:5209
    at http://localhost:4333/mirror-assets/8116d106bfdf4246.js:1:18452
    at _runHook (http://localhost:4333/mirror-assets/8116d106bfdf4246.js:1:15071)
    at Object.doAction (http://localhost:4333/mirror-assets/8116d106bfdf4246.js:1:15673)
    at e.exports.runReadyTrigger (http://localhost:4333/mirror-assets/8116d106bfdf4246.js:1:19682)
    at http://localhost:4333/mirror-assets/678fdc52c3b3d57b.js:1:12410
[     207ms] ChunkLoadError: Loading chunk 557 failed.
(error: https://sorrisoesalutemonza.it/mirror-assets/missing.svgjs/shared-frontend-handlers.03caa53373b56d3bab67.bundle.min.js)
    at __webpack_require__.f.j (http://localhost:4333/mirror-assets/6f310ffb9f2e8fd6.js:1:4987)
    at http://localhost:4333/mirror-assets/6f310ffb9f2e8fd6.js:1:1452
    at Array.reduce (<anonymous>)
    at __webpack_require__.e (http://localhost:4333/mirror-assets/6f310ffb9f2e8fd6.js:1:1413)
    at http://localhost:4333/mirror-assets/8116d106bfdf4246.js:1:5209
    at http://localhost:4333/mirror-assets/8116d106bfdf4246.js:1:18452
    at _runHook (http://localhost:4333/mirror-assets/8116d106bfdf4246.js:1:15071)
    at Object.doAction (http://localhost:4333/mirror-assets/8116d106bfdf4246.js:1:15673)
    at e.exports.runReadyTrigger (http://localhost:4333/mirror-assets/8116d106bfdf4246.js:1:19682)
    at http://localhost:4333/mirror-assets/678fdc52c3b3d57b.js:1:12410
[     207ms] ChunkLoadError: Loading chunk 557 failed.
(error: https://sorrisoesalutemonza.it/mirror-assets/missing.svgjs/shared-frontend-handlers.03caa53373b56d3bab67.bundle.min.js)
    at __webpack_require__.f.j (http://localhost:4333/mirror-assets/6f310ffb9f2e8fd6.js:1:4987)
    at http://localhost:4333/mirror-assets/6f310ffb9f2e8fd6.js:1:1452
    at Array.reduce (<anonymous>)
    at __webpack_require__.e (http://localhost:4333/mirror-assets/6f310ffb9f2e8fd6.js:1:1413)
    at http://localhost:4333/mirror-assets/8116d106bfdf4246.js:1:5209
    at http://localhost:4333/mirror-assets/8116d106bfdf4246.js:1:18452
    at _runHook (http://localhost:4333/mirror-assets/8116d106bfdf4246.js:1:15071)
    at Object.doAction (http://localhost:4333/mirror-assets/8116d106bfdf4246.js:1:15673)
    at e.exports.runReadyTrigger (http://localhost:4333/mirror-assets/8116d106bfdf4246.js:1:19682)
    at http://localhost:4333/mirror-assets/678fdc52c3b3d57b.js:1:12410
[     207ms] ChunkLoadError: Loading chunk 557 failed.
(error: https://sorrisoesalutemonza.it/mirror-assets/missing.svgjs/shared-frontend-handlers.03caa53373b56d3bab67.bundle.min.js)
    at __webpack_require__.f.j (http://localhost:4333/mirror-assets/6f310ffb9f2e8fd6.js:1:4987)
    at http://localhost:4333/mirror-assets/6f310ffb9f2e8fd6.js:1:1452
    at Array.reduce (<anonymous>)
    at __webpack_require__.e (http://localhost:4333/mirror-assets/6f310ffb9f2e8fd6.js:1:1413)
    at http://localhost:4333/mirror-assets/8116d106bfdf4246.js:1:5209
    at http://localhost:4333/mirror-assets/8116d106bfdf4246.js:1:18452
    at _runHook (http://localhost:4333/mirror-assets/8116d106bfdf4246.js:1:15071)
    at Object.doAction (http://localhost:4333/mirror-assets/8116d106bfdf4246.js:1:15673)
    at e.exports.runReadyTrigger (http://localhost:4333/mirror-assets/8116d106bfdf4246.js:1:19682)
    at http://localhost:4333/mirror-assets/678fdc52c3b3d57b.js:1:12410
[     207ms] ChunkLoadError: Loading chunk 557 failed.
(error: https://sorrisoesalutemonza.it/mirror-assets/missing.svgjs/shared-frontend-handlers.03caa53373b56d3bab67.bundle.min.js)
    at __webpack_require__.f.j (http://localhost:4333/mirror-assets/6f310ffb9f2e8fd6.js:1:4987)
    at http://localhost:4333/mirror-assets/6f310ffb9f2e8fd6.js:1:1452
    at Array.reduce (<anonymous>)
    at __webpack_require__.e (http://localhost:4333/mirror-assets/6f310ffb9f2e8fd6.js:1:1413)
    at http://localhost:4333/mirror-assets/8116d106bfdf4246.js:1:5209
    at http://localhost:4333/mirror-assets/8116d106bfdf4246.js:1:18452
    at _runHook (http://localhost:4333/mirror-assets/8116d106bfdf4246.js:1:15071)
    at Object.doAction (http://localhost:4333/mirror-assets/8116d106bfdf4246.js:1:15673)
    at e.exports.runReadyTrigger (http://localhost:4333/mirror-assets/8116d106bfdf4246.js:1:19682)
    at http://localhost:4333/mirror-assets/678fdc52c3b3d57b.js:1:12410
[     207ms] ChunkLoadError: Loading chunk 557 failed.
(error: https://sorrisoesalutemonza.it/mirror-assets/missing.svgjs/shared-frontend-handlers.03caa53373b56d3bab67.bundle.min.js)
    at __webpack_require__.f.j (http://localhost:4333/mirror-assets/6f310ffb9f2e8fd6.js:1:4987)
    at http://localhost:4333/mirror-assets/6f310ffb9f2e8fd6.js:1:1452
    at Array.reduce (<anonymous>)
    at __webpack_require__.e (http://localhost:4333/mirror-assets/6f310ffb9f2e8fd6.js:1:1413)
    at http://localhost:4333/mirror-assets/8116d106bfdf4246.js:1:5209
    at http://localhost:4333/mirror-assets/8116d106bfdf4246.js:1:18452
    at _runHook (http://localhost:4333/mirror-assets/8116d106bfdf4246.js:1:15071)
    at Object.doAction (http://localhost:4333/mirror-assets/8116d106bfdf4246.js:1:15673)
    at e.exports.runReadyTrigger (http://localhost:4333/mirror-assets/8116d106bfdf4246.js:1:19682)
    at http://localhost:4333/mirror-assets/678fdc52c3b3d57b.js:1:12410
[     207ms] ChunkLoadError: Loading chunk 557 failed.
(error: https://sorrisoesalutemonza.it/mirror-assets/missing.svgjs/shared-frontend-handlers.03caa53373b56d3bab67.bundle.min.js)
    at __webpack_require__.f.j (http://localhost:4333/mirror-assets/6f310ffb9f2e8fd6.js:1:4987)
    at http://localhost:4333/mirror-assets/6f310ffb9f2e8fd6.js:1:1452
    at Array.reduce (<anonymous>)
    at __webpack_require__.e (http://localhost:4333/mirror-assets/6f310ffb9f2e8fd6.js:1:1413)
    at http://localhost:4333/mirror-assets/8116d106bfdf4246.js:1:5209
    at http://localhost:4333/mirror-assets/8116d106bfdf4246.js:1:18452
    at _runHook (http://localhost:4333/mirror-assets/8116d106bfdf4246.js:1:15071)
    at Object.doAction (http://localhost:4333/mirror-assets/8116d106bfdf4246.js:1:15673)
    at e.exports.runReadyTrigger (http://localhost:4333/mirror-assets/8116d106bfdf4246.js:1:19682)
    at http://localhost:4333/mirror-assets/678fdc52c3b3d57b.js:1:12410
[     207ms] ChunkLoadError: Loading chunk 557 failed.
(error: https://sorrisoesalutemonza.it/mirror-assets/missing.svgjs/shared-frontend-handlers.03caa53373b56d3bab67.bundle.min.js)
    at __webpack_require__.f.j (http://localhost:4333/mirror-assets/6f310ffb9f2e8fd6.js:1:4987)
    at http://localhost:4333/mirror-assets/6f310ffb9f2e8fd6.js:1:1452
    at Array.reduce (<anonymous>)
    at __webpack_require__.e (http://localhost:4333/mirror-assets/6f310ffb9f2e8fd6.js:1:1413)
    at http://localhost:4333/mirror-assets/8116d106bfdf4246.js:1:5209
    at http://localhost:4333/mirror-assets/8116d106bfdf4246.js:1:18452
    at _runHook (http://localhost:4333/mirror-assets/8116d106bfdf4246.js:1:15071)
    at Object.doAction (http://localhost:4333/mirror-assets/8116d106bfdf4246.js:1:15673)
    at e.exports.runReadyTrigger (http://localhost:4333/mirror-assets/8116d106bfdf4246.js:1:19682)
    at http://localhost:4333/mirror-assets/678fdc52c3b3d57b.js:1:12410
[     207ms] ChunkLoadError: Loading chunk 557 failed.
(error: https://sorrisoesalutemonza.it/mirror-assets/missing.svgjs/shared-frontend-handlers.03caa53373b56d3bab67.bundle.min.js)
    at __webpack_require__.f.j (http://localhost:4333/mirror-assets/6f310ffb9f2e8fd6.js:1:4987)
    at http://localhost:4333/mirror-assets/6f310ffb9f2e8fd6.js:1:1452
    at Array.reduce (<anonymous>)
    at __webpack_require__.e (http://localhost:4333/mirror-assets/6f310ffb9f2e8fd6.js:1:1413)
    at http://localhost:4333/mirror-assets/8116d106bfdf4246.js:1:5209
    at http://localhost:4333/mirror-assets/8116d106bfdf4246.js:1:18452
    at _runHook (http://localhost:4333/mirror-assets/8116d106bfdf4246.js:1:15071)
    at Object.doAction (http://localhost:4333/mirror-assets/8116d106bfdf4246.js:1:15673)
    at e.exports.runReadyTrigger (http://localhost:4333/mirror-assets/8116d106bfdf4246.js:1:19682)
    at http://localhost:4333/mirror-assets/678fdc52c3b3d57b.js:1:12410
[     207ms] ChunkLoadError: Loading chunk 557 failed.
(error: https://sorrisoesalutemonza.it/mirror-assets/missing.svgjs/shared-frontend-handlers.03caa53373b56d3bab67.bundle.min.js)
    at __webpack_require__.f.j (http://localhost:4333/mirror-assets/6f310ffb9f2e8fd6.js:1:4987)
    at http://localhost:4333/mirror-assets/6f310ffb9f2e8fd6.js:1:1452
    at Array.reduce (<anonymous>)
    at __webpack_require__.e (http://localhost:4333/mirror-assets/6f310ffb9f2e8fd6.js:1:1413)
    at http://localhost:4333/mirror-assets/8116d106bfdf4246.js:1:5209
    at http://localhost:4333/mirror-assets/8116d106bfdf4246.js:1:18452
    at _runHook (http://localhost:4333/mirror-assets/8116d106bfdf4246.js:1:15071)
    at Object.doAction (http://localhost:4333/mirror-assets/8116d106bfdf4246.js:1:15673)
    at e.exports.runReadyTrigger (http://localhost:4333/mirror-assets/8116d106bfdf4246.js:1:19682)
    at http://localhost:4333/mirror-assets/678fdc52c3b3d57b.js:1:12410
[     207ms] ChunkLoadError: Loading chunk 557 failed.
(error: https://sorrisoesalutemonza.it/mirror-assets/missing.svgjs/shared-frontend-handlers.03caa53373b56d3bab67.bundle.min.js)
    at __webpack_require__.f.j (http://localhost:4333/mirror-assets/6f310ffb9f2e8fd6.js:1:4987)
    at http://localhost:4333/mirror-assets/6f310ffb9f2e8fd6.js:1:1452
    at Array.reduce (<anonymous>)
    at __webpack_require__.e (http://localhost:4333/mirror-assets/6f310ffb9f2e8fd6.js:1:1413)
    at http://localhost:4333/mirror-assets/8116d106bfdf4246.js:1:5209
    at http://localhost:4333/mirror-assets/8116d106bfdf4246.js:1:18452
    at _runHook (http://localhost:4333/mirror-assets/8116d106bfdf4246.js:1:15071)
    at Object.doAction (http://localhost:4333/mirror-assets/8116d106bfdf4246.js:1:15673)
    at e.exports.runReadyTrigger (http://localhost:4333/mirror-assets/8116d106bfdf4246.js:1:19682)
    at http://localhost:4333/mirror-assets/678fdc52c3b3d57b.js:1:12410
[     207ms] ChunkLoadError: Loading chunk 557 failed.
(error: https://sorrisoesalutemonza.it/mirror-assets/missing.svgjs/shared-frontend-handlers.03caa53373b56d3bab67.bundle.min.js)
    at __webpack_require__.f.j (http://localhost:4333/mirror-assets/6f310ffb9f2e8fd6.js:1:4987)
    at http://localhost:4333/mirror-assets/6f310ffb9f2e8fd6.js:1:1452
    at Array.reduce (<anonymous>)
    at __webpack_require__.e (http://localhost:4333/mirror-assets/6f310ffb9f2e8fd6.js:1:1413)
    at http://localhost:4333/mirror-assets/8116d106bfdf4246.js:1:5209
    at http://localhost:4333/mirror-assets/8116d106bfdf4246.js:1:18452
    at _runHook (http://localhost:4333/mirror-assets/8116d106bfdf4246.js:1:15071)
    at Object.doAction (http://localhost:4333/mirror-assets/8116d106bfdf4246.js:1:15673)
    at e.exports.runReadyTrigger (http://localhost:4333/mirror-assets/8116d106bfdf4246.js:1:19682)
    at http://localhost:4333/mirror-assets/678fdc52c3b3d57b.js:1:12410
[     207ms] ChunkLoadError: Loading chunk 557 failed.
(error: https://sorrisoesalutemonza.it/mirror-assets/missing.svgjs/shared-frontend-handlers.03caa53373b56d3bab67.bundle.min.js)
    at __webpack_require__.f.j (http://localhost:4333/mirror-assets/6f310ffb9f2e8fd6.js:1:4987)
    at http://localhost:4333/mirror-assets/6f310ffb9f2e8fd6.js:1:1452
    at Array.reduce (<anonymous>)
    at __webpack_require__.e (http://localhost:4333/mirror-assets/6f310ffb9f2e8fd6.js:1:1413)
    at http://localhost:4333/mirror-assets/8116d106bfdf4246.js:1:5209
    at http://localhost:4333/mirror-assets/8116d106bfdf4246.js:1:18452
    at _runHook (http://localhost:4333/mirror-assets/8116d106bfdf4246.js:1:15071)
    at Object.doAction (http://localhost:4333/mirror-assets/8116d106bfdf4246.js:1:15673)
    at e.exports.runReadyTrigger (http://localhost:4333/mirror-assets/8116d106bfdf4246.js:1:19682)
    at http://localhost:4333/mirror-assets/678fdc52c3b3d57b.js:1:12410
[     207ms] ChunkLoadError: Loading chunk 557 failed.
(error: https://sorrisoesalutemonza.it/mirror-assets/missing.svgjs/shared-frontend-handlers.03caa53373b56d3bab67.bundle.min.js)
    at __webpack_require__.f.j (http://localhost:4333/mirror-assets/6f310ffb9f2e8fd6.js:1:4987)
    at http://localhost:4333/mirror-assets/6f310ffb9f2e8fd6.js:1:1452
    at Array.reduce (<anonymous>)
    at __webpack_require__.e (http://localhost:4333/mirror-assets/6f310ffb9f2e8fd6.js:1:1413)
    at http://localhost:4333/mirror-assets/8116d106bfdf4246.js:1:5209
    at http://localhost:4333/mirror-assets/8116d106bfdf4246.js:1:18452
    at _runHook (http://localhost:4333/mirror-assets/8116d106bfdf4246.js:1:15071)
    at Object.doAction (http://localhost:4333/mirror-assets/8116d106bfdf4246.js:1:15673)
    at e.exports.runReadyTrigger (http://localhost:4333/mirror-assets/8116d106bfdf4246.js:1:19682)
    at http://localhost:4333/mirror-assets/678fdc52c3b3d57b.js:1:12410
[     207ms] ChunkLoadError: Loading chunk 557 failed.
(error: https://sorrisoesalutemonza.it/mirror-assets/missing.svgjs/shared-frontend-handlers.03caa53373b56d3bab67.bundle.min.js)
    at __webpack_require__.f.j (http://localhost:4333/mirror-assets/6f310ffb9f2e8fd6.js:1:4987)
    at http://localhost:4333/mirror-assets/6f310ffb9f2e8fd6.js:1:1452
    at Array.reduce (<anonymous>)
    at __webpack_require__.e (http://localhost:4333/mirror-assets/6f310ffb9f2e8fd6.js:1:1413)
    at http://localhost:4333/mirror-assets/8116d106bfdf4246.js:1:5209
    at http://localhost:4333/mirror-assets/8116d106bfdf4246.js:1:18452
    at _runHook (http://localhost:4333/mirror-assets/8116d106bfdf4246.js:1:15071)
    at Object.doAction (http://localhost:4333/mirror-assets/8116d106bfdf4246.js:1:15673)
    at e.exports.runReadyTrigger (http://localhost:4333/mirror-assets/8116d106bfdf4246.js:1:19682)
    at http://localhost:4333/mirror-assets/678fdc52c3b3d57b.js:1:12410
[     207ms] ChunkLoadError: Loading chunk 557 failed.
(error: https://sorrisoesalutemonza.it/mirror-assets/missing.svgjs/shared-frontend-handlers.03caa53373b56d3bab67.bundle.min.js)
    at __webpack_require__.f.j (http://localhost:4333/mirror-assets/6f310ffb9f2e8fd6.js:1:4987)
    at http://localhost:4333/mirror-assets/6f310ffb9f2e8fd6.js:1:1452
    at Array.reduce (<anonymous>)
    at __webpack_require__.e (http://localhost:4333/mirror-assets/6f310ffb9f2e8fd6.js:1:1413)
    at http://localhost:4333/mirror-assets/8116d106bfdf4246.js:1:5209
    at http://localhost:4333/mirror-assets/8116d106bfdf4246.js:1:18452
    at _runHook (http://localhost:4333/mirror-assets/8116d106bfdf4246.js:1:15071)
    at Object.doAction (http://localhost:4333/mirror-assets/8116d106bfdf4246.js:1:15673)
    at e.exports.runReadyTrigger (http://localhost:4333/mirror-assets/8116d106bfdf4246.js:1:19682)
    at http://localhost:4333/mirror-assets/678fdc52c3b3d57b.js:1:12410
[     207ms] ChunkLoadError: Loading chunk 557 failed.
(error: https://sorrisoesalutemonza.it/mirror-assets/missing.svgjs/shared-frontend-handlers.03caa53373b56d3bab67.bundle.min.js)
    at __webpack_require__.f.j (http://localhost:4333/mirror-assets/6f310ffb9f2e8fd6.js:1:4987)
    at http://localhost:4333/mirror-assets/6f310ffb9f2e8fd6.js:1:1452
    at Array.reduce (<anonymous>)
    at __webpack_require__.e (http://localhost:4333/mirror-assets/6f310ffb9f2e8fd6.js:1:1413)
    at http://localhost:4333/mirror-assets/8116d106bfdf4246.js:1:5209
    at http://localhost:4333/mirror-assets/8116d106bfdf4246.js:1:18452
    at _runHook (http://localhost:4333/mirror-assets/8116d106bfdf4246.js:1:15071)
    at Object.doAction (http://localhost:4333/mirror-assets/8116d106bfdf4246.js:1:15673)
    at e.exports.runReadyTrigger (http://localhost:4333/mirror-assets/8116d106bfdf4246.js:1:19682)
    at http://localhost:4333/mirror-assets/678fdc52c3b3d57b.js:1:12410
[     207ms] ChunkLoadError: Loading chunk 557 failed.
(error: https://sorrisoesalutemonza.it/mirror-assets/missing.svgjs/shared-frontend-handlers.03caa53373b56d3bab67.bundle.min.js)
    at __webpack_require__.f.j (http://localhost:4333/mirror-assets/6f310ffb9f2e8fd6.js:1:4987)
    at http://localhost:4333/mirror-assets/6f310ffb9f2e8fd6.js:1:1452
    at Array.reduce (<anonymous>)
    at __webpack_require__.e (http://localhost:4333/mirror-assets/6f310ffb9f2e8fd6.js:1:1413)
    at http://localhost:4333/mirror-assets/8116d106bfdf4246.js:1:5209
    at http://localhost:4333/mirror-assets/8116d106bfdf4246.js:1:18452
    at _runHook (http://localhost:4333/mirror-assets/8116d106bfdf4246.js:1:15071)
    at Object.doAction (http://localhost:4333/mirror-assets/8116d106bfdf4246.js:1:15673)
    at e.exports.runReadyTrigger (http://localhost:4333/mirror-assets/8116d106bfdf4246.js:1:19682)
    at http://localhost:4333/mirror-assets/678fdc52c3b3d57b.js:1:12410
[     207ms] ChunkLoadError: Loading chunk 557 failed.
(error: https://sorrisoesalutemonza.it/mirror-assets/missing.svgjs/shared-frontend-handlers.03caa53373b56d3bab67.bundle.min.js)
    at __webpack_require__.f.j (http://localhost:4333/mirror-assets/6f310ffb9f2e8fd6.js:1:4987)
    at http://localhost:4333/mirror-assets/6f310ffb9f2e8fd6.js:1:1452
    at Array.reduce (<anonymous>)
    at __webpack_require__.e (http://localhost:4333/mirror-assets/6f310ffb9f2e8fd6.js:1:1413)
    at http://localhost:4333/mirror-assets/8116d106bfdf4246.js:1:5209
    at http://localhost:4333/mirror-assets/8116d106bfdf4246.js:1:18452
    at _runHook (http://localhost:4333/mirror-assets/8116d106bfdf4246.js:1:15071)
    at Object.doAction (http://localhost:4333/mirror-assets/8116d106bfdf4246.js:1:15673)
    at e.exports.runReadyTrigger (http://localhost:4333/mirror-assets/8116d106bfdf4246.js:1:19682)
    at http://localhost:4333/mirror-assets/678fdc52c3b3d57b.js:1:12410
[     207ms] ChunkLoadError: Loading chunk 557 failed.
(error: https://sorrisoesalutemonza.it/mirror-assets/missing.svgjs/shared-frontend-handlers.03caa53373b56d3bab67.bundle.min.js)
    at __webpack_require__.f.j (http://localhost:4333/mirror-assets/6f310ffb9f2e8fd6.js:1:4987)
    at http://localhost:4333/mirror-assets/6f310ffb9f2e8fd6.js:1:1452
    at Array.reduce (<anonymous>)
    at __webpack_require__.e (http://localhost:4333/mirror-assets/6f310ffb9f2e8fd6.js:1:1413)
    at http://localhost:4333/mirror-assets/8116d106bfdf4246.js:1:5209
    at http://localhost:4333/mirror-assets/8116d106bfdf4246.js:1:18452
    at _runHook (http://localhost:4333/mirror-assets/8116d106bfdf4246.js:1:15071)
    at Object.doAction (http://localhost:4333/mirror-assets/8116d106bfdf4246.js:1:15673)
    at e.exports.runReadyTrigger (http://localhost:4333/mirror-assets/8116d106bfdf4246.js:1:19682)
    at http://localhost:4333/mirror-assets/678fdc52c3b3d57b.js:1:12410
[     207ms] ChunkLoadError: Loading chunk 557 failed.
(error: https://sorrisoesalutemonza.it/mirror-assets/missing.svgjs/shared-frontend-handlers.03caa53373b56d3bab67.bundle.min.js)
    at __webpack_require__.f.j (http://localhost:4333/mirror-assets/6f310ffb9f2e8fd6.js:1:4987)
    at http://localhost:4333/mirror-assets/6f310ffb9f2e8fd6.js:1:1452
    at Array.reduce (<anonymous>)
    at __webpack_require__.e (http://localhost:4333/mirror-assets/6f310ffb9f2e8fd6.js:1:1413)
    at http://localhost:4333/mirror-assets/8116d106bfdf4246.js:1:5209
    at http://localhost:4333/mirror-assets/8116d106bfdf4246.js:1:18452
    at _runHook (http://localhost:4333/mirror-assets/8116d106bfdf4246.js:1:15071)
    at Object.doAction (http://localhost:4333/mirror-assets/8116d106bfdf4246.js:1:15673)
    at e.exports.runReadyTrigger (http://localhost:4333/mirror-assets/8116d106bfdf4246.js:1:19682)
    at http://localhost:4333/mirror-assets/678fdc52c3b3d57b.js:1:12410
[    1948ms] [WARNING] Deprecated API for given entry type. @ http://localhost:4333/mirror-assets/ad044e6ee8dea49c.js:0
[    2609ms] [ERROR] Access to resource at 'https://sorrisoesalutemonza.it/wp-json/optml/v1/optimizations' from origin 'http://localhost:4333' has been blocked by CORS policy: Response to preflight request doesn't pass access control check: No 'Access-Control-Allow-Origin' header is present on the requested resource. @ http://localhost:4333/struttura-studio-dentistico-monza/:0
[    2609ms] [ERROR] Failed to load resource: net::ERR_FAILED @ https://sorrisoesalutemonza.it/wp-json/optml/v1/optimizations:0
