[      67ms] [LOG] JQMIGRATE: Migrate is installed, version 3.4.1 @ http://localhost:4333/mirror-assets/74e803ca7a5d9c94.js:1
[     167ms] [ERROR] Failed to load resource: the server responded with a status of 404 () @ https://sorrisoesalutemonza.it/mirror-assets/missing.svgjs/shared-frontend-handlers.03caa53373b56d3bab67.bundle.min.js:0
[     167ms] [ERROR] Failed to load resource: the server responded with a status of 404 () @ https://sorrisoesalutemonza.it/mirror-assets/missing.svgjs/text-editor.45609661e409413f1cef.bundle.min.js:0
[     167ms] [ERROR] Failed to load resource: the server responded with a status of 404 () @ https://sorrisoesalutemonza.it/mirror-assets/missing.svgjs/image-carousel.6167d20b95b33386757b.bundle.min.js:0
[     194ms] ChunkLoadError: Loading chunk 557 failed.
(error: https://sorrisoesalutemonza.it/mirror-assets/missing.svgjs/shared-frontend-handlers.03caa53373b56d3bab67.bundle.min.js)
    at __webpack_require__.f.j (http://localhost:4333/mirror-assets/6f310ffb9f2e8fd6.js:1:4987)
    at http://localhost:4333/mirror-assets/6f310ffb9f2e8fd6.js:1:1452
    at Array.reduce (<anonymous>)
    at __webpack_require__.e (http://localhost:4333/mirror-assets/6f310ffb9f2e8fd6.js:1:1413)
    at http://localhost:4333/mirror-assets/8116d106bfdf4246.js:1:5209
    at http://localhost:4333/mirror-assets/8116d106bfdf4246.js:1:18452
    at _runHook (http://localhost:4333/mirror-assets/8116d106bfdf4246.js:1:15071)
    at Object.doAction (http://localhost:4333/mirror-assets/8116d106bfdf4246.js:1:15673)
    at e.exports.runReadyTrigger (http://localhost:4333/mirror-assets/8116d106bfdf4246.js:1:19682)
    at http://localhost:4333/mirror-assets/678fdc52c3b3d57b.js:1:12410
[     194ms] ChunkLoadError: Loading chunk 557 failed.
(error: https://sorrisoesalutemonza.it/mirror-assets/missing.svgjs/shared-frontend-handlers.03caa53373b56d3bab67.bundle.min.js)
    at __webpack_require__.f.j (http://localhost:4333/mirror-assets/6f310ffb9f2e8fd6.js:1:4987)
    at http://localhost:4333/mirror-assets/6f310ffb9f2e8fd6.js:1:1452
    at Array.reduce (<anonymous>)
    at __webpack_require__.e (http://localhost:4333/mirror-assets/6f310ffb9f2e8fd6.js:1:1413)
    at http://localhost:4333/mirror-assets/8116d106bfdf4246.js:1:5209
    at http://localhost:4333/mirror-assets/8116d106bfdf4246.js:1:18452
    at _runHook (http://localhost:4333/mirror-assets/8116d106bfdf4246.js:1:15071)
    at Object.doAction (http://localhost:4333/mirror-assets/8116d106bfdf4246.js:1:15673)
    at e.exports.runReadyTrigger (http://localhost:4333/mirror-assets/8116d106bfdf4246.js:1:19682)
    at http://localhost:4333/mirror-assets/678fdc52c3b3d57b.js:1:12410
[     194ms] ChunkLoadError: Loading chunk 557 failed.
(error: https://sorrisoesalutemonza.it/mirror-assets/missing.svgjs/shared-frontend-handlers.03caa53373b56d3bab67.bundle.min.js)
    at __webpack_require__.f.j (http://localhost:4333/mirror-assets/6f310ffb9f2e8fd6.js:1:4987)
    at http://localhost:4333/mirror-assets/6f310ffb9f2e8fd6.js:1:1452
    at Array.reduce (<anonymous>)
    at __webpack_require__.e (http://localhost:4333/mirror-assets/6f310ffb9f2e8fd6.js:1:1413)
    at http://localhost:4333/mirror-assets/8116d106bfdf4246.js:1:5209
    at http://localhost:4333/mirror-assets/8116d106bfdf4246.js:1:18452
    at _runHook (http://localhost:4333/mirror-assets/8116d106bfdf4246.js:1:15071)
    at Object.doAction (http://localhost:4333/mirror-assets/8116d106bfdf4246.js:1:15673)
    at e.exports.runReadyTrigger (http://localhost:4333/mirror-assets/8116d106bfdf4246.js:1:19682)
    at http://localhost:4333/mirror-assets/678fdc52c3b3d57b.js:1:12410
[     194ms] ChunkLoadError: Loading chunk 557 failed.
(error: https://sorrisoesalutemonza.it/mirror-assets/missing.svgjs/shared-frontend-handlers.03caa53373b56d3bab67.bundle.min.js)
    at __webpack_require__.f.j (http://localhost:4333/mirror-assets/6f310ffb9f2e8fd6.js:1:4987)
    at http://localhost:4333/mirror-assets/6f310ffb9f2e8fd6.js:1:1452
    at Array.reduce (<anonymous>)
    at __webpack_require__.e (http://localhost:4333/mirror-assets/6f310ffb9f2e8fd6.js:1:1413)
    at http://localhost:4333/mirror-assets/8116d106bfdf4246.js:1:5209
    at http://localhost:4333/mirror-assets/8116d106bfdf4246.js:1:18452
    at _runHook (http://localhost:4333/mirror-assets/8116d106bfdf4246.js:1:15071)
    at Object.doAction (http://localhost:4333/mirror-assets/8116d106bfdf4246.js:1:15673)
    at e.exports.runReadyTrigger (http://localhost:4333/mirror-assets/8116d106bfdf4246.js:1:19682)
    at http://localhost:4333/mirror-assets/678fdc52c3b3d57b.js:1:12410
[     194ms] ChunkLoadError: Loading chunk 557 failed.
(error: https://sorrisoesalutemonza.it/mirror-assets/missing.svgjs/shared-frontend-handlers.03caa53373b56d3bab67.bundle.min.js)
    at __webpack_require__.f.j (http://localhost:4333/mirror-assets/6f310ffb9f2e8fd6.js:1:4987)
    at http://localhost:4333/mirror-assets/6f310ffb9f2e8fd6.js:1:1452
    at Array.reduce (<anonymous>)
    at __webpack_require__.e (http://localhost:4333/mirror-assets/6f310ffb9f2e8fd6.js:1:1413)
    at http://localhost:4333/mirror-assets/8116d106bfdf4246.js:1:5209
    at http://localhost:4333/mirror-assets/8116d106bfdf4246.js:1:18452
    at _runHook (http://localhost:4333/mirror-assets/8116d106bfdf4246.js:1:15071)
    at Object.doAction (http://localhost:4333/mirror-assets/8116d106bfdf4246.js:1:15673)
    at e.exports.runReadyTrigger (http://localhost:4333/mirror-assets/8116d106bfdf4246.js:1:19682)
    at http://localhost:4333/mirror-assets/678fdc52c3b3d57b.js:1:12410
[     194ms] ChunkLoadError: Loading chunk 557 failed.
(error: https://sorrisoesalutemonza.it/mirror-assets/missing.svgjs/shared-frontend-handlers.03caa53373b56d3bab67.bundle.min.js)
    at __webpack_require__.f.j (http://localhost:4333/mirror-assets/6f310ffb9f2e8fd6.js:1:4987)
    at http://localhost:4333/mirror-assets/6f310ffb9f2e8fd6.js:1:1452
    at Array.reduce (<anonymous>)
    at __webpack_require__.e (http://localhost:4333/mirror-assets/6f310ffb9f2e8fd6.js:1:1413)
    at http://localhost:4333/mirror-assets/8116d106bfdf4246.js:1:5209
    at http://localhost:4333/mirror-assets/8116d106bfdf4246.js:1:18452
    at _runHook (http://localhost:4333/mirror-assets/8116d106bfdf4246.js:1:15071)
    at Object.doAction (http://localhost:4333/mirror-assets/8116d106bfdf4246.js:1:15673)
    at e.exports.runReadyTrigger (http://localhost:4333/mirror-assets/8116d106bfdf4246.js:1:19682)
    at http://localhost:4333/mirror-assets/678fdc52c3b3d57b.js:1:12410
[     194ms] ChunkLoadError: Loading chunk 557 failed.
(error: https://sorrisoesalutemonza.it/mirror-assets/missing.svgjs/shared-frontend-handlers.03caa53373b56d3bab67.bundle.min.js)
    at __webpack_require__.f.j (http://localhost:4333/mirror-assets/6f310ffb9f2e8fd6.js:1:4987)
    at http://localhost:4333/mirror-assets/6f310ffb9f2e8fd6.js:1:1452
    at Array.reduce (<anonymous>)
    at __webpack_require__.e (http://localhost:4333/mirror-assets/6f310ffb9f2e8fd6.js:1:1413)
    at http://localhost:4333/mirror-assets/8116d106bfdf4246.js:1:5209
    at http://localhost:4333/mirror-assets/8116d106bfdf4246.js:1:18452
    at _runHook (http://localhost:4333/mirror-assets/8116d106bfdf4246.js:1:15071)
    at Object.doAction (http://localhost:4333/mirror-assets/8116d106bfdf4246.js:1:15673)
    at e.exports.runReadyTrigger (http://localhost:4333/mirror-assets/8116d106bfdf4246.js:1:19682)
    at http://localhost:4333/mirror-assets/678fdc52c3b3d57b.js:1:12410
[     194ms] ChunkLoadError: Loading chunk 557 failed.
(error: https://sorrisoesalutemonza.it/mirror-assets/missing.svgjs/shared-frontend-handlers.03caa53373b56d3bab67.bundle.min.js)
    at __webpack_require__.f.j (http://localhost:4333/mirror-assets/6f310ffb9f2e8fd6.js:1:4987)
    at http://localhost:4333/mirror-assets/6f310ffb9f2e8fd6.js:1:1452
    at Array.reduce (<anonymous>)
    at __webpack_require__.e (http://localhost:4333/mirror-assets/6f310ffb9f2e8fd6.js:1:1413)
    at http://localhost:4333/mirror-assets/8116d106bfdf4246.js:1:5209
    at http://localhost:4333/mirror-assets/8116d106bfdf4246.js:1:18452
    at _runHook (http://localhost:4333/mirror-assets/8116d106bfdf4246.js:1:15071)
    at Object.doAction (http://localhost:4333/mirror-assets/8116d106bfdf4246.js:1:15673)
    at e.exports.runReadyTrigger (http://localhost:4333/mirror-assets/8116d106bfdf4246.js:1:19682)
    at http://localhost:4333/mirror-assets/678fdc52c3b3d57b.js:1:12410
[     194ms] ChunkLoadError: Loading chunk 557 failed.
(error: https://sorrisoesalutemonza.it/mirror-assets/missing.svgjs/shared-frontend-handlers.03caa53373b56d3bab67.bundle.min.js)
    at __webpack_require__.f.j (http://localhost:4333/mirror-assets/6f310ffb9f2e8fd6.js:1:4987)
    at http://localhost:4333/mirror-assets/6f310ffb9f2e8fd6.js:1:1452
    at Array.reduce (<anonymous>)
    at __webpack_require__.e (http://localhost:4333/mirror-assets/6f310ffb9f2e8fd6.js:1:1413)
    at http://localhost:4333/mirror-assets/8116d106bfdf4246.js:1:5209
    at http://localhost:4333/mirror-assets/8116d106bfdf4246.js:1:18452
    at _runHook (http://localhost:4333/mirror-assets/8116d106bfdf4246.js:1:15071)
    at Object.doAction (http://localhost:4333/mirror-assets/8116d106bfdf4246.js:1:15673)
    at e.exports.runReadyTrigger (http://localhost:4333/mirror-assets/8116d106bfdf4246.js:1:19682)
    at http://localhost:4333/mirror-assets/678fdc52c3b3d57b.js:1:12410
[     194ms] ChunkLoadError: Loading chunk 557 failed.
(error: https://sorrisoesalutemonza.it/mirror-assets/missing.svgjs/shared-frontend-handlers.03caa53373b56d3bab67.bundle.min.js)
    at __webpack_require__.f.j (http://localhost:4333/mirror-assets/6f310ffb9f2e8fd6.js:1:4987)
    at http://localhost:4333/mirror-assets/6f310ffb9f2e8fd6.js:1:1452
    at Array.reduce (<anonymous>)
    at __webpack_require__.e (http://localhost:4333/mirror-assets/6f310ffb9f2e8fd6.js:1:1413)
    at http://localhost:4333/mirror-assets/8116d106bfdf4246.js:1:5209
    at http://localhost:4333/mirror-assets/8116d106bfdf4246.js:1:18452
    at _runHook (http://localhost:4333/mirror-assets/8116d106bfdf4246.js:1:15071)
    at Object.doAction (http://localhost:4333/mirror-assets/8116d106bfdf4246.js:1:15673)
    at e.exports.runReadyTrigger (http://localhost:4333/mirror-assets/8116d106bfdf4246.js:1:19682)
    at http://localhost:4333/mirror-assets/678fdc52c3b3d57b.js:1:12410
[     194ms] ChunkLoadError: Loading chunk 557 failed.
(error: https://sorrisoesalutemonza.it/mirror-assets/missing.svgjs/shared-frontend-handlers.03caa53373b56d3bab67.bundle.min.js)
    at __webpack_require__.f.j (http://localhost:4333/mirror-assets/6f310ffb9f2e8fd6.js:1:4987)
    at http://localhost:4333/mirror-assets/6f310ffb9f2e8fd6.js:1:1452
    at Array.reduce (<anonymous>)
    at __webpack_require__.e (http://localhost:4333/mirror-assets/6f310ffb9f2e8fd6.js:1:1413)
    at http://localhost:4333/mirror-assets/8116d106bfdf4246.js:1:5209
    at http://localhost:4333/mirror-assets/8116d106bfdf4246.js:1:18452
    at _runHook (http://localhost:4333/mirror-assets/8116d106bfdf4246.js:1:15071)
    at Object.doAction (http://localhost:4333/mirror-assets/8116d106bfdf4246.js:1:15673)
    at e.exports.runReadyTrigger (http://localhost:4333/mirror-assets/8116d106bfdf4246.js:1:19682)
    at http://localhost:4333/mirror-assets/678fdc52c3b3d57b.js:1:12410
[     196ms] ChunkLoadError: Loading chunk 557 failed.
(error: https://sorrisoesalutemonza.it/mirror-assets/missing.svgjs/shared-frontend-handlers.03caa53373b56d3bab67.bundle.min.js)
    at __webpack_require__.f.j (http://localhost:4333/mirror-assets/6f310ffb9f2e8fd6.js:1:4987)
    at http://localhost:4333/mirror-assets/6f310ffb9f2e8fd6.js:1:1452
    at Array.reduce (<anonymous>)
    at __webpack_require__.e (http://localhost:4333/mirror-assets/6f310ffb9f2e8fd6.js:1:1413)
    at http://localhost:4333/mirror-assets/8116d106bfdf4246.js:1:5209
    at http://localhost:4333/mirror-assets/8116d106bfdf4246.js:1:18452
    at _runHook (http://localhost:4333/mirror-assets/8116d106bfdf4246.js:1:15071)
    at Object.doAction (http://localhost:4333/mirror-assets/8116d106bfdf4246.js:1:15673)
    at e.exports.runReadyTrigger (http://localhost:4333/mirror-assets/8116d106bfdf4246.js:1:19682)
    at http://localhost:4333/mirror-assets/678fdc52c3b3d57b.js:1:12410
[     196ms] ChunkLoadError: Loading chunk 557 failed.
(error: https://sorrisoesalutemonza.it/mirror-assets/missing.svgjs/shared-frontend-handlers.03caa53373b56d3bab67.bundle.min.js)
    at __webpack_require__.f.j (http://localhost:4333/mirror-assets/6f310ffb9f2e8fd6.js:1:4987)
    at http://localhost:4333/mirror-assets/6f310ffb9f2e8fd6.js:1:1452
    at Array.reduce (<anonymous>)
    at __webpack_require__.e (http://localhost:4333/mirror-assets/6f310ffb9f2e8fd6.js:1:1413)
    at http://localhost:4333/mirror-assets/8116d106bfdf4246.js:1:5209
    at http://localhost:4333/mirror-assets/8116d106bfdf4246.js:1:18452
    at _runHook (http://localhost:4333/mirror-assets/8116d106bfdf4246.js:1:15071)
    at Object.doAction (http://localhost:4333/mirror-assets/8116d106bfdf4246.js:1:15673)
    at e.exports.runReadyTrigger (http://localhost:4333/mirror-assets/8116d106bfdf4246.js:1:19682)
    at http://localhost:4333/mirror-assets/678fdc52c3b3d57b.js:1:12410
[     196ms] ChunkLoadError: Loading chunk 557 failed.
(error: https://sorrisoesalutemonza.it/mirror-assets/missing.svgjs/shared-frontend-handlers.03caa53373b56d3bab67.bundle.min.js)
    at __webpack_require__.f.j (http://localhost:4333/mirror-assets/6f310ffb9f2e8fd6.js:1:4987)
    at http://localhost:4333/mirror-assets/6f310ffb9f2e8fd6.js:1:1452
    at Array.reduce (<anonymous>)
    at __webpack_require__.e (http://localhost:4333/mirror-assets/6f310ffb9f2e8fd6.js:1:1413)
    at http://localhost:4333/mirror-assets/8116d106bfdf4246.js:1:5209
    at http://localhost:4333/mirror-assets/8116d106bfdf4246.js:1:18452
    at _runHook (http://localhost:4333/mirror-assets/8116d106bfdf4246.js:1:15071)
    at Object.doAction (http://localhost:4333/mirror-assets/8116d106bfdf4246.js:1:15673)
    at e.exports.runReadyTrigger (http://localhost:4333/mirror-assets/8116d106bfdf4246.js:1:19682)
    at http://localhost:4333/mirror-assets/678fdc52c3b3d57b.js:1:12410
[     196ms] ChunkLoadError: Loading chunk 557 failed.
(error: https://sorrisoesalutemonza.it/mirror-assets/missing.svgjs/shared-frontend-handlers.03caa53373b56d3bab67.bundle.min.js)
    at __webpack_require__.f.j (http://localhost:4333/mirror-assets/6f310ffb9f2e8fd6.js:1:4987)
    at http://localhost:4333/mirror-assets/6f310ffb9f2e8fd6.js:1:1452
    at Array.reduce (<anonymous>)
    at __webpack_require__.e (http://localhost:4333/mirror-assets/6f310ffb9f2e8fd6.js:1:1413)
    at http://localhost:4333/mirror-assets/8116d106bfdf4246.js:1:5209
    at http://localhost:4333/mirror-assets/8116d106bfdf4246.js:1:18452
    at _runHook (http://localhost:4333/mirror-assets/8116d106bfdf4246.js:1:15071)
    at Object.doAction (http://localhost:4333/mirror-assets/8116d106bfdf4246.js:1:15673)
    at e.exports.runReadyTrigger (http://localhost:4333/mirror-assets/8116d106bfdf4246.js:1:19682)
    at http://localhost:4333/mirror-assets/678fdc52c3b3d57b.js:1:12410
[     196ms] ChunkLoadError: Loading chunk 557 failed.
(error: https://sorrisoesalutemonza.it/mirror-assets/missing.svgjs/shared-frontend-handlers.03caa53373b56d3bab67.bundle.min.js)
    at __webpack_require__.f.j (http://localhost:4333/mirror-assets/6f310ffb9f2e8fd6.js:1:4987)
    at http://localhost:4333/mirror-assets/6f310ffb9f2e8fd6.js:1:1452
    at Array.reduce (<anonymous>)
    at __webpack_require__.e (http://localhost:4333/mirror-assets/6f310ffb9f2e8fd6.js:1:1413)
    at http://localhost:4333/mirror-assets/8116d106bfdf4246.js:1:5209
    at http://localhost:4333/mirror-assets/8116d106bfdf4246.js:1:18452
    at _runHook (http://localhost:4333/mirror-assets/8116d106bfdf4246.js:1:15071)
    at Object.doAction (http://localhost:4333/mirror-assets/8116d106bfdf4246.js:1:15673)
    at e.exports.runReadyTrigger (http://localhost:4333/mirror-assets/8116d106bfdf4246.js:1:19682)
    at http://localhost:4333/mirror-assets/678fdc52c3b3d57b.js:1:12410
[     196ms] ChunkLoadError: Loading chunk 557 failed.
(error: https://sorrisoesalutemonza.it/mirror-assets/missing.svgjs/shared-frontend-handlers.03caa53373b56d3bab67.bundle.min.js)
    at __webpack_require__.f.j (http://localhost:4333/mirror-assets/6f310ffb9f2e8fd6.js:1:4987)
    at http://localhost:4333/mirror-assets/6f310ffb9f2e8fd6.js:1:1452
    at Array.reduce (<anonymous>)
    at __webpack_require__.e (http://localhost:4333/mirror-assets/6f310ffb9f2e8fd6.js:1:1413)
    at http://localhost:4333/mirror-assets/8116d106bfdf4246.js:1:5209
    at http://localhost:4333/mirror-assets/8116d106bfdf4246.js:1:18452
    at _runHook (http://localhost:4333/mirror-assets/8116d106bfdf4246.js:1:15071)
    at Object.doAction (http://localhost:4333/mirror-assets/8116d106bfdf4246.js:1:15673)
    at e.exports.runReadyTrigger (http://localhost:4333/mirror-assets/8116d106bfdf4246.js:1:19682)
    at http://localhost:4333/mirror-assets/678fdc52c3b3d57b.js:1:12410
[     196ms] ChunkLoadError: Loading chunk 557 failed.
(error: https://sorrisoesalutemonza.it/mirror-assets/missing.svgjs/shared-frontend-handlers.03caa53373b56d3bab67.bundle.min.js)
    at __webpack_require__.f.j (http://localhost:4333/mirror-assets/6f310ffb9f2e8fd6.js:1:4987)
    at http://localhost:4333/mirror-assets/6f310ffb9f2e8fd6.js:1:1452
    at Array.reduce (<anonymous>)
    at __webpack_require__.e (http://localhost:4333/mirror-assets/6f310ffb9f2e8fd6.js:1:1413)
    at http://localhost:4333/mirror-assets/8116d106bfdf4246.js:1:5209
    at http://localhost:4333/mirror-assets/8116d106bfdf4246.js:1:18452
    at _runHook (http://localhost:4333/mirror-assets/8116d106bfdf4246.js:1:15071)
    at Object.doAction (http://localhost:4333/mirror-assets/8116d106bfdf4246.js:1:15673)
    at e.exports.runReadyTrigger (http://localhost:4333/mirror-assets/8116d106bfdf4246.js:1:19682)
    at http://localhost:4333/mirror-assets/678fdc52c3b3d57b.js:1:12410
[     196ms] ChunkLoadError: Loading chunk 557 failed.
(error: https://sorrisoesalutemonza.it/mirror-assets/missing.svgjs/shared-frontend-handlers.03caa53373b56d3bab67.bundle.min.js)
    at __webpack_require__.f.j (http://localhost:4333/mirror-assets/6f310ffb9f2e8fd6.js:1:4987)
    at http://localhost:4333/mirror-assets/6f310ffb9f2e8fd6.js:1:1452
    at Array.reduce (<anonymous>)
    at __webpack_require__.e (http://localhost:4333/mirror-assets/6f310ffb9f2e8fd6.js:1:1413)
    at http://localhost:4333/mirror-assets/8116d106bfdf4246.js:1:5209
    at http://localhost:4333/mirror-assets/8116d106bfdf4246.js:1:18452
    at _runHook (http://localhost:4333/mirror-assets/8116d106bfdf4246.js:1:15071)
    at Object.doAction (http://localhost:4333/mirror-assets/8116d106bfdf4246.js:1:15673)
    at e.exports.runReadyTrigger (http://localhost:4333/mirror-assets/8116d106bfdf4246.js:1:19682)
    at http://localhost:4333/mirror-assets/678fdc52c3b3d57b.js:1:12410
[     197ms] ChunkLoadError: Loading chunk 557 failed.
(error: https://sorrisoesalutemonza.it/mirror-assets/missing.svgjs/shared-frontend-handlers.03caa53373b56d3bab67.bundle.min.js)
    at __webpack_require__.f.j (http://localhost:4333/mirror-assets/6f310ffb9f2e8fd6.js:1:4987)
    at http://localhost:4333/mirror-assets/6f310ffb9f2e8fd6.js:1:1452
    at Array.reduce (<anonymous>)
    at __webpack_require__.e (http://localhost:4333/mirror-assets/6f310ffb9f2e8fd6.js:1:1413)
    at http://localhost:4333/mirror-assets/8116d106bfdf4246.js:1:5209
    at http://localhost:4333/mirror-assets/8116d106bfdf4246.js:1:18452
    at _runHook (http://localhost:4333/mirror-assets/8116d106bfdf4246.js:1:15071)
    at Object.doAction (http://localhost:4333/mirror-assets/8116d106bfdf4246.js:1:15673)
    at e.exports.runReadyTrigger (http://localhost:4333/mirror-assets/8116d106bfdf4246.js:1:19682)
    at http://localhost:4333/mirror-assets/678fdc52c3b3d57b.js:1:12410
[     197ms] ChunkLoadError: Loading chunk 557 failed.
(error: https://sorrisoesalutemonza.it/mirror-assets/missing.svgjs/shared-frontend-handlers.03caa53373b56d3bab67.bundle.min.js)
    at __webpack_require__.f.j (http://localhost:4333/mirror-assets/6f310ffb9f2e8fd6.js:1:4987)
    at http://localhost:4333/mirror-assets/6f310ffb9f2e8fd6.js:1:1452
    at Array.reduce (<anonymous>)
    at __webpack_require__.e (http://localhost:4333/mirror-assets/6f310ffb9f2e8fd6.js:1:1413)
    at http://localhost:4333/mirror-assets/8116d106bfdf4246.js:1:5209
    at http://localhost:4333/mirror-assets/8116d106bfdf4246.js:1:18452
    at _runHook (http://localhost:4333/mirror-assets/8116d106bfdf4246.js:1:15071)
    at Object.doAction (http://localhost:4333/mirror-assets/8116d106bfdf4246.js:1:15673)
    at e.exports.runReadyTrigger (http://localhost:4333/mirror-assets/8116d106bfdf4246.js:1:19682)
    at http://localhost:4333/mirror-assets/678fdc52c3b3d57b.js:1:12410
[     197ms] ChunkLoadError: Loading chunk 557 failed.
(error: https://sorrisoesalutemonza.it/mirror-assets/missing.svgjs/shared-frontend-handlers.03caa53373b56d3bab67.bundle.min.js)
    at __webpack_require__.f.j (http://localhost:4333/mirror-assets/6f310ffb9f2e8fd6.js:1:4987)
    at http://localhost:4333/mirror-assets/6f310ffb9f2e8fd6.js:1:1452
    at Array.reduce (<anonymous>)
    at __webpack_require__.e (http://localhost:4333/mirror-assets/6f310ffb9f2e8fd6.js:1:1413)
    at http://localhost:4333/mirror-assets/8116d106bfdf4246.js:1:5209
    at http://localhost:4333/mirror-assets/8116d106bfdf4246.js:1:18452
    at _runHook (http://localhost:4333/mirror-assets/8116d106bfdf4246.js:1:15071)
    at Object.doAction (http://localhost:4333/mirror-assets/8116d106bfdf4246.js:1:15673)
    at e.exports.runReadyTrigger (http://localhost:4333/mirror-assets/8116d106bfdf4246.js:1:19682)
    at http://localhost:4333/mirror-assets/678fdc52c3b3d57b.js:1:12410
[     197ms] ChunkLoadError: Loading chunk 557 failed.
(error: https://sorrisoesalutemonza.it/mirror-assets/missing.svgjs/shared-frontend-handlers.03caa53373b56d3bab67.bundle.min.js)
    at __webpack_require__.f.j (http://localhost:4333/mirror-assets/6f310ffb9f2e8fd6.js:1:4987)
    at http://localhost:4333/mirror-assets/6f310ffb9f2e8fd6.js:1:1452
    at Array.reduce (<anonymous>)
    at __webpack_require__.e (http://localhost:4333/mirror-assets/6f310ffb9f2e8fd6.js:1:1413)
    at http://localhost:4333/mirror-assets/8116d106bfdf4246.js:1:5209
    at http://localhost:4333/mirror-assets/8116d106bfdf4246.js:1:18452
    at _runHook (http://localhost:4333/mirror-assets/8116d106bfdf4246.js:1:15071)
    at Object.doAction (http://localhost:4333/mirror-assets/8116d106bfdf4246.js:1:15673)
    at e.exports.runReadyTrigger (http://localhost:4333/mirror-assets/8116d106bfdf4246.js:1:19682)
    at http://localhost:4333/mirror-assets/678fdc52c3b3d57b.js:1:12410
[     197ms] ChunkLoadError: Loading chunk 557 failed.
(error: https://sorrisoesalutemonza.it/mirror-assets/missing.svgjs/shared-frontend-handlers.03caa53373b56d3bab67.bundle.min.js)
    at __webpack_require__.f.j (http://localhost:4333/mirror-assets/6f310ffb9f2e8fd6.js:1:4987)
    at http://localhost:4333/mirror-assets/6f310ffb9f2e8fd6.js:1:1452
    at Array.reduce (<anonymous>)
    at __webpack_require__.e (http://localhost:4333/mirror-assets/6f310ffb9f2e8fd6.js:1:1413)
    at http://localhost:4333/mirror-assets/8116d106bfdf4246.js:1:5209
    at http://localhost:4333/mirror-assets/8116d106bfdf4246.js:1:18452
    at _runHook (http://localhost:4333/mirror-assets/8116d106bfdf4246.js:1:15071)
    at Object.doAction (http://localhost:4333/mirror-assets/8116d106bfdf4246.js:1:15673)
    at e.exports.runReadyTrigger (http://localhost:4333/mirror-assets/8116d106bfdf4246.js:1:19682)
    at http://localhost:4333/mirror-assets/678fdc52c3b3d57b.js:1:12410
[     197ms] ChunkLoadError: Loading chunk 557 failed.
(error: https://sorrisoesalutemonza.it/mirror-assets/missing.svgjs/shared-frontend-handlers.03caa53373b56d3bab67.bundle.min.js)
    at __webpack_require__.f.j (http://localhost:4333/mirror-assets/6f310ffb9f2e8fd6.js:1:4987)
    at http://localhost:4333/mirror-assets/6f310ffb9f2e8fd6.js:1:1452
    at Array.reduce (<anonymous>)
    at __webpack_require__.e (http://localhost:4333/mirror-assets/6f310ffb9f2e8fd6.js:1:1413)
    at http://localhost:4333/mirror-assets/8116d106bfdf4246.js:1:5209
    at http://localhost:4333/mirror-assets/8116d106bfdf4246.js:1:18452
    at _runHook (http://localhost:4333/mirror-assets/8116d106bfdf4246.js:1:15071)
    at Object.doAction (http://localhost:4333/mirror-assets/8116d106bfdf4246.js:1:15673)
    at e.exports.runReadyTrigger (http://localhost:4333/mirror-assets/8116d106bfdf4246.js:1:19682)
    at http://localhost:4333/mirror-assets/678fdc52c3b3d57b.js:1:12410
[     197ms] ChunkLoadError: Loading chunk 557 failed.
(error: https://sorrisoesalutemonza.it/mirror-assets/missing.svgjs/shared-frontend-handlers.03caa53373b56d3bab67.bundle.min.js)
    at __webpack_require__.f.j (http://localhost:4333/mirror-assets/6f310ffb9f2e8fd6.js:1:4987)
    at http://localhost:4333/mirror-assets/6f310ffb9f2e8fd6.js:1:1452
    at Array.reduce (<anonymous>)
    at __webpack_require__.e (http://localhost:4333/mirror-assets/6f310ffb9f2e8fd6.js:1:1413)
    at http://localhost:4333/mirror-assets/8116d106bfdf4246.js:1:5209
    at http://localhost:4333/mirror-assets/8116d106bfdf4246.js:1:18452
    at _runHook (http://localhost:4333/mirror-assets/8116d106bfdf4246.js:1:15071)
    at Object.doAction (http://localhost:4333/mirror-assets/8116d106bfdf4246.js:1:15673)
    at e.exports.runReadyTrigger (http://localhost:4333/mirror-assets/8116d106bfdf4246.js:1:19682)
    at http://localhost:4333/mirror-assets/678fdc52c3b3d57b.js:1:12410
[     197ms] ChunkLoadError: Loading chunk 557 failed.
(error: https://sorrisoesalutemonza.it/mirror-assets/missing.svgjs/shared-frontend-handlers.03caa53373b56d3bab67.bundle.min.js)
    at __webpack_require__.f.j (http://localhost:4333/mirror-assets/6f310ffb9f2e8fd6.js:1:4987)
    at http://localhost:4333/mirror-assets/6f310ffb9f2e8fd6.js:1:1452
    at Array.reduce (<anonymous>)
    at __webpack_require__.e (http://localhost:4333/mirror-assets/6f310ffb9f2e8fd6.js:1:1413)
    at http://localhost:4333/mirror-assets/8116d106bfdf4246.js:1:5209
    at http://localhost:4333/mirror-assets/8116d106bfdf4246.js:1:18452
    at _runHook (http://localhost:4333/mirror-assets/8116d106bfdf4246.js:1:15071)
    at Object.doAction (http://localhost:4333/mirror-assets/8116d106bfdf4246.js:1:15673)
    at e.exports.runReadyTrigger (http://localhost:4333/mirror-assets/8116d106bfdf4246.js:1:19682)
    at http://localhost:4333/mirror-assets/678fdc52c3b3d57b.js:1:12410
[     197ms] ChunkLoadError: Loading chunk 557 failed.
(error: https://sorrisoesalutemonza.it/mirror-assets/missing.svgjs/shared-frontend-handlers.03caa53373b56d3bab67.bundle.min.js)
    at __webpack_require__.f.j (http://localhost:4333/mirror-assets/6f310ffb9f2e8fd6.js:1:4987)
    at http://localhost:4333/mirror-assets/6f310ffb9f2e8fd6.js:1:1452
    at Array.reduce (<anonymous>)
    at __webpack_require__.e (http://localhost:4333/mirror-assets/6f310ffb9f2e8fd6.js:1:1413)
    at http://localhost:4333/mirror-assets/8116d106bfdf4246.js:1:5209
    at http://localhost:4333/mirror-assets/8116d106bfdf4246.js:1:18452
    at _runHook (http://localhost:4333/mirror-assets/8116d106bfdf4246.js:1:15071)
    at Object.doAction (http://localhost:4333/mirror-assets/8116d106bfdf4246.js:1:15673)
    at e.exports.runReadyTrigger (http://localhost:4333/mirror-assets/8116d106bfdf4246.js:1:19682)
    at http://localhost:4333/mirror-assets/678fdc52c3b3d57b.js:1:12410
[     197ms] ChunkLoadError: Loading chunk 557 failed.
(error: https://sorrisoesalutemonza.it/mirror-assets/missing.svgjs/shared-frontend-handlers.03caa53373b56d3bab67.bundle.min.js)
    at __webpack_require__.f.j (http://localhost:4333/mirror-assets/6f310ffb9f2e8fd6.js:1:4987)
    at http://localhost:4333/mirror-assets/6f310ffb9f2e8fd6.js:1:1452
    at Array.reduce (<anonymous>)
    at __webpack_require__.e (http://localhost:4333/mirror-assets/6f310ffb9f2e8fd6.js:1:1413)
    at http://localhost:4333/mirror-assets/8116d106bfdf4246.js:1:5209
    at http://localhost:4333/mirror-assets/8116d106bfdf4246.js:1:18452
    at _runHook (http://localhost:4333/mirror-assets/8116d106bfdf4246.js:1:15071)
    at Object.doAction (http://localhost:4333/mirror-assets/8116d106bfdf4246.js:1:15673)
    at e.exports.runReadyTrigger (http://localhost:4333/mirror-assets/8116d106bfdf4246.js:1:19682)
    at http://localhost:4333/mirror-assets/678fdc52c3b3d57b.js:1:12410
[     197ms] ChunkLoadError: Loading chunk 557 failed.
(error: https://sorrisoesalutemonza.it/mirror-assets/missing.svgjs/shared-frontend-handlers.03caa53373b56d3bab67.bundle.min.js)
    at __webpack_require__.f.j (http://localhost:4333/mirror-assets/6f310ffb9f2e8fd6.js:1:4987)
    at http://localhost:4333/mirror-assets/6f310ffb9f2e8fd6.js:1:1452
    at Array.reduce (<anonymous>)
    at __webpack_require__.e (http://localhost:4333/mirror-assets/6f310ffb9f2e8fd6.js:1:1413)
    at http://localhost:4333/mirror-assets/8116d106bfdf4246.js:1:5209
    at http://localhost:4333/mirror-assets/8116d106bfdf4246.js:1:18452
    at _runHook (http://localhost:4333/mirror-assets/8116d106bfdf4246.js:1:15071)
    at Object.doAction (http://localhost:4333/mirror-assets/8116d106bfdf4246.js:1:15673)
    at e.exports.runReadyTrigger (http://localhost:4333/mirror-assets/8116d106bfdf4246.js:1:19682)
    at http://localhost:4333/mirror-assets/678fdc52c3b3d57b.js:1:12410
[     197ms] ChunkLoadError: Loading chunk 557 failed.
(error: https://sorrisoesalutemonza.it/mirror-assets/missing.svgjs/shared-frontend-handlers.03caa53373b56d3bab67.bundle.min.js)
    at __webpack_require__.f.j (http://localhost:4333/mirror-assets/6f310ffb9f2e8fd6.js:1:4987)
    at http://localhost:4333/mirror-assets/6f310ffb9f2e8fd6.js:1:1452
    at Array.reduce (<anonymous>)
    at __webpack_require__.e (http://localhost:4333/mirror-assets/6f310ffb9f2e8fd6.js:1:1413)
    at http://localhost:4333/mirror-assets/8116d106bfdf4246.js:1:5209
    at http://localhost:4333/mirror-assets/8116d106bfdf4246.js:1:18452
    at _runHook (http://localhost:4333/mirror-assets/8116d106bfdf4246.js:1:15071)
    at Object.doAction (http://localhost:4333/mirror-assets/8116d106bfdf4246.js:1:15673)
    at e.exports.runReadyTrigger (http://localhost:4333/mirror-assets/8116d106bfdf4246.js:1:19682)
    at http://localhost:4333/mirror-assets/678fdc52c3b3d57b.js:1:12410
[     197ms] ChunkLoadError: Loading chunk 557 failed.
(error: https://sorrisoesalutemonza.it/mirror-assets/missing.svgjs/shared-frontend-handlers.03caa53373b56d3bab67.bundle.min.js)
    at __webpack_require__.f.j (http://localhost:4333/mirror-assets/6f310ffb9f2e8fd6.js:1:4987)
    at http://localhost:4333/mirror-assets/6f310ffb9f2e8fd6.js:1:1452
    at Array.reduce (<anonymous>)
    at __webpack_require__.e (http://localhost:4333/mirror-assets/6f310ffb9f2e8fd6.js:1:1413)
    at http://localhost:4333/mirror-assets/8116d106bfdf4246.js:1:5209
    at http://localhost:4333/mirror-assets/8116d106bfdf4246.js:1:18452
    at _runHook (http://localhost:4333/mirror-assets/8116d106bfdf4246.js:1:15071)
    at Object.doAction (http://localhost:4333/mirror-assets/8116d106bfdf4246.js:1:15673)
    at e.exports.runReadyTrigger (http://localhost:4333/mirror-assets/8116d106bfdf4246.js:1:19682)
    at http://localhost:4333/mirror-assets/678fdc52c3b3d57b.js:1:12410
[     197ms] ChunkLoadError: Loading chunk 557 failed.
(error: https://sorrisoesalutemonza.it/mirror-assets/missing.svgjs/shared-frontend-handlers.03caa53373b56d3bab67.bundle.min.js)
    at __webpack_require__.f.j (http://localhost:4333/mirror-assets/6f310ffb9f2e8fd6.js:1:4987)
    at http://localhost:4333/mirror-assets/6f310ffb9f2e8fd6.js:1:1452
    at Array.reduce (<anonymous>)
    at __webpack_require__.e (http://localhost:4333/mirror-assets/6f310ffb9f2e8fd6.js:1:1413)
    at http://localhost:4333/mirror-assets/8116d106bfdf4246.js:1:5209
    at http://localhost:4333/mirror-assets/8116d106bfdf4246.js:1:18452
    at _runHook (http://localhost:4333/mirror-assets/8116d106bfdf4246.js:1:15071)
    at Object.doAction (http://localhost:4333/mirror-assets/8116d106bfdf4246.js:1:15673)
    at e.exports.runReadyTrigger (http://localhost:4333/mirror-assets/8116d106bfdf4246.js:1:19682)
    at http://localhost:4333/mirror-assets/678fdc52c3b3d57b.js:1:12410
[     197ms] ChunkLoadError: Loading chunk 557 failed.
(error: https://sorrisoesalutemonza.it/mirror-assets/missing.svgjs/shared-frontend-handlers.03caa53373b56d3bab67.bundle.min.js)
    at __webpack_require__.f.j (http://localhost:4333/mirror-assets/6f310ffb9f2e8fd6.js:1:4987)
    at http://localhost:4333/mirror-assets/6f310ffb9f2e8fd6.js:1:1452
    at Array.reduce (<anonymous>)
    at __webpack_require__.e (http://localhost:4333/mirror-assets/6f310ffb9f2e8fd6.js:1:1413)
    at http://localhost:4333/mirror-assets/8116d106bfdf4246.js:1:5209
    at http://localhost:4333/mirror-assets/8116d106bfdf4246.js:1:18452
    at _runHook (http://localhost:4333/mirror-assets/8116d106bfdf4246.js:1:15071)
    at Object.doAction (http://localhost:4333/mirror-assets/8116d106bfdf4246.js:1:15673)
    at e.exports.runReadyTrigger (http://localhost:4333/mirror-assets/8116d106bfdf4246.js:1:19682)
    at http://localhost:4333/mirror-assets/678fdc52c3b3d57b.js:1:12410
[     197ms] ChunkLoadError: Loading chunk 557 failed.
(error: https://sorrisoesalutemonza.it/mirror-assets/missing.svgjs/shared-frontend-handlers.03caa53373b56d3bab67.bundle.min.js)
    at __webpack_require__.f.j (http://localhost:4333/mirror-assets/6f310ffb9f2e8fd6.js:1:4987)
    at http://localhost:4333/mirror-assets/6f310ffb9f2e8fd6.js:1:1452
    at Array.reduce (<anonymous>)
    at __webpack_require__.e (http://localhost:4333/mirror-assets/6f310ffb9f2e8fd6.js:1:1413)
    at http://localhost:4333/mirror-assets/8116d106bfdf4246.js:1:5209
    at http://localhost:4333/mirror-assets/8116d106bfdf4246.js:1:18452
    at _runHook (http://localhost:4333/mirror-assets/8116d106bfdf4246.js:1:15071)
    at Object.doAction (http://localhost:4333/mirror-assets/8116d106bfdf4246.js:1:15673)
    at e.exports.runReadyTrigger (http://localhost:4333/mirror-assets/8116d106bfdf4246.js:1:19682)
    at http://localhost:4333/mirror-assets/678fdc52c3b3d57b.js:1:12410
[     197ms] ChunkLoadError: Loading chunk 557 failed.
(error: https://sorrisoesalutemonza.it/mirror-assets/missing.svgjs/shared-frontend-handlers.03caa53373b56d3bab67.bundle.min.js)
    at __webpack_require__.f.j (http://localhost:4333/mirror-assets/6f310ffb9f2e8fd6.js:1:4987)
    at http://localhost:4333/mirror-assets/6f310ffb9f2e8fd6.js:1:1452
    at Array.reduce (<anonymous>)
    at __webpack_require__.e (http://localhost:4333/mirror-assets/6f310ffb9f2e8fd6.js:1:1413)
    at http://localhost:4333/mirror-assets/8116d106bfdf4246.js:1:5209
    at http://localhost:4333/mirror-assets/8116d106bfdf4246.js:1:18452
    at _runHook (http://localhost:4333/mirror-assets/8116d106bfdf4246.js:1:15071)
    at Object.doAction (http://localhost:4333/mirror-assets/8116d106bfdf4246.js:1:15673)
    at e.exports.runReadyTrigger (http://localhost:4333/mirror-assets/8116d106bfdf4246.js:1:19682)
    at http://localhost:4333/mirror-assets/678fdc52c3b3d57b.js:1:12410
[     197ms] ChunkLoadError: Loading chunk 557 failed.
(error: https://sorrisoesalutemonza.it/mirror-assets/missing.svgjs/shared-frontend-handlers.03caa53373b56d3bab67.bundle.min.js)
    at __webpack_require__.f.j (http://localhost:4333/mirror-assets/6f310ffb9f2e8fd6.js:1:4987)
    at http://localhost:4333/mirror-assets/6f310ffb9f2e8fd6.js:1:1452
    at Array.reduce (<anonymous>)
    at __webpack_require__.e (http://localhost:4333/mirror-assets/6f310ffb9f2e8fd6.js:1:1413)
    at http://localhost:4333/mirror-assets/8116d106bfdf4246.js:1:5209
    at http://localhost:4333/mirror-assets/8116d106bfdf4246.js:1:18452
    at _runHook (http://localhost:4333/mirror-assets/8116d106bfdf4246.js:1:15071)
    at Object.doAction (http://localhost:4333/mirror-assets/8116d106bfdf4246.js:1:15673)
    at e.exports.runReadyTrigger (http://localhost:4333/mirror-assets/8116d106bfdf4246.js:1:19682)
    at http://localhost:4333/mirror-assets/678fdc52c3b3d57b.js:1:12410
[     197ms] ChunkLoadError: Loading chunk 557 failed.
(error: https://sorrisoesalutemonza.it/mirror-assets/missing.svgjs/shared-frontend-handlers.03caa53373b56d3bab67.bundle.min.js)
    at __webpack_require__.f.j (http://localhost:4333/mirror-assets/6f310ffb9f2e8fd6.js:1:4987)
    at http://localhost:4333/mirror-assets/6f310ffb9f2e8fd6.js:1:1452
    at Array.reduce (<anonymous>)
    at __webpack_require__.e (http://localhost:4333/mirror-assets/6f310ffb9f2e8fd6.js:1:1413)
    at http://localhost:4333/mirror-assets/8116d106bfdf4246.js:1:5209
    at http://localhost:4333/mirror-assets/8116d106bfdf4246.js:1:18452
    at _runHook (http://localhost:4333/mirror-assets/8116d106bfdf4246.js:1:15071)
    at Object.doAction (http://localhost:4333/mirror-assets/8116d106bfdf4246.js:1:15673)
    at e.exports.runReadyTrigger (http://localhost:4333/mirror-assets/8116d106bfdf4246.js:1:19682)
    at http://localhost:4333/mirror-assets/678fdc52c3b3d57b.js:1:12410
[     197ms] ChunkLoadError: Loading chunk 557 failed.
(error: https://sorrisoesalutemonza.it/mirror-assets/missing.svgjs/shared-frontend-handlers.03caa53373b56d3bab67.bundle.min.js)
    at __webpack_require__.f.j (http://localhost:4333/mirror-assets/6f310ffb9f2e8fd6.js:1:4987)
    at http://localhost:4333/mirror-assets/6f310ffb9f2e8fd6.js:1:1452
    at Array.reduce (<anonymous>)
    at __webpack_require__.e (http://localhost:4333/mirror-assets/6f310ffb9f2e8fd6.js:1:1413)
    at http://localhost:4333/mirror-assets/8116d106bfdf4246.js:1:5209
    at http://localhost:4333/mirror-assets/8116d106bfdf4246.js:1:18452
    at _runHook (http://localhost:4333/mirror-assets/8116d106bfdf4246.js:1:15071)
    at Object.doAction (http://localhost:4333/mirror-assets/8116d106bfdf4246.js:1:15673)
    at e.exports.runReadyTrigger (http://localhost:4333/mirror-assets/8116d106bfdf4246.js:1:19682)
    at http://localhost:4333/mirror-assets/678fdc52c3b3d57b.js:1:12410
[     197ms] ChunkLoadError: Loading chunk 557 failed.
(error: https://sorrisoesalutemonza.it/mirror-assets/missing.svgjs/shared-frontend-handlers.03caa53373b56d3bab67.bundle.min.js)
    at __webpack_require__.f.j (http://localhost:4333/mirror-assets/6f310ffb9f2e8fd6.js:1:4987)
    at http://localhost:4333/mirror-assets/6f310ffb9f2e8fd6.js:1:1452
    at Array.reduce (<anonymous>)
    at __webpack_require__.e (http://localhost:4333/mirror-assets/6f310ffb9f2e8fd6.js:1:1413)
    at http://localhost:4333/mirror-assets/8116d106bfdf4246.js:1:5209
    at http://localhost:4333/mirror-assets/8116d106bfdf4246.js:1:18452
    at _runHook (http://localhost:4333/mirror-assets/8116d106bfdf4246.js:1:15071)
    at Object.doAction (http://localhost:4333/mirror-assets/8116d106bfdf4246.js:1:15673)
    at e.exports.runReadyTrigger (http://localhost:4333/mirror-assets/8116d106bfdf4246.js:1:19682)
    at http://localhost:4333/mirror-assets/678fdc52c3b3d57b.js:1:12410
[     197ms] ChunkLoadError: Loading chunk 557 failed.
(error: https://sorrisoesalutemonza.it/mirror-assets/missing.svgjs/shared-frontend-handlers.03caa53373b56d3bab67.bundle.min.js)
    at __webpack_require__.f.j (http://localhost:4333/mirror-assets/6f310ffb9f2e8fd6.js:1:4987)
    at http://localhost:4333/mirror-assets/6f310ffb9f2e8fd6.js:1:1452
    at Array.reduce (<anonymous>)
    at __webpack_require__.e (http://localhost:4333/mirror-assets/6f310ffb9f2e8fd6.js:1:1413)
    at http://localhost:4333/mirror-assets/8116d106bfdf4246.js:1:5209
    at http://localhost:4333/mirror-assets/8116d106bfdf4246.js:1:18452
    at _runHook (http://localhost:4333/mirror-assets/8116d106bfdf4246.js:1:15071)
    at Object.doAction (http://localhost:4333/mirror-assets/8116d106bfdf4246.js:1:15673)
    at e.exports.runReadyTrigger (http://localhost:4333/mirror-assets/8116d106bfdf4246.js:1:19682)
    at http://localhost:4333/mirror-assets/678fdc52c3b3d57b.js:1:12410
[     197ms] ChunkLoadError: Loading chunk 557 failed.
(error: https://sorrisoesalutemonza.it/mirror-assets/missing.svgjs/shared-frontend-handlers.03caa53373b56d3bab67.bundle.min.js)
    at __webpack_require__.f.j (http://localhost:4333/mirror-assets/6f310ffb9f2e8fd6.js:1:4987)
    at http://localhost:4333/mirror-assets/6f310ffb9f2e8fd6.js:1:1452
    at Array.reduce (<anonymous>)
    at __webpack_require__.e (http://localhost:4333/mirror-assets/6f310ffb9f2e8fd6.js:1:1413)
    at http://localhost:4333/mirror-assets/8116d106bfdf4246.js:1:5209
    at http://localhost:4333/mirror-assets/8116d106bfdf4246.js:1:18452
    at _runHook (http://localhost:4333/mirror-assets/8116d106bfdf4246.js:1:15071)
    at Object.doAction (http://localhost:4333/mirror-assets/8116d106bfdf4246.js:1:15673)
    at e.exports.runReadyTrigger (http://localhost:4333/mirror-assets/8116d106bfdf4246.js:1:19682)
    at http://localhost:4333/mirror-assets/678fdc52c3b3d57b.js:1:12410
[     197ms] ChunkLoadError: Loading chunk 557 failed.
(error: https://sorrisoesalutemonza.it/mirror-assets/missing.svgjs/shared-frontend-handlers.03caa53373b56d3bab67.bundle.min.js)
    at __webpack_require__.f.j (http://localhost:4333/mirror-assets/6f310ffb9f2e8fd6.js:1:4987)
    at http://localhost:4333/mirror-assets/6f310ffb9f2e8fd6.js:1:1452
    at Array.reduce (<anonymous>)
    at __webpack_require__.e (http://localhost:4333/mirror-assets/6f310ffb9f2e8fd6.js:1:1413)
    at http://localhost:4333/mirror-assets/8116d106bfdf4246.js:1:5209
    at http://localhost:4333/mirror-assets/8116d106bfdf4246.js:1:18452
    at _runHook (http://localhost:4333/mirror-assets/8116d106bfdf4246.js:1:15071)
    at Object.doAction (http://localhost:4333/mirror-assets/8116d106bfdf4246.js:1:15673)
    at e.exports.runReadyTrigger (http://localhost:4333/mirror-assets/8116d106bfdf4246.js:1:19682)
    at http://localhost:4333/mirror-assets/678fdc52c3b3d57b.js:1:12410
[     198ms] ChunkLoadError: Loading chunk 557 failed.
(error: https://sorrisoesalutemonza.it/mirror-assets/missing.svgjs/shared-frontend-handlers.03caa53373b56d3bab67.bundle.min.js)
    at __webpack_require__.f.j (http://localhost:4333/mirror-assets/6f310ffb9f2e8fd6.js:1:4987)
    at http://localhost:4333/mirror-assets/6f310ffb9f2e8fd6.js:1:1452
    at Array.reduce (<anonymous>)
    at __webpack_require__.e (http://localhost:4333/mirror-assets/6f310ffb9f2e8fd6.js:1:1413)
    at http://localhost:4333/mirror-assets/8116d106bfdf4246.js:1:5209
    at http://localhost:4333/mirror-assets/8116d106bfdf4246.js:1:18452
    at _runHook (http://localhost:4333/mirror-assets/8116d106bfdf4246.js:1:15071)
    at Object.doAction (http://localhost:4333/mirror-assets/8116d106bfdf4246.js:1:15673)
    at e.exports.runReadyTrigger (http://localhost:4333/mirror-assets/8116d106bfdf4246.js:1:19682)
    at http://localhost:4333/mirror-assets/678fdc52c3b3d57b.js:1:12410
[     198ms] ChunkLoadError: Loading chunk 557 failed.
(error: https://sorrisoesalutemonza.it/mirror-assets/missing.svgjs/shared-frontend-handlers.03caa53373b56d3bab67.bundle.min.js)
    at __webpack_require__.f.j (http://localhost:4333/mirror-assets/6f310ffb9f2e8fd6.js:1:4987)
    at http://localhost:4333/mirror-assets/6f310ffb9f2e8fd6.js:1:1452
    at Array.reduce (<anonymous>)
    at __webpack_require__.e (http://localhost:4333/mirror-assets/6f310ffb9f2e8fd6.js:1:1413)
    at http://localhost:4333/mirror-assets/8116d106bfdf4246.js:1:5209
    at http://localhost:4333/mirror-assets/8116d106bfdf4246.js:1:18452
    at _runHook (http://localhost:4333/mirror-assets/8116d106bfdf4246.js:1:15071)
    at Object.doAction (http://localhost:4333/mirror-assets/8116d106bfdf4246.js:1:15673)
    at e.exports.runReadyTrigger (http://localhost:4333/mirror-assets/8116d106bfdf4246.js:1:19682)
    at http://localhost:4333/mirror-assets/678fdc52c3b3d57b.js:1:12410
[     198ms] ChunkLoadError: Loading chunk 557 failed.
(error: https://sorrisoesalutemonza.it/mirror-assets/missing.svgjs/shared-frontend-handlers.03caa53373b56d3bab67.bundle.min.js)
    at __webpack_require__.f.j (http://localhost:4333/mirror-assets/6f310ffb9f2e8fd6.js:1:4987)
    at http://localhost:4333/mirror-assets/6f310ffb9f2e8fd6.js:1:1452
    at Array.reduce (<anonymous>)
    at __webpack_require__.e (http://localhost:4333/mirror-assets/6f310ffb9f2e8fd6.js:1:1413)
    at http://localhost:4333/mirror-assets/8116d106bfdf4246.js:1:5209
    at http://localhost:4333/mirror-assets/8116d106bfdf4246.js:1:18452
    at _runHook (http://localhost:4333/mirror-assets/8116d106bfdf4246.js:1:15071)
    at Object.doAction (http://localhost:4333/mirror-assets/8116d106bfdf4246.js:1:15673)
    at e.exports.runReadyTrigger (http://localhost:4333/mirror-assets/8116d106bfdf4246.js:1:19682)
    at http://localhost:4333/mirror-assets/678fdc52c3b3d57b.js:1:12410
[     198ms] ChunkLoadError: Loading chunk 557 failed.
(error: https://sorrisoesalutemonza.it/mirror-assets/missing.svgjs/shared-frontend-handlers.03caa53373b56d3bab67.bundle.min.js)
    at __webpack_require__.f.j (http://localhost:4333/mirror-assets/6f310ffb9f2e8fd6.js:1:4987)
    at http://localhost:4333/mirror-assets/6f310ffb9f2e8fd6.js:1:1452
    at Array.reduce (<anonymous>)
    at __webpack_require__.e (http://localhost:4333/mirror-assets/6f310ffb9f2e8fd6.js:1:1413)
    at http://localhost:4333/mirror-assets/8116d106bfdf4246.js:1:5209
    at http://localhost:4333/mirror-assets/8116d106bfdf4246.js:1:18452
    at _runHook (http://localhost:4333/mirror-assets/8116d106bfdf4246.js:1:15071)
    at Object.doAction (http://localhost:4333/mirror-assets/8116d106bfdf4246.js:1:15673)
    at e.exports.runReadyTrigger (http://localhost:4333/mirror-assets/8116d106bfdf4246.js:1:19682)
    at http://localhost:4333/mirror-assets/678fdc52c3b3d57b.js:1:12410
[     198ms] ChunkLoadError: Loading chunk 557 failed.
(error: https://sorrisoesalutemonza.it/mirror-assets/missing.svgjs/shared-frontend-handlers.03caa53373b56d3bab67.bundle.min.js)
    at __webpack_require__.f.j (http://localhost:4333/mirror-assets/6f310ffb9f2e8fd6.js:1:4987)
    at http://localhost:4333/mirror-assets/6f310ffb9f2e8fd6.js:1:1452
    at Array.reduce (<anonymous>)
    at __webpack_require__.e (http://localhost:4333/mirror-assets/6f310ffb9f2e8fd6.js:1:1413)
    at http://localhost:4333/mirror-assets/8116d106bfdf4246.js:1:5209
    at http://localhost:4333/mirror-assets/8116d106bfdf4246.js:1:18452
    at _runHook (http://localhost:4333/mirror-assets/8116d106bfdf4246.js:1:15071)
    at Object.doAction (http://localhost:4333/mirror-assets/8116d106bfdf4246.js:1:15673)
    at e.exports.runReadyTrigger (http://localhost:4333/mirror-assets/8116d106bfdf4246.js:1:19682)
    at http://localhost:4333/mirror-assets/678fdc52c3b3d57b.js:1:12410
[     198ms] ChunkLoadError: Loading chunk 557 failed.
(error: https://sorrisoesalutemonza.it/mirror-assets/missing.svgjs/shared-frontend-handlers.03caa53373b56d3bab67.bundle.min.js)
    at __webpack_require__.f.j (http://localhost:4333/mirror-assets/6f310ffb9f2e8fd6.js:1:4987)
    at http://localhost:4333/mirror-assets/6f310ffb9f2e8fd6.js:1:1452
    at Array.reduce (<anonymous>)
    at __webpack_require__.e (http://localhost:4333/mirror-assets/6f310ffb9f2e8fd6.js:1:1413)
    at http://localhost:4333/mirror-assets/8116d106bfdf4246.js:1:5209
    at http://localhost:4333/mirror-assets/8116d106bfdf4246.js:1:18452
    at _runHook (http://localhost:4333/mirror-assets/8116d106bfdf4246.js:1:15071)
    at Object.doAction (http://localhost:4333/mirror-assets/8116d106bfdf4246.js:1:15673)
    at e.exports.runReadyTrigger (http://localhost:4333/mirror-assets/8116d106bfdf4246.js:1:19682)
    at http://localhost:4333/mirror-assets/678fdc52c3b3d57b.js:1:12410
[     198ms] ChunkLoadError: Loading chunk 557 failed.
(error: https://sorrisoesalutemonza.it/mirror-assets/missing.svgjs/shared-frontend-handlers.03caa53373b56d3bab67.bundle.min.js)
    at __webpack_require__.f.j (http://localhost:4333/mirror-assets/6f310ffb9f2e8fd6.js:1:4987)
    at http://localhost:4333/mirror-assets/6f310ffb9f2e8fd6.js:1:1452
    at Array.reduce (<anonymous>)
    at __webpack_require__.e (http://localhost:4333/mirror-assets/6f310ffb9f2e8fd6.js:1:1413)
    at http://localhost:4333/mirror-assets/8116d106bfdf4246.js:1:5209
    at http://localhost:4333/mirror-assets/8116d106bfdf4246.js:1:18452
    at _runHook (http://localhost:4333/mirror-assets/8116d106bfdf4246.js:1:15071)
    at Object.doAction (http://localhost:4333/mirror-assets/8116d106bfdf4246.js:1:15673)
    at e.exports.runReadyTrigger (http://localhost:4333/mirror-assets/8116d106bfdf4246.js:1:19682)
    at http://localhost:4333/mirror-assets/678fdc52c3b3d57b.js:1:12410
[     198ms] ChunkLoadError: Loading chunk 557 failed.
(error: https://sorrisoesalutemonza.it/mirror-assets/missing.svgjs/shared-frontend-handlers.03caa53373b56d3bab67.bundle.min.js)
    at __webpack_require__.f.j (http://localhost:4333/mirror-assets/6f310ffb9f2e8fd6.js:1:4987)
    at http://localhost:4333/mirror-assets/6f310ffb9f2e8fd6.js:1:1452
    at Array.reduce (<anonymous>)
    at __webpack_require__.e (http://localhost:4333/mirror-assets/6f310ffb9f2e8fd6.js:1:1413)
    at http://localhost:4333/mirror-assets/8116d106bfdf4246.js:1:5209
    at http://localhost:4333/mirror-assets/8116d106bfdf4246.js:1:18452
    at _runHook (http://localhost:4333/mirror-assets/8116d106bfdf4246.js:1:15071)
    at Object.doAction (http://localhost:4333/mirror-assets/8116d106bfdf4246.js:1:15673)
    at e.exports.runReadyTrigger (http://localhost:4333/mirror-assets/8116d106bfdf4246.js:1:19682)
    at http://localhost:4333/mirror-assets/678fdc52c3b3d57b.js:1:12410
[     198ms] ChunkLoadError: Loading chunk 557 failed.
(error: https://sorrisoesalutemonza.it/mirror-assets/missing.svgjs/shared-frontend-handlers.03caa53373b56d3bab67.bundle.min.js)
    at __webpack_require__.f.j (http://localhost:4333/mirror-assets/6f310ffb9f2e8fd6.js:1:4987)
    at http://localhost:4333/mirror-assets/6f310ffb9f2e8fd6.js:1:1452
    at Array.reduce (<anonymous>)
    at __webpack_require__.e (http://localhost:4333/mirror-assets/6f310ffb9f2e8fd6.js:1:1413)
    at http://localhost:4333/mirror-assets/8116d106bfdf4246.js:1:5209
    at http://localhost:4333/mirror-assets/8116d106bfdf4246.js:1:18452
    at _runHook (http://localhost:4333/mirror-assets/8116d106bfdf4246.js:1:15071)
    at Object.doAction (http://localhost:4333/mirror-assets/8116d106bfdf4246.js:1:15673)
    at e.exports.runReadyTrigger (http://localhost:4333/mirror-assets/8116d106bfdf4246.js:1:19682)
    at http://localhost:4333/mirror-assets/678fdc52c3b3d57b.js:1:12410
[     198ms] ChunkLoadError: Loading chunk 557 failed.
(error: https://sorrisoesalutemonza.it/mirror-assets/missing.svgjs/shared-frontend-handlers.03caa53373b56d3bab67.bundle.min.js)
    at __webpack_require__.f.j (http://localhost:4333/mirror-assets/6f310ffb9f2e8fd6.js:1:4987)
    at http://localhost:4333/mirror-assets/6f310ffb9f2e8fd6.js:1:1452
    at Array.reduce (<anonymous>)
    at __webpack_require__.e (http://localhost:4333/mirror-assets/6f310ffb9f2e8fd6.js:1:1413)
    at http://localhost:4333/mirror-assets/8116d106bfdf4246.js:1:5209
    at http://localhost:4333/mirror-assets/8116d106bfdf4246.js:1:18452
    at _runHook (http://localhost:4333/mirror-assets/8116d106bfdf4246.js:1:15071)
    at Object.doAction (http://localhost:4333/mirror-assets/8116d106bfdf4246.js:1:15673)
    at e.exports.runReadyTrigger (http://localhost:4333/mirror-assets/8116d106bfdf4246.js:1:19682)
    at http://localhost:4333/mirror-assets/678fdc52c3b3d57b.js:1:12410
[     198ms] ChunkLoadError: Loading chunk 557 failed.
(error: https://sorrisoesalutemonza.it/mirror-assets/missing.svgjs/shared-frontend-handlers.03caa53373b56d3bab67.bundle.min.js)
    at __webpack_require__.f.j (http://localhost:4333/mirror-assets/6f310ffb9f2e8fd6.js:1:4987)
    at http://localhost:4333/mirror-assets/6f310ffb9f2e8fd6.js:1:1452
    at Array.reduce (<anonymous>)
    at __webpack_require__.e (http://localhost:4333/mirror-assets/6f310ffb9f2e8fd6.js:1:1413)
    at http://localhost:4333/mirror-assets/8116d106bfdf4246.js:1:5209
    at http://localhost:4333/mirror-assets/8116d106bfdf4246.js:1:18452
    at _runHook (http://localhost:4333/mirror-assets/8116d106bfdf4246.js:1:15071)
    at Object.doAction (http://localhost:4333/mirror-assets/8116d106bfdf4246.js:1:15673)
    at e.exports.runReadyTrigger (http://localhost:4333/mirror-assets/8116d106bfdf4246.js:1:19682)
    at http://localhost:4333/mirror-assets/678fdc52c3b3d57b.js:1:12410
[     198ms] ChunkLoadError: Loading chunk 557 failed.
(error: https://sorrisoesalutemonza.it/mirror-assets/missing.svgjs/shared-frontend-handlers.03caa53373b56d3bab67.bundle.min.js)
    at __webpack_require__.f.j (http://localhost:4333/mirror-assets/6f310ffb9f2e8fd6.js:1:4987)
    at http://localhost:4333/mirror-assets/6f310ffb9f2e8fd6.js:1:1452
    at Array.reduce (<anonymous>)
    at __webpack_require__.e (http://localhost:4333/mirror-assets/6f310ffb9f2e8fd6.js:1:1413)
    at http://localhost:4333/mirror-assets/8116d106bfdf4246.js:1:5209
    at http://localhost:4333/mirror-assets/8116d106bfdf4246.js:1:18452
    at _runHook (http://localhost:4333/mirror-assets/8116d106bfdf4246.js:1:15071)
    at Object.doAction (http://localhost:4333/mirror-assets/8116d106bfdf4246.js:1:15673)
    at e.exports.runReadyTrigger (http://localhost:4333/mirror-assets/8116d106bfdf4246.js:1:19682)
    at http://localhost:4333/mirror-assets/678fdc52c3b3d57b.js:1:12410
[     198ms] ChunkLoadError: Loading chunk 557 failed.
(error: https://sorrisoesalutemonza.it/mirror-assets/missing.svgjs/shared-frontend-handlers.03caa53373b56d3bab67.bundle.min.js)
    at __webpack_require__.f.j (http://localhost:4333/mirror-assets/6f310ffb9f2e8fd6.js:1:4987)
    at http://localhost:4333/mirror-assets/6f310ffb9f2e8fd6.js:1:1452
    at Array.reduce (<anonymous>)
    at __webpack_require__.e (http://localhost:4333/mirror-assets/6f310ffb9f2e8fd6.js:1:1413)
    at http://localhost:4333/mirror-assets/8116d106bfdf4246.js:1:5209
    at http://localhost:4333/mirror-assets/8116d106bfdf4246.js:1:18452
    at _runHook (http://localhost:4333/mirror-assets/8116d106bfdf4246.js:1:15071)
    at Object.doAction (http://localhost:4333/mirror-assets/8116d106bfdf4246.js:1:15673)
    at e.exports.runReadyTrigger (http://localhost:4333/mirror-assets/8116d106bfdf4246.js:1:19682)
    at http://localhost:4333/mirror-assets/678fdc52c3b3d57b.js:1:12410
[     198ms] ChunkLoadError: Loading chunk 557 failed.
(error: https://sorrisoesalutemonza.it/mirror-assets/missing.svgjs/shared-frontend-handlers.03caa53373b56d3bab67.bundle.min.js)
    at __webpack_require__.f.j (http://localhost:4333/mirror-assets/6f310ffb9f2e8fd6.js:1:4987)
    at http://localhost:4333/mirror-assets/6f310ffb9f2e8fd6.js:1:1452
    at Array.reduce (<anonymous>)
    at __webpack_require__.e (http://localhost:4333/mirror-assets/6f310ffb9f2e8fd6.js:1:1413)
    at http://localhost:4333/mirror-assets/8116d106bfdf4246.js:1:5209
    at http://localhost:4333/mirror-assets/8116d106bfdf4246.js:1:18452
    at _runHook (http://localhost:4333/mirror-assets/8116d106bfdf4246.js:1:15071)
    at Object.doAction (http://localhost:4333/mirror-assets/8116d106bfdf4246.js:1:15673)
    at e.exports.runReadyTrigger (http://localhost:4333/mirror-assets/8116d106bfdf4246.js:1:19682)
    at http://localhost:4333/mirror-assets/678fdc52c3b3d57b.js:1:12410
[     198ms] ChunkLoadError: Loading chunk 557 failed.
(error: https://sorrisoesalutemonza.it/mirror-assets/missing.svgjs/shared-frontend-handlers.03caa53373b56d3bab67.bundle.min.js)
    at __webpack_require__.f.j (http://localhost:4333/mirror-assets/6f310ffb9f2e8fd6.js:1:4987)
    at http://localhost:4333/mirror-assets/6f310ffb9f2e8fd6.js:1:1452
    at Array.reduce (<anonymous>)
    at __webpack_require__.e (http://localhost:4333/mirror-assets/6f310ffb9f2e8fd6.js:1:1413)
    at http://localhost:4333/mirror-assets/8116d106bfdf4246.js:1:5209
    at http://localhost:4333/mirror-assets/8116d106bfdf4246.js:1:18452
    at _runHook (http://localhost:4333/mirror-assets/8116d106bfdf4246.js:1:15071)
    at Object.doAction (http://localhost:4333/mirror-assets/8116d106bfdf4246.js:1:15673)
    at e.exports.runReadyTrigger (http://localhost:4333/mirror-assets/8116d106bfdf4246.js:1:19682)
    at http://localhost:4333/mirror-assets/678fdc52c3b3d57b.js:1:12410
[     198ms] ChunkLoadError: Loading chunk 212 failed.
(error: https://sorrisoesalutemonza.it/mirror-assets/missing.svgjs/text-editor.45609661e409413f1cef.bundle.min.js)
    at __webpack_require__.f.j (http://localhost:4333/mirror-assets/6f310ffb9f2e8fd6.js:1:4987)
    at http://localhost:4333/mirror-assets/6f310ffb9f2e8fd6.js:1:1452
    at Array.reduce (<anonymous>)
    at __webpack_require__.e (http://localhost:4333/mirror-assets/6f310ffb9f2e8fd6.js:1:1413)
    at text-editor.default (http://localhost:4333/mirror-assets/8116d106bfdf4246.js:1:17370)
    at http://localhost:4333/mirror-assets/8116d106bfdf4246.js:1:18452
    at _runHook (http://localhost:4333/mirror-assets/8116d106bfdf4246.js:1:15071)
    at Object.doAction (http://localhost:4333/mirror-assets/8116d106bfdf4246.js:1:15673)
    at e.exports.runReadyTrigger (http://localhost:4333/mirror-assets/8116d106bfdf4246.js:1:19800)
    at http://localhost:4333/mirror-assets/678fdc52c3b3d57b.js:1:12410
[     198ms] ChunkLoadError: Loading chunk 212 failed.
(error: https://sorrisoesalutemonza.it/mirror-assets/missing.svgjs/text-editor.45609661e409413f1cef.bundle.min.js)
    at __webpack_require__.f.j (http://localhost:4333/mirror-assets/6f310ffb9f2e8fd6.js:1:4987)
    at http://localhost:4333/mirror-assets/6f310ffb9f2e8fd6.js:1:1452
    at Array.reduce (<anonymous>)
    at __webpack_require__.e (http://localhost:4333/mirror-assets/6f310ffb9f2e8fd6.js:1:1413)
    at text-editor.default (http://localhost:4333/mirror-assets/8116d106bfdf4246.js:1:17370)
    at http://localhost:4333/mirror-assets/8116d106bfdf4246.js:1:18452
    at _runHook (http://localhost:4333/mirror-assets/8116d106bfdf4246.js:1:15071)
    at Object.doAction (http://localhost:4333/mirror-assets/8116d106bfdf4246.js:1:15673)
    at e.exports.runReadyTrigger (http://localhost:4333/mirror-assets/8116d106bfdf4246.js:1:19800)
    at http://localhost:4333/mirror-assets/678fdc52c3b3d57b.js:1:12410
[     198ms] ChunkLoadError: Loading chunk 212 failed.
(error: https://sorrisoesalutemonza.it/mirror-assets/missing.svgjs/text-editor.45609661e409413f1cef.bundle.min.js)
    at __webpack_require__.f.j (http://localhost:4333/mirror-assets/6f310ffb9f2e8fd6.js:1:4987)
    at http://localhost:4333/mirror-assets/6f310ffb9f2e8fd6.js:1:1452
    at Array.reduce (<anonymous>)
    at __webpack_require__.e (http://localhost:4333/mirror-assets/6f310ffb9f2e8fd6.js:1:1413)
    at text-editor.default (http://localhost:4333/mirror-assets/8116d106bfdf4246.js:1:17370)
    at http://localhost:4333/mirror-assets/8116d106bfdf4246.js:1:18452
    at _runHook (http://localhost:4333/mirror-assets/8116d106bfdf4246.js:1:15071)
    at Object.doAction (http://localhost:4333/mirror-assets/8116d106bfdf4246.js:1:15673)
    at e.exports.runReadyTrigger (http://localhost:4333/mirror-assets/8116d106bfdf4246.js:1:19800)
    at http://localhost:4333/mirror-assets/678fdc52c3b3d57b.js:1:12410
[     198ms] ChunkLoadError: Loading chunk 212 failed.
(error: https://sorrisoesalutemonza.it/mirror-assets/missing.svgjs/text-editor.45609661e409413f1cef.bundle.min.js)
    at __webpack_require__.f.j (http://localhost:4333/mirror-assets/6f310ffb9f2e8fd6.js:1:4987)
    at http://localhost:4333/mirror-assets/6f310ffb9f2e8fd6.js:1:1452
    at Array.reduce (<anonymous>)
    at __webpack_require__.e (http://localhost:4333/mirror-assets/6f310ffb9f2e8fd6.js:1:1413)
    at text-editor.default (http://localhost:4333/mirror-assets/8116d106bfdf4246.js:1:17370)
    at http://localhost:4333/mirror-assets/8116d106bfdf4246.js:1:18452
    at _runHook (http://localhost:4333/mirror-assets/8116d106bfdf4246.js:1:15071)
    at Object.doAction (http://localhost:4333/mirror-assets/8116d106bfdf4246.js:1:15673)
    at e.exports.runReadyTrigger (http://localhost:4333/mirror-assets/8116d106bfdf4246.js:1:19800)
    at http://localhost:4333/mirror-assets/678fdc52c3b3d57b.js:1:12410
[     198ms] ChunkLoadError: Loading chunk 212 failed.
(error: https://sorrisoesalutemonza.it/mirror-assets/missing.svgjs/text-editor.45609661e409413f1cef.bundle.min.js)
    at __webpack_require__.f.j (http://localhost:4333/mirror-assets/6f310ffb9f2e8fd6.js:1:4987)
    at http://localhost:4333/mirror-assets/6f310ffb9f2e8fd6.js:1:1452
    at Array.reduce (<anonymous>)
    at __webpack_require__.e (http://localhost:4333/mirror-assets/6f310ffb9f2e8fd6.js:1:1413)
    at text-editor.default (http://localhost:4333/mirror-assets/8116d106bfdf4246.js:1:17370)
    at http://localhost:4333/mirror-assets/8116d106bfdf4246.js:1:18452
    at _runHook (http://localhost:4333/mirror-assets/8116d106bfdf4246.js:1:15071)
    at Object.doAction (http://localhost:4333/mirror-assets/8116d106bfdf4246.js:1:15673)
    at e.exports.runReadyTrigger (http://localhost:4333/mirror-assets/8116d106bfdf4246.js:1:19800)
    at http://localhost:4333/mirror-assets/678fdc52c3b3d57b.js:1:12410
[     198ms] ChunkLoadError: Loading chunk 212 failed.
(error: https://sorrisoesalutemonza.it/mirror-assets/missing.svgjs/text-editor.45609661e409413f1cef.bundle.min.js)
    at __webpack_require__.f.j (http://localhost:4333/mirror-assets/6f310ffb9f2e8fd6.js:1:4987)
    at http://localhost:4333/mirror-assets/6f310ffb9f2e8fd6.js:1:1452
    at Array.reduce (<anonymous>)
    at __webpack_require__.e (http://localhost:4333/mirror-assets/6f310ffb9f2e8fd6.js:1:1413)
    at text-editor.default (http://localhost:4333/mirror-assets/8116d106bfdf4246.js:1:17370)
    at http://localhost:4333/mirror-assets/8116d106bfdf4246.js:1:18452
    at _runHook (http://localhost:4333/mirror-assets/8116d106bfdf4246.js:1:15071)
    at Object.doAction (http://localhost:4333/mirror-assets/8116d106bfdf4246.js:1:15673)
    at e.exports.runReadyTrigger (http://localhost:4333/mirror-assets/8116d106bfdf4246.js:1:19800)
    at http://localhost:4333/mirror-assets/678fdc52c3b3d57b.js:1:12410
[     198ms] ChunkLoadError: Loading chunk 212 failed.
(error: https://sorrisoesalutemonza.it/mirror-assets/missing.svgjs/text-editor.45609661e409413f1cef.bundle.min.js)
    at __webpack_require__.f.j (http://localhost:4333/mirror-assets/6f310ffb9f2e8fd6.js:1:4987)
    at http://localhost:4333/mirror-assets/6f310ffb9f2e8fd6.js:1:1452
    at Array.reduce (<anonymous>)
    at __webpack_require__.e (http://localhost:4333/mirror-assets/6f310ffb9f2e8fd6.js:1:1413)
    at text-editor.default (http://localhost:4333/mirror-assets/8116d106bfdf4246.js:1:17370)
    at http://localhost:4333/mirror-assets/8116d106bfdf4246.js:1:18452
    at _runHook (http://localhost:4333/mirror-assets/8116d106bfdf4246.js:1:15071)
    at Object.doAction (http://localhost:4333/mirror-assets/8116d106bfdf4246.js:1:15673)
    at e.exports.runReadyTrigger (http://localhost:4333/mirror-assets/8116d106bfdf4246.js:1:19800)
    at http://localhost:4333/mirror-assets/678fdc52c3b3d57b.js:1:12410
[     198ms] ChunkLoadError: Loading chunk 177 failed.
(error: https://sorrisoesalutemonza.it/mirror-assets/missing.svgjs/image-carousel.6167d20b95b33386757b.bundle.min.js)
    at __webpack_require__.f.j (http://localhost:4333/mirror-assets/6f310ffb9f2e8fd6.js:1:4987)
    at http://localhost:4333/mirror-assets/6f310ffb9f2e8fd6.js:1:1452
    at Array.reduce (<anonymous>)
    at __webpack_require__.e (http://localhost:4333/mirror-assets/6f310ffb9f2e8fd6.js:1:1413)
    at image-carousel.default (http://localhost:4333/mirror-assets/8116d106bfdf4246.js:1:17314)
    at http://localhost:4333/mirror-assets/8116d106bfdf4246.js:1:18452
    at _runHook (http://localhost:4333/mirror-assets/8116d106bfdf4246.js:1:15071)
    at Object.doAction (http://localhost:4333/mirror-assets/8116d106bfdf4246.js:1:15673)
    at e.exports.runReadyTrigger (http://localhost:4333/mirror-assets/8116d106bfdf4246.js:1:19800)
    at http://localhost:4333/mirror-assets/678fdc52c3b3d57b.js:1:12410
